s0 684 731
s1 685 732
s2 686 733
s3 687 734
s4 688 735
s5 689 736
s6 690 737
s7 691 738
s8 692 739
s9 693 740
s10 741 790
s11 742 791
s12 743 792
s13 793 846
s14 794 847
s15 795 848
s16 796 849
s17 797 850
s18 798 851
s19 799 852
s20 853 902
s21 903 949
s22 903 950
s23 950 997
s24 997 1043
s25 1043 1077
s26 1077 1078
s27 1078 1079
s28 1111 1079
s29 1112 1080
s30 1113 1081
s31 1114 1082
s32 1115 1083
s33 1116 1084
s34 1117 1085
s35 1118 1086
s36 1119 1086
s37 1120 1086
s38 1121 1087
s39 1120 1087
s40 1121 1120
s41 1122 1121
s42 1123 1122
s43 1124 1123
s44 1125 1124
s45 1126 1125
s46 1127 1126
s47 1128 1127
s48 1088 1128
s49 1047 1088
s50 1001 1047
s51 954 1001
s52 907 954
s53 908 907
s54 909 908
s55 910 909
s56 911 910
s57 912 911
s58 913 912
s59 914 913
s60 915 914
s61 916 915
s62 917 916
s63 917 869
t 0.5086077470004966 s