s0 1495 1447
s1 1539 1496
s2 1540 1496
s3 1580 1540
s4 1618 1580
s5 1655 1618
s6 1692 1655
s7 1691 1692
s8 1690 1691
s9 1731 1690
s10 1730 1731
s11 1729 1730
s12 1728 1729
s13 1727 1728
s14 1726 1727
s15 1774 1726
s16 1773 1774
s17 1772 1773
s18 1771 1772
s19 1770 1771
s20 1769 1770
s21 1768 1769
s22 1767 1768
s23 1766 1767
s24 1820 1766
s25 1819 1820
s26 1818 1819
s27 1817 1818
s28 1816 1817
s29 1815 1816
s30 1874 1815
s31 1873 1874
s32 1872 1873
s33 1871 1872
s34 1870 1871
s35 1869 1870
s36 1930 1869
s37 1929 1930
s38 1928 1929
s39 1927 1928
s40 1926 1927
s41 1925 1926
s42 1924 1925
s43 1923 1924
s44 1922 1923
s45 1921 1922
s46 1920 1921
s47 1919 1920
s48 1918 1919
s49 1917 1918
s50 1916 1917
s51 1915 1916
s52 1914 1915
s53 1913 1914
s54 1912 1913
s55 1911 1912
s56 1910 1911
s57 1909 1910
s58 1908 1909
s59 1907 1908
s60 1968 1969
s61 2029 2030
s62 2090 2091
s63 2151 2091
t 0.48570120200000133 s