s0 562 611
s1 514 561
s2 472 513
s3 430 471
s4 388 429
s5 346 387
s6 290 345
s7 229 289
s8 228 288
s9 227 287
s10 226 286
s11 225 285
s12 224 284
s13 223 283
s14 222 282
s15 221 281
s16 220 280
s17 219 279
s18 218 278
s19 217 277
s20 216 276
s21 215 275
s22 214 274
s23 213 273
s24 212 272
s25 211 271
s26 210 270
s27 209 269
s28 208 268
s29 207 267
s30 206 266
s31 205 265
s32 204 264
s33 203 263
s34 202 262
s35 201 261
s36 200 260
s37 199 259
s38 198 258
s39 197 257
s40 196 256
s41 195 255
s42 194 254
s43 193 253
s44 192 252
s45 191 251
s46 190 250
s47 189 249
s48 188 248
s49 187 247
s50 186 246
s51 185 245
s52 184 244
s53 183 244
s54 122 183
s55 183 122
t 0.05459230300039053 s