s0 442 485
s1 441 484
s2 440 483
s3 439 482
s4 438 481
s5 437 480
s6 436 479
s7 435 478
s8 434 477
s9 433 476
s10 432 475
s11 431 474
s12 430 473
s13 429 472
s14 428 471
s15 470 513
s16 512 561
s17 560 611
s18 559 610
s19 609 659
s20 658 707
s21 706 757
s22 756 811
s23 810 861
s24 860 908
s25 907 955
s26 954 1002
s27 1001 1048
s28 1047 1089
s29 1088 1129
s30 1128 1165
s31 1127 1164
s32 1163 1197
s33 1196 1227
s34 1226 1256
s35 1255 1290
s36 1289 1333
s37 1332 1383
s38 1382 1437
s39 1436 1490
s40 1489 1490
s41 1488 1489
s42 1487 1488
s43 1486 1487
s44 1535 1486
s45 1579 1535
s46 1617 1579
s47 1653 1617
s48 1654 1653
s49 1689 1654
s50 1725 1689
t 0.5447982130000071 s