s0 95 157
s1 94 156
s2 93 155
s3 92 154
s4 91 153
s5 90 152
s6 89 151
s7 88 150
s8 87 149
s9 86 148
s10 85 147
s11 84 146
s12 83 145
s13 82 144
s14 81 143
s15 80 142
s16 79 141
s17 78 140
s18 77 139
s19 76 138
s20 75 137
s21 74 136
s22 135 197
s23 196 258
s24 257 319
s25 318 369
s26 368 411
s27 410 453
s28 452 495
s29 494 541
s30 540 591
s31 590 641
s32 640 690
s33 689 738
s34 737 788
s35 787 842
s36 841 892
s37 891 939
s38 938 986
s39 985 1032
s40 1031 1071
s41 1070 1107
s42 1106 1143
s43 1142 1179
s44 1178 1211
s45 1210 1241
s46 1240 1275
s47 1274 1314
s48 1313 1314
s49 1312 1313
s50 1311 1312
s51 1310 1311
s52 1309 1310
s53 1308 1309
s54 1307 1308
s55 1307 1271
s56 1307 1270
t 1.4273079939994204 s