s0 1666 1628
s1 1629 1590
s2 1591 1550
s3 1551 1506
s4 1507 1457
s5 1458 1405
s6 1406 1350
s7 1407 1351
s8 1408 1352
s9 1409 1353
s10 1410 1354
s11 1411 1355
s12 1412 1356
s13 1357 1356
s14 1358 1357
s15 1359 1358
s16 1360 1359
s17 1361 1360
s18 1362 1361
s19 1363 1362
s20 1364 1363
s21 1365 1364
s22 1366 1365
s23 1367 1366
s24 1368 1367
s25 1369 1368
s26 1370 1369
s27 1371 1370
s28 1372 1371
s29 1373 1372
s30 1374 1373
s31 1375 1374
s32 1376 1375
s33 1377 1376
s34 1377 1327
t 0.03332205500009877 s