s0 710 661
s1 709 660
s2 708 659
s3 707 658
s4 706 657
s5 705 656
s6 704 655
s7 703 654
s8 702 653
s9 701 652
s10 700 651
s11 699 650
s12 698 649
s13 748 697
s14 802 747
s15 856 801
s16 906 855
s17 905 855
s18 953 905
s19 952 953
s20 999 952
s21 1044 999
s22 1085 1044
s23 1084 1085
s24 1083 1084
s25 1082 1083
s26 1081 1082
s27 1080 1081
s28 1079 1080
s29 1078 1079
s30 1077 1078
s31 1043 1077
s32 997 1043
s33 950 997
s34 903 950
s35 853 903
s36 852 853
s37 852 799
s38 852 798
t 0.29279078599938657 s