s0 677 627
s1 628 577
s2 578 529
s3 530 487
s4 488 445
s5 446 403
s6 404 361
s7 362 305
s8 306 244
s9 307 245
s10 308 246
s11 309 247
s12 310 248
s13 311 249
s14 312 250
s15 313 251
s16 314 252
s17 315 253
s18 316 254
s19 317 255
s20 318 256
s21 319 257
s22 320 258
s23 321 259
s24 322 260
s25 323 261
s26 324 262
s27 325 263
s28 326 264
s29 327 265
s30 328 266
s31 329 267
s32 330 268
s33 331 269
s34 332 270
s35 333 271
s36 272 271
s37 273 272
s38 274 273
s39 275 274
s40 276 275
s41 277 276
s42 278 277
s43 279 278
s44 280 279
s45 281 280
s46 282 281
s47 283 282
s48 284 283
s49 285 284
s50 286 285
s51 287 286
s52 288 287
s53 289 288
s54 290 289
s55 291 290
s56 292 291
s57 293 292
s58 294 293
s59 295 294
s60 296 295
s61 297 296
s62 353 352
s63 395 394
s64 437 436
s65 479 478
s66 521 520
s67 569 568
s68 619 618
t 0.230034797999906 s