s0 555 214 224 334
s1 554 213 223 275
s2 553 212 222 274
s3 552 211 221 273
s4 551 210 220 272
s5 601 209 219 271
s6 600 208 218 270
s7 649 207 217 269
s8 697 206 216 268
s9 747 205 215 329
s10 801 204 276 379
s11 801 203 275 421
s12 801 202 275 463
s13 801 201 275 505
s14 801 200 274 547
s15 855 199 273 596
s16 905 260 272 645
s17 953 321 271 694
s18 952 320 270 744
s19 999 319 269 798
s20 1044 318 268 797
s21 1085 368 329 851
s22 1084 367 328 851
s23 1083 366 327 851
s24 1082 365 326 851
s25 1081 407 376 901
s26 1080 449 418 948
s27 1079 491 460 995
s28 1078 537 502 1041
s29 1077 536 501 1041
s30 1076 586 501 1041
s31 1075 636 501 1041
s32 1074 636 501 1041
s33 1040 635 500 1075
s34 1039 634 499 1108
s35 1038 633 498 1144
s36 1037 632 497 1180
s37 1036 631 496 1213
s38 1035 630 495 1212
s39 1034 679 494 1242
s40 1033 727 540 1276
s41 1032 777 590 1319
s42 1071 831 640 1368
s43 1070 881 689 1367
s44 1106 928 737 1366
s45 1142 975 787 1365
s46 1178 1021 841 1364
s47 1210 1060 891 1363
s48 1240 1098 938 1417
s49 1274 1138 985 1466
s50 1313 1174 1031 1513
s51 1312 1206 1070 1557
s52 1311 1236 1106 1597
s53 1310 1266 1142 1596
s54 1309 1303 1178 1637
s55 1308 1349 1210 1677
s56 1307 1404 1240 1676
s57 1306 1456 1274 1675
s58 1305 1505 1313 1674
s59 1304 1505 1312 1673
s60 1303 1505 1311 1672
s61 1302 1505 1310 1709
s62 1348 1505 1309 1750
s63 1403 1505 1308 1798
s64 1455 1505 1307 1852
s65 1504 1505 1306 1852
s66 1548 1505 1305 1852
s67 1588 1505 1304 1911
s68 1626 1505 1350 1972
s69 1663 1505 1405 2033
s70 1700 1505 1457 2094
s71 1741 1505 1506 2155
s72 1789 1505 1550 2155
s73 1843 1505 1590 2155
s74 1902 1505 1590 2155
s75 1963 1505 1590 2155
s76 2024 1505 1590 2155
t 0.4675415329993484 s