s0 623 473 174 1132
s1 622 472 173 1132
s2 621 471 172 1132
s3 670 470 233 1168
s4 718 512 294 1200
s5 768 560 350 1230
s6 822 559 392 1260
s7 822 558 391 1260
s8 822 557 390 1260
s9 822 556 432 1260
s10 822 555 431 1260
s11 822 554 473 1260
s12 822 553 472 1260
s13 822 552 514 1260
s14 822 551 562 1260
s15 822 601 561 1260
s16 822 600 611 1260
s17 822 649 660 1260
s18 822 697 659 1260
s19 822 747 707 1260
s20 822 801 757 1260
s21 822 855 811 1260
s22 822 905 861 1260
s23 822 953 908 1260
s24 822 952 955 1260
s25 822 999 955 1260
s26 822 1044 955 1260
s27 822 1085 955 1260
s28 821 1084 954 1230
s29 820 1084 1001 1230
s30 820 1084 1047 1230
s31 819 1084 1088 1200
s32 818 1084 1128 1200
s33 818 1083 1127 1200
s34 817 1082 1126 1168
s35 816 1081 1125 1132
s36 815 1080 1124 1131
s37 865 1080 1160 1167
s38 912 1080 1160 1167
s39 959 1079 1159 1168
s40 1006 1079 1159 1200
s41 1006 1079 1123 1200
s42 1006 1078 1122 1200
s43 1006 1078 1122 1168
s44 1005 1077 1121 1132
s45 1051 1043 1157 1168
s46 1050 1042 1156 1167
s47 1050 1042 1120 1167
s48 1050 1042 1156 1131
s49 1050 1043 1156 1167
s50 1050 997 1156 1167
s51 1050 996 1120 1167
s52 1050 1042 1087 1167
s53 1050 1042 1120 1131
s54 1050 1042 1156 1091
s55 1050 1042 1156 1053
s56 1050 1042 1156 1014
s57 1049 1041 1155 1013
s58 1048 1040 1154 1012
s59 1047 1039 1153 1011
s60 1088 1039 1153 965
s61 1128 1039 1153 964
s62 1127 1038 1152 963
s63 1126 1037 1151 962
s64 1125 1036 1150 961
s65 1124 1035 1149 960
s66 1123 1034 1148 959
s67 1122 1033 1147 958
s68 1121 1032 1146 957
s69 1120 1031 1145 956
s70 1087 1070 1181 955
s71 1086 1069 1180 954
s72 1085 1069 1180 1001
s73 1084 1069 1180 1047
s74 1084 1069 1180 1088
s75 1084 1069 1180 1128
s76 1083 1069 1180 1127
s77 1082 1069 1180 1126
s78 1081 1069 1180 1125
s79 1080 1069 1180 1124
s80 1079 1069 1180 1123
s81 1078 1069 1180 1122
s82 1077 1069 1180 1121
s83 1043 1069 1180 1120
s84 997 1069 1180 1119
s85 950 1069 1180 1118
s86 949 1069 1180 1117
s87 948 1069 1213 1116
s88 947 1068 1212 1115
s89 946 1067 1242 1114
s90 945 1066 1276 1113
s91 944 1065 1319 1112
s92 943 1064 1368 1111
s93 942 1063 1367 1110
s94 941 1101 1366 1109
s95 940 1141 1365 1108
s96 939 1177 1364 1144
s97 938 1209 1363 1144
s98 937 1239 1362 1180
s99 936 1269 1361 1213
s100 935 1269 1360 1212
s101 935 1269 1359 1242
s102 935 1269 1358 1276
s103 935 1269 1357 1319
s104 935 1269 1412 1368
s105 935 1269 1411 1367
s106 935 1269 1410 1366
s107 935 1269 1409 1365
s108 935 1269 1408 1364
s109 935 1269 1460 1363
s110 935 1269 1509 1362
s111 935 1269 1553 1416
s112 935 1269 1593 1416
s113 935 1269 1631 1416
s114 935 1269 1668 1416
s115 935 1269 1705 1416
t 1.721950285000048 s