s0 461 788 583 504
s1 462 789 584 505
s2 463 790 585 506
s3 464 791 586 548
s4 506 792 587 597
s5 548 793 588 646
s6 597 794 589 695
s7 646 795 590 745
s8 695 796 591 799
s9 745 797 592 853
s10 799 798 593 903
s11 853 799 594 950
s12 903 853 644 997
s13 950 903 693 1043
s14 997 950 741 1077
s15 1043 997 742 1078
s16 1077 1043 743 1079
s17 1078 1077 793 1080
s18 1079 1078 794 1081
s19 1080 1079 795 1082
s20 1081 1080 796 1083
s21 1082 1081 797 1084
s22 1083 1082 798 1085
s23 1084 1083 799 1086
s24 1085 1084 853 1119
s25 1086 1085 903 1155
s26 1119 1086 950 1191
s27 1155 1119 997 1224
s28 1191 1155 1043 1254
s29 1224 1191 1077 1288
s30 1254 1224 1078 1288
s31 1288 1254 1111 1288
s32 1331 1288 1147 1288
s33 1380 1331 1183 1288
s34 1381 1380 1216 1288
s35 1435 1381 1246 1288
s36 1484 1435 1280 1288
s37 1531 1484 1323 1288
s38 1532 1531 1372 1288
s39 1533 1532 1426 1288
s40 1534 1533 1475 1288
s41 1535 1534 1522 1288
s42 1579 1535 1566 1288
s43 1617 1579 1606 1288
s44 1653 1617 1647 1288
s45 1654 1653 1647 1288
s46 1654 1654 1647 1288
s47 1654 1689 1647 1288
s48 1654 1725 1647 1288
s49 1654 1766 1647 1288
s50 1654 1820 1647 1288
s51 1654 1819 1647 1288
s52 1654 1818 1647 1288
s53 1654 1817 1687 1288
s54 1654 1876 1724 1288
s55 1654 1937 1765 1288
s56 1654 1998 1813 1288
s57 1654 2059 1814 1288
s58 1654 2120 1868 1288
s59 1654 2181 1927 1288
s60 1654 2181 1988 1288
s61 1654 2181 2049 1288
s62 1654 2181 2110 1288
s63 1654 2181 2171 1288
t 0.27706802700049593 s