s0 723 303 719 867
s1 675 242 671 817
s2 626 181 622 816
s3 576 180 572 815
s4 528 179 524 814
s5 486 178 523 813
s6 444 177 522 812
s7 402 176 521 811
s8 360 175 520 810
s9 304 174 519 809
s10 303 173 518 808
s11 302 172 517 807
s12 301 171 516 806
s13 300 170 515 805
s14 299 169 514 804
s15 298 168 513 803
s16 297 167 512 802
s17 296 166 470 802
s18 295 165 470 802
s19 294 164 470 802
s20 293 163 470 802
s21 292 162 470 802
s22 291 161 470 802
s23 290 160 470 802
s24 289 159 470 802
s25 288 158 470 802
s26 287 157 470 802
s27 286 156 470 802
s28 285 155 470 802
s29 284 154 470 802
s30 283 153 470 802
s31 282 152 428 802
s32 281 151 386 801
s33 280 150 344 801
s34 279 149 288 801
s35 278 148 227 801
s36 277 147 166 801
s37 276 146 165 801
s38 275 145 164 801
s39 275 144 103 801
s40 275 143 102 801
s41 275 142 41 801
s42 275 142 40 801
s43 275 142 39 801
s44 275 142 38 801
s45 275 142 37 801
s46 275 142 36 801
s47 275 142 35 801
s48 275 142 34 801
s49 275 142 33 801
s50 275 142 32 801
s51 275 142 31 801
s52 275 141 30 801
s53 275 140 29 801
s54 275 139 28 801
s55 275 138 27 801
s56 275 137 26 801
s57 275 136 25 801
s58 275 135 24 801
s59 275 134 23 801
s60 275 133 22 801
s61 275 132 21 801
s62 274 131 20 747
s63 273 130 19 747
s64 272 129 18 697
s65 271 128 17 697
s66 332 128 17 747
s67 331 127 16 697
s68 330 126 15 649
s69 380 126 76 697
s70 422 126 137 747
s71 464 126 198 801
s72 506 126 259 855
s73 506 65 259 855
s74 506 126 259 801
s75 505 125 258 747
s76 505 64 258 747
s77 505 125 258 697
s78 504 125 197 649
s79 504 125 136 649
s80 504 64 136 649
s81 504 125 136 600
s82 462 125 75 600
s83 462 64 75 600
s84 462 125 136 600
s85 504 126 136 649
s86 504 65 136 649
s87 504 64 136 600
s88 504 125 197 600
s89 462 125 196 600
s90 504 125 257 649
s91 504 64 257 649
s92 504 125 257 600
s93 504 124 257 649
s94 504 125 258 649
s95 504 64 197 649
s96 546 125 197 697
s97 546 64 197 697
s98 546 125 197 649
s99 504 186 136 649
s100 504 186 136 600
s101 462 186 75 600
s102 462 186 136 600
s103 504 186 197 649
s104 504 187 136 649
s105 504 126 136 600
s106 462 126 75 600
s107 504 126 76 649
s108 504 65 76 649
s109 504 126 76 600
s110 462 126 15 600
s111 462 65 15 600
s112 462 126 76 600
s113 504 126 137 649
s114 504 127 76 649
s115 504 66 76 649
s116 504 65 76 600
s117 504 126 137 600
s118 462 126 136 600
s119 504 126 197 649
s120 504 127 136 649
s121 504 66 136 649
s122 504 65 136 600
s123 504 64 197 600
s124 504 125 258 600
s125 462 125 197 600
s126 504 126 197 600
s127 546 125 197 600
s128 504 186 197 600
s129 462 186 196 600
s130 504 186 257 649
s131 504 125 318 649
s132 504 126 257 649
s133 504 65 257 649
s134 504 64 257 600
s135 504 125 318 600
s136 462 125 257 600
s137 504 124 257 600
s138 462 124 196 600
s139 462 63 196 600
s140 462 64 196 600
s141 462 3 196 600
s142 504 3 197 649
s143 504 3 136 649
s144 504 3 136 600
s145 462 64 136 600
s146 462 3 75 600
s147 462 3 136 600
s148 504 4 136 649
s149 504 65 137 649
s150 504 126 198 649
s151 504 65 197 649
s152 504 64 258 649
s153 504 125 319 649
s154 504 64 318 649
s155 504 125 368 649
s156 504 125 367 649
s157 504 64 367 649
s158 504 125 367 600
s159 462 125 317 600
s160 462 64 317 600
s161 462 125 318 600
s162 504 126 257 600
s163 462 126 196 600
s164 462 65 196 600
s165 462 64 197 600
s166 462 125 258 600
s167 504 186 257 600
s168 504 185 257 649
s169 504 124 318 649
s170 546 125 318 697
s171 546 64 318 697
s172 546 125 318 649
s173 504 126 318 649
s174 504 127 257 649
s175 504 126 258 649
s176 505 125 258 649
s177 504 186 258 649
s178 546 125 258 697
s179 546 126 197 697
s180 546 65 197 697
s181 546 64 197 649
s182 546 125 258 649
s183 546 126 197 649
s184 504 127 197 649
s185 504 127 136 600
s186 462 127 75 600
s187 504 127 76 600
s188 462 127 15 600
s189 504 127 16 649
s190 504 66 16 649
s191 504 127 16 600
s192 504 127 77 649
s193 504 128 16 649
s194 504 67 16 649
s195 504 66 16 600
s196 504 127 77 600
s197 462 127 16 600
s198 504 188 16 649
s199 504 188 16 600
s200 462 187 15 600
s201 504 187 76 649
s202 504 187 76 600
s203 462 187 75 600
s204 504 187 136 600
s205 504 187 137 649
s206 505 126 137 697
s207 505 126 137 747
s208 505 65 137 747
s209 505 126 198 747
s210 505 127 137 747
s211 505 66 137 747
s212 505 65 137 697
s213 505 126 137 649
s214 504 127 137 649
s215 546 126 137 697
s216 546 65 137 697
s217 546 126 137 649
s218 546 126 198 697
s219 546 127 137 697
s220 546 66 137 697
s221 504 66 137 649
s222 504 65 137 600
s223 504 126 198 600
s224 462 126 137 600
s225 504 127 137 600
s226 505 126 137 600
s227 504 187 137 600
s228 546 126 137 600
s229 546 65 137 649
s230 504 4 76 649
s231 504 4 76 600
s232 462 65 75 600
s233 462 4 75 600
s234 462 65 76 600
s235 504 66 76 600
s236 462 127 76 600
s237 504 128 76 649
s238 504 67 76 649
s239 504 66 77 649
s240 504 127 138 649
s241 504 128 77 649
s242 504 128 16 600
s243 462 128 15 600
s244 504 128 76 600
s245 462 128 75 600
s246 504 128 136 649
s247 504 67 136 649
s248 504 66 136 600
s249 504 65 197 600
s250 504 64 258 600
s251 504 125 319 600
s252 504 64 318 600
s253 504 125 368 600
s254 462 125 367 600
s255 504 124 367 649
s256 504 125 409 649
s257 504 126 367 649
s258 504 65 367 649
s259 504 64 367 600
s260 504 125 409 600
s261 504 124 367 600
s262 462 124 317 600
s263 504 124 318 600
s264 546 125 318 600
s265 504 186 318 649
s266 504 187 257 649
s267 504 187 257 600
s268 504 126 258 600
s269 505 125 258 600
s270 504 186 258 600
s271 546 125 258 600
s272 546 64 197 600
s273 504 3 197 600
s274 504 4 136 600
s275 462 65 136 600
s276 462 126 197 600
s277 504 187 197 649
s278 546 186 197 697
s279 546 186 197 649
s280 504 247 136 649
s281 504 247 136 600
s282 462 247 75 600
s283 462 247 136 600
s284 504 247 197 649
s285 504 248 136 649
s286 504 248 136 600
s287 504 187 197 600
s288 462 186 197 600
s289 504 247 197 600
s290 546 186 197 600
s291 546 186 258 649
s292 546 186 258 697
s293 546 125 319 697
s294 546 64 258 697
s295 546 3 197 697
s296 546 3 197 649
s297 504 4 197 649
s298 504 65 198 649
s299 504 126 259 649
s300 504 65 258 649
s301 504 65 257 600
s302 504 126 318 600
s303 462 126 257 600
s304 504 127 257 600
s305 462 127 196 600
s306 504 127 197 600
s307 546 126 197 600
s308 546 65 197 649
s309 546 126 258 697
s310 546 127 197 697
s311 546 66 197 697
s312 504 66 197 649
s313 504 127 198 649
s314 505 126 198 697
s315 463 125 197 697
s316 463 64 197 697
s317 463 125 197 649
s318 421 125 136 649
s319 421 64 136 649
s320 421 125 136 600
s321 463 125 197 600
s322 421 125 197 649
s323 463 125 258 697
s324 505 125 319 747
s325 505 126 258 747
s326 505 65 258 747
s327 505 64 258 697
s328 505 125 319 697
s329 463 125 318 697
s330 505 125 368 747
s331 505 64 368 747
s332 505 125 368 697
s333 505 125 410 747
s334 505 126 368 747
s335 505 65 368 747
s336 505 64 368 697
s337 504 64 368 649
s338 504 125 410 649
s339 504 64 409 649
s340 504 125 451 649
s341 504 124 409 649
s342 546 125 409 697
s343 546 64 409 697
s344 546 125 409 649
s345 504 186 367 649
s346 504 185 367 649
s347 504 186 367 600
s348 462 186 317 600
s349 504 186 318 600
s350 462 186 257 600
s351 504 247 257 649
s352 504 246 257 649
s353 504 185 257 600
s354 462 124 257 600
s355 504 63 257 649
s356 504 63 257 600
s357 462 64 257 600
s358 504 3 257 649
s359 504 3 257 600
s360 504 3 318 649
s361 546 64 318 649
s362 546 125 368 697
s363 546 124 318 697
s364 546 124 318 649
s365 504 185 318 649
s366 504 186 319 649
s367 505 125 319 649
s368 504 126 319 649
s369 546 125 319 649
s370 546 64 258 649
s371 546 65 258 697
s372 546 126 258 649
s373 504 127 258 649
s374 505 126 258 697
s375 463 126 197 697
s376 463 65 197 697
s377 505 65 198 747
s378 505 126 259 747
s379 505 127 198 747
s380 505 127 137 697
s381 463 126 76 697
s382 463 65 76 697
s383 463 126 76 649
s384 421 126 15 649
s385 421 65 15 649
s386 421 126 15 600
s387 463 126 76 600
s388 462 187 76 600
s389 504 188 76 649
s390 504 188 76 600
s391 462 188 15 600
s392 462 188 16 600
s393 504 188 77 649
s394 505 127 77 697
s395 505 127 77 747
s396 505 66 77 747
s397 505 127 138 747
s398 505 128 77 747
s399 505 67 77 747
s400 505 66 77 697
s401 505 127 77 649
s402 463 127 16 697
s403 463 66 16 697
s404 463 127 16 649
s405 421 127 15 649
s406 463 127 76 697
s407 463 126 137 697
s408 505 187 137 747
s409 505 187 137 697
s410 463 187 76 697
s411 463 187 76 649
s412 463 126 137 649
s413 505 65 137 649
s414 504 4 137 649
s415 504 5 76 649
s416 504 5 76 600
s417 504 4 137 600
s418 504 65 198 600
s419 504 126 259 600
s420 462 126 198 600
s421 504 187 198 649
s422 505 126 198 649
s423 505 126 137 650
s424 505 127 137 649
s425 504 188 136 649
s426 504 188 136 600
s427 462 127 136 600
s428 504 128 136 600
s429 504 128 137 649
s430 546 127 137 649
s431 504 188 137 649
s432 505 187 137 649
s433 504 248 76 649
s434 504 248 76 600
s435 462 248 75 600
s436 462 187 136 600
s437 462 188 75 600
s438 462 188 76 600
s439 504 189 76 649
s440 504 189 76 600
s441 504 128 77 600
s442 504 127 138 600
s443 462 127 77 600
s444 504 66 77 600
s445 505 127 77 600
s446 504 188 77 600
s447 546 127 77 649
s448 546 127 77 697
s449 546 66 77 697
s450 546 127 138 697
s451 546 128 77 697
s452 546 67 77 697
s453 504 67 77 649
s454 504 66 138 649
s455 504 66 137 600
s456 504 127 198 600
s457 505 126 198 600
s458 504 187 198 600
s459 546 126 198 649
s460 546 127 197 649
s461 504 128 197 649
s462 504 129 136 649
s463 504 68 136 649
s464 504 67 136 600
s465 504 66 197 600
s466 504 65 258 600
s467 504 126 319 600
s468 462 125 319 600
s469 504 186 319 600
s470 505 125 319 600
s471 505 125 258 601
s472 505 125 258 650
s473 463 125 258 649
s474 505 186 258 697
s475 505 186 258 747
s476 505 186 319 747
s477 547 125 319 801
s478 547 125 319 747
s479 505 126 319 747
s480 505 127 258 747
s481 505 66 258 747
s482 505 65 258 697
s483 505 64 258 649
s484 463 64 197 649
s485 463 3 197 697
s486 463 64 258 697
s487 463 125 319 697
s488 463 125 318 649
s489 505 125 368 649
s490 504 126 368 649
s491 504 126 367 600
s492 462 126 317 600
s493 462 65 317 600
s494 504 65 318 649
s495 546 126 318 697
s496 546 65 318 697
s497 546 64 368 697
s498 546 125 368 649
s499 504 186 368 649
s500 504 187 318 649
s501 546 186 318 697
s502 546 185 318 697
s503 546 186 318 649
s504 504 247 318 649
s505 504 247 257 600
s506 462 247 196 600
s507 462 246 196 600
s508 462 185 196 600
s509 462 185 257 600
s510 462 124 318 600
s511 462 125 368 600
s512 504 64 368 600
s513 504 125 410 600
s514 462 125 409 600
s515 504 126 409 649
s516 504 127 367 649
s517 504 66 367 649
s518 504 65 367 600
s519 504 64 409 600
s520 504 125 451 600
s521 504 124 409 600
s522 546 125 409 600
s523 504 186 409 649
s524 504 187 367 649
s525 504 187 367 600
s526 504 126 368 600
s527 505 125 368 600
s528 504 186 368 600
s529 546 125 368 600
s530 546 64 318 600
s531 504 3 318 600
s532 462 64 318 600
s533 504 65 318 600
s534 462 126 318 600
s535 504 127 318 649
s536 546 126 318 649
s537 546 126 319 697
s538 547 125 319 697
s539 505 126 319 697
s540 505 126 258 649
s541 504 187 258 649
s542 505 186 258 649
s543 504 247 258 649
s544 504 248 197 649
s545 546 187 197 697
s546 546 187 197 649
s547 504 188 197 649
s548 504 189 136 649
s549 504 189 136 600
s550 504 128 137 600
s551 462 127 137 600
s552 504 188 137 600
s553 462 187 137 600
s554 504 248 137 649
s555 546 187 137 697
s556 546 187 137 649
s557 546 187 198 697
s558 546 126 259 697
s559 546 65 198 697
s560 547 126 198 747
s561 547 126 198 801
s562 547 65 198 801
s563 547 126 259 801
s564 547 127 198 801
s565 547 66 198 801
s566 505 66 198 747
s567 505 65 198 697
s568 505 126 259 697
s569 463 126 198 697
s570 505 187 198 747
s571 505 188 137 747
s572 505 188 137 697
s573 505 127 138 697
s574 463 127 77 697
s575 505 188 77 747
s576 505 188 77 697
s577 463 188 16 697
s578 463 188 16 649
s579 463 127 16 600
s580 462 66 15 600
s581 462 5 15 600
s582 462 4 15 600
s583 462 4 76 600
s584 462 65 137 600
s585 463 126 137 600
s586 463 126 76 601
s587 505 126 137 601
s588 505 65 137 600
s589 463 65 76 649
s590 421 126 76 649
s591 463 127 76 649
s592 463 66 76 697
s593 463 65 137 697
s594 505 4 137 747
s595 505 4 137 697
s596 463 4 76 697
s597 463 4 76 649
s598 463 65 76 600
s599 462 66 75 600
s600 462 5 75 600
s601 504 5 136 649
s602 504 5 136 600
s603 504 4 197 600
s604 462 3 197 600
s605 462 64 258 600
s606 463 125 258 600
s607 462 126 258 600
s608 504 127 258 600
s609 505 126 258 600
s610 504 187 258 600
s611 462 186 258 600
s612 504 247 258 600
s613 505 186 258 600
s614 463 186 197 649
s615 463 186 197 697
s616 463 186 258 697
s617 505 187 258 747
s618 505 187 258 697
s619 505 186 319 697
s620 463 186 318 697
s621 505 186 368 747
s622 505 185 368 747
s623 505 186 368 697
s624 505 125 410 697
s625 463 125 368 697
s626 505 126 368 697
s627 463 126 318 697
s628 463 65 318 697
s629 463 64 318 697
s630 463 3 318 697
s631 463 64 318 649
s632 463 125 318 600
s633 462 186 318 600
s634 504 185 318 600
s635 546 124 318 600
s636 546 125 319 600
s637 546 64 258 600
s638 546 3 197 600
s639 546 4 197 649
s640 546 4 197 697
s641 546 4 198 697
s642 546 4 137 697
s643 546 4 137 649
s644 504 4 198 649
s645 504 65 259 649
s646 504 126 320 649
s647 504 65 319 649
s648 504 126 369 649
s649 504 65 368 649
s650 504 126 410 649
s651 504 126 409 600
s652 462 126 367 600
s653 504 127 367 600
s654 462 127 317 600
s655 504 127 318 600
s656 546 126 318 600
s657 504 187 318 600
s658 546 186 318 600
s659 504 247 318 600
s660 462 247 257 600
s661 504 248 257 649
s662 504 248 257 600
s663 462 187 196 600
s664 462 187 197 600
s665 504 188 197 600
s666 462 127 197 600
s667 504 128 197 600
s668 546 127 197 600
s669 546 126 198 600
s670 546 65 137 600
s671 546 65 198 649
s672 504 66 198 649
s673 504 127 199 649
s674 504 128 138 649
s675 505 127 138 649
s676 504 188 138 649
s677 546 127 138 649
s678 546 127 77 600
s679 546 66 77 649
s680 504 5 16 649
s681 504 5 16 600
s682 462 66 16 600
s683 504 67 16 600
s684 504 128 17 649
s685 504 129 16 649
s686 504 68 16 649
s687 504 67 17 649
s688 504 128 17 600
s689 462 128 16 600
s690 504 189 16 649
s691 504 189 16 600
s692 462 189 15 600
s693 462 128 76 600
s694 504 129 76 649
s695 504 68 76 649
s696 504 67 76 600
s697 462 66 76 600
s698 463 127 76 600
s699 505 127 137 600
s700 463 127 137 649
s701 463 127 137 697
s702 505 128 137 747
s703 505 67 137 747
s704 505 66 137 697
s705 505 127 198 697
s706 547 126 198 697
s707 505 187 198 697
s708 463 187 137 697
s709 505 248 137 747
s710 505 248 137 697
s711 463 248 76 697
s712 463 248 76 649
s713 462 248 76 600
s714 504 249 76 649
s715 504 249 76 600
s716 504 248 137 600
s717 505 187 137 600
s718 463 187 76 600
s719 421 126 76 600
s720 379 125 75 600
s721 379 64 75 600
s722 379 125 136 600
s723 421 126 136 649
s724 463 126 197 649
s725 463 126 258 697
s726 505 127 258 697
s727 463 127 197 697
s728 463 66 197 697
s729 463 65 197 649
s730 462 65 197 600
s731 463 64 197 600
s732 463 125 197 601
s733 421 125 197 600
s734 463 126 197 600
s735 421 126 136 600
s736 379 126 75 600
s737 379 65 75 600
s738 421 64 136 600
s739 421 3 136 649
s740 421 64 197 649
s741 421 125 258 649
s742 421 125 257 649
s743 421 64 257 649
s744 421 125 257 600
s745 379 125 196 600
s746 379 64 196 600
s747 379 125 197 600
s748 421 186 136 649
s749 421 186 136 600
s750 463 186 197 600
s751 462 247 197 600
s752 504 308 136 649
s753 504 308 136 600
s754 504 308 197 649
s755 546 247 197 697
s756 546 247 197 649
s757 546 247 258 697
s758 546 186 319 697
s759 546 187 258 697
s760 546 188 197 697
s761 546 127 198 697
s762 546 128 137 697
s763 546 67 137 697
s764 504 67 137 649
s765 504 128 198 649
s766 504 127 259 649
s767 505 126 259 649
s768 504 187 259 649
s769 546 126 259 649
s770 546 126 258 600
s771 546 65 197 600
s772 546 65 258 649
s773 504 4 257 649
s774 504 4 257 600
s775 462 3 257 600
s776 462 2 196 600
s777 462 63 257 600
s778 463 64 258 649
s779 463 125 319 649
s780 505 125 319 650
s781 505 64 258 650
s782 505 65 258 649
s783 504 66 257 649
s784 504 5 257 649
s785 504 4 258 649
s786 504 5 197 649
s787 504 66 258 649
s788 504 66 257 600
s789 462 65 257 600
s790 462 4 196 600
s791 462 4 197 600
s792 462 4 136 600
s793 462 4 137 600
s794 504 5 137 649
s795 505 4 137 649
s796 505 65 137 650
s797 505 126 198 650
s798 505 127 137 650
s799 505 66 137 649
s800 505 65 198 649
s801 463 126 198 649
s802 505 127 198 649
s803 504 188 198 649
s804 505 187 198 649
s805 504 248 198 649
s806 504 248 197 600
s807 546 187 197 600
s808 546 186 258 600
s809 546 247 197 600
s810 504 308 197 600
s811 462 308 136 600
s812 504 309 136 649
s813 504 309 136 600
s814 462 248 136 600
s815 504 249 136 649
s816 504 249 136 600
s817 462 188 136 600
s818 462 189 75 600
s819 462 128 136 600
s820 504 129 136 600
s821 462 129 75 600
s822 504 129 76 600
s823 462 129 15 600
s824 504 129 16 600
s825 504 129 17 649
s826 504 128 78 649
s827 504 129 77 649
s828 505 128 77 697
s829 463 128 16 697
s830 505 128 17 747
s831 505 67 17 747
s832 505 128 17 697
s833 505 128 78 747
s834 505 129 17 747
s835 505 68 17 747
s836 505 67 17 697
s837 505 128 17 649
s838 504 189 17 649
s839 504 190 16 649
s840 504 189 77 649
s841 505 128 77 649
s842 505 127 77 650
s843 463 127 77 649
s844 505 66 77 649
s845 504 5 77 649
s846 504 6 16 649
s847 504 6 16 600
s848 504 5 77 600
s849 504 66 138 600
s850 504 127 199 600
s851 462 127 138 600
s852 504 128 138 600
s853 505 127 138 600
s854 504 188 138 600
s855 546 127 137 600
s856 546 66 137 649
s857 546 127 198 649
s858 547 126 198 649
s859 546 187 198 649
s860 546 187 137 600
s861 546 188 137 649
s862 546 188 137 697
s863 546 188 138 697
s864 546 188 77 697
s865 546 188 77 649
s866 504 249 77 649
s867 505 188 77 649
s868 463 188 76 697
s869 463 188 76 649
s870 463 187 137 649
s871 505 187 137 650
s872 505 188 137 649
s873 504 189 137 649
s874 505 128 137 697
s875 463 128 76 697
s876 463 67 76 697
s877 463 66 76 649
s878 463 65 137 649
s879 421 126 137 649
s880 421 65 76 649
s881 421 65 15 600
s882 379 126 15 600
s883 421 187 15 649
s884 421 187 15 600
s885 421 187 76 649
s886 421 188 15 649
s887 421 127 15 600
s888 421 66 15 649
s889 421 127 16 649
s890 463 66 16 649
s891 463 5 16 697
s892 505 5 77 747
s893 505 66 138 747
s894 505 127 199 747
s895 505 128 138 747
s896 506 127 138 801
s897 506 127 138 855
s898 506 66 138 855
s899 506 127 199 855
s900 506 128 138 855
s901 506 67 138 855
s902 506 66 138 801
s903 506 127 138 747
s904 505 188 138 747
s905 547 127 138 801
s906 547 66 138 801
s907 547 127 138 747
s908 547 127 199 801
s909 547 127 198 747
s910 505 127 259 747
s911 505 126 320 747
s912 505 65 259 747
s913 506 126 259 747
s914 505 187 259 747
s915 547 126 259 747
s916 547 65 198 747
s917 505 4 198 747
s918 505 5 137 747
s919 505 5 137 697
s920 505 4 198 697
s921 505 65 259 697
s922 505 126 320 697
s923 505 126 319 649
s924 504 127 319 649
s925 546 126 319 649
s926 504 187 319 649
s927 504 186 369 649
s928 504 185 368 649
s929 504 185 367 600
s930 504 186 409 600
s931 462 186 367 600
s932 504 247 367 649
s933 504 246 367 649
s934 504 185 409 649
s935 504 186 410 649
s936 505 125 410 649
s937 505 125 368 650
s938 463 125 368 649
s939 505 64 368 649
s940 504 3 367 649
s941 504 3 367 600
s942 462 64 367 600
s943 504 63 367 649
s944 504 63 367 600
s945 462 124 367 600
s946 462 63 317 600
s947 462 2 317 600
s948 462 3 317 600
s949 462 3 318 600
s950 504 4 318 649
s951 546 3 318 697
s952 546 3 318 649
s953 546 64 368 649
s954 546 125 410 697
s955 546 124 409 697
s956 546 125 451 697
s957 546 126 409 697
s958 546 65 409 697
s959 504 65 409 649
s960 504 64 451 649
s961 504 125 493 649
s962 504 126 451 649
s963 546 125 451 649
s964 504 186 451 649
s965 504 187 409 649
s966 546 186 409 697
s967 546 185 409 697
s968 546 124 409 649
s969 546 125 410 649
s970 546 64 409 649
s971 504 3 409 649
s972 504 4 367 649
s973 504 4 367 600
s974 504 3 409 600
s975 504 64 451 600
s976 504 125 493 600
s977 462 125 451 600
s978 504 126 451 600
s979 546 125 451 600
t 60.00081487999978 s