s0 979 1233 790 1593
s1 980 1203 740 1553
s2 981 1171 692 1509
s3 982 1135 643 1460
s4 983 1095 593 1408
s5 984 1057 543 1353
s6 985 1058 497 1354
s7 986 1059 455 1355
s8 987 1060 456 1356
s9 988 1061 457 1357
s10 989 1062 458 1358
s11 990 1063 459 1359
s12 991 1064 460 1360
s13 992 1065 461 1361
s14 993 1066 462 1362
s15 994 1067 463 1363
s16 995 1068 464 1364
s17 996 1069 465 1365
s18 997 1070 466 1366
s19 997 1071 466 1367
s20 997 1032 466 1368
s21 997 986 466 1319
s22 997 939 466 1276
s23 997 892 466 1242
s24 997 842 466 1212
s25 997 843 466 1213
s26 997 789 466 1180
s27 997 739 466 1144
s28 997 740 466 1108
s29 997 692 466 1109
s30 1043 693 466 1110
s31 1077 693 466 1111
s32 1077 693 466 1112
s33 1077 693 466 1113
s34 1077 693 466 1114
s35 1077 693 466 1115
s36 1077 693 466 1116
s37 1077 693 466 1117
s38 1077 693 466 1118
s39 1077 693 466 1119
s40 1077 693 466 1120
s41 1077 693 466 1121
s42 1043 644 424 1121
s43 997 594 382 1121
s44 1043 595 332 1121
s45 1043 595 271 1121
s46 997 545 210 1121
s47 997 545 209 1121
s48 997 545 148 1121
s49 997 545 147 1121
s50 997 545 86 1121
s51 997 545 85 1121
s52 997 545 86 1120
s53 950 499 87 1120
s54 950 500 88 1120
s55 997 501 89 1121
s56 997 502 90 1121
s57 1043 503 91 1121
s58 1043 504 92 1121
s59 1043 505 93 1121
s60 1043 506 94 1121
s61 1043 507 95 1121
s62 1043 508 96 1121
s63 997 466 97 1121
s64 998 466 97 1122
s65 998 466 96 1122
s66 997 466 96 1121
s67 997 466 97 1120
s68 950 424 97 1120
s69 903 382 98 1120
s70 904 382 98 1121
s71 904 382 97 1121
s72 903 382 97 1120
s73 903 382 98 1087
s74 853 332 98 1087
s75 853 333 99 1087
s76 854 333 99 1120
s77 853 333 99 1119
s78 799 272 99 1119
s79 800 273 99 1120
s80 800 272 99 1120
s81 800 273 38 1120
s82 800 273 99 1087
s83 746 212 99 1087
s84 746 211 99 1087
s85 745 211 99 1086
s86 799 272 99 1086
s87 853 333 99 1086
s88 799 333 99 1119
s89 799 272 38 1119
s90 799 272 99 1118
s91 853 333 99 1118
s92 853 333 38 1119
s93 853 333 99 1155
s94 853 333 98 1119
s95 799 272 98 1119
s96 800 273 99 1119
s97 746 212 99 1119
s98 746 211 99 1119
s99 745 211 99 1118
s100 746 212 99 1118
s101 745 273 99 1118
s102 745 274 99 1118
s103 746 275 99 1119
s104 800 334 99 1120
s105 800 334 38 1120
s106 800 334 99 1087
s107 746 275 99 1087
s108 746 274 99 1087
s109 745 274 99 1086
s110 746 275 99 1086
s111 800 334 99 1119
s112 746 335 99 1119
s113 746 336 99 1119
s114 746 336 38 1119
s115 746 336 99 1086
s116 746 336 99 1087
s117 746 335 99 1087
s118 745 335 99 1086
s119 745 334 99 1086
s120 745 335 38 1086
s121 745 335 99 1045
s122 695 276 99 1045
s123 646 215 99 1000
s124 647 216 99 1045
s125 648 217 99 1046
s126 599 156 99 1045
s127 550 95 99 1000
s128 508 96 99 953
s129 466 97 99 905
s130 424 97 99 855
s131 382 98 99 801
s132 332 98 99 747
s133 333 99 99 748
s134 333 100 99 748
s135 333 101 99 748
s136 333 102 99 748
s137 333 103 99 748
s138 333 104 99 748
s139 333 105 99 748
s140 333 106 99 748
s141 333 107 99 748
s142 333 108 99 748
s143 333 109 99 748
s144 272 109 99 698
s145 273 109 99 699
s146 274 109 99 700
s147 275 109 99 701
s148 276 109 99 702
s149 277 109 99 703
s150 278 109 99 704
s151 279 109 99 705
s152 280 109 99 706
s153 339 109 99 756
s154 384 109 99 810
s155 426 109 99 860
s156 468 109 99 907
s157 510 109 99 954
s158 552 109 99 1001
s159 602 109 99 1047
s160 651 109 99 1088
s161 652 109 99 1088
s162 653 109 99 1088
s163 654 109 99 1088
s164 655 109 99 1088
s165 656 109 99 1088
s166 657 109 100 1088
s167 658 170 99 1088
s168 659 170 99 1088
s169 660 109 99 1088
s170 661 109 99 1088
s171 662 109 99 1088
s172 663 109 99 1088
s173 664 109 99 1088
s174 665 109 99 1088
t 3.7001042579995556 s