s0 1174 1594 2031 2025
s1 1138 1554 1970 1964
s2 1098 1510 1909 1903
s3 1060 1461 1850 1844
s4 1021 1409 1796 1790
s5 975 1354 1797 1742
s6 928 1308 1749 1701
s7 929 1309 1750 1664
s8 930 1310 1709 1627
s9 931 1311 1710 1589
s10 932 1312 1673 1549
s11 933 1313 1674 1505
s12 934 1274 1675 1456
s13 935 1240 1676 1404
s14 936 1210 1677 1349
s15 937 1178 1637 1350
s16 938 1142 1596 1351
s17 939 1143 1597 1352
s18 940 1107 1557 1353
s19 941 1071 1513 1354
s20 942 1032 1466 1355
s21 943 986 1417 1356
s22 944 939 1363 1357
s23 944 892 1364 1358
s24 944 842 1365 1359
s25 944 788 1366 1360
s26 944 738 1367 1361
s27 944 690 1368 1362
s28 944 641 1319 1363
s29 944 591 1276 1364
s30 944 541 1242 1365
s31 944 495 1212 1366
s32 944 496 1213 1367
s33 944 496 1180 1368
s34 944 496 1181 1369
s35 944 496 1182 1370
s36 944 496 1183 1371
s37 944 496 1184 1372
s38 944 496 1184 1373
s39 944 496 1184 1374
s40 944 496 1184 1375
s41 944 496 1184 1376
s42 944 496 1184 1377
s43 944 496 1184 1378
s44 944 496 1184 1379
s45 944 496 1184 1380
s46 944 496 1184 1381
t 0.10062059500069154 s