s0 1934 2128 1833 1530
s1 1934 2067 1779 1483
s2 1934 2006 1731 1434
s3 1933 2005 1690 1433
s4 1933 1944 1691 1432
s5 1933 1883 1691 1431
s6 1933 1824 1692 1430
s7 1933 1770 1655 1430
s8 1933 1770 1655 1431
s9 1933 1770 1692 1430
s10 1932 1769 1691 1429
s11 1931 1768 1690 1428
s12 1870 1768 1690 1374
s13 1870 1768 1690 1375
s14 1931 1768 1690 1429
s15 1870 1768 1690 1428
s16 1870 1768 1690 1427
s17 1870 1768 1690 1426
s18 1931 1768 1690 1475
s19 1870 1768 1690 1474
s20 1870 1768 1690 1473
s21 1931 1768 1690 1520
s22 1870 1768 1690 1519
s23 1931 1768 1690 1563
s24 1870 1768 1690 1562
s25 1931 1768 1690 1602
s26 1870 1768 1690 1602
s27 1931 1768 1690 1603
s28 1870 1768 1690 1563
s29 1931 1768 1690 1564
s30 1870 1768 1690 1520
s31 1931 1768 1690 1521
s32 1931 1768 1731 1520
s33 1930 1767 1730 1519
s34 1929 1766 1729 1518
s35 1929 1766 1728 1518
s36 1929 1766 1729 1519
s37 1930 1725 1729 1519
s38 1930 1689 1729 1519
s39 1869 1654 1729 1472
s40 1869 1653 1728 1472
s41 1869 1617 1728 1472
s42 1869 1579 1727 1472
s43 1930 1578 1726 1519
s44 1930 1578 1774 1519
s45 1929 1577 1773 1518
s46 1929 1577 1772 1518
s47 1929 1577 1771 1518
s48 1929 1577 1770 1518
s49 1929 1577 1769 1518
s50 1929 1577 1768 1518
s51 1929 1577 1767 1518
s52 1929 1533 1766 1518
s53 1929 1532 1725 1518
s54 1928 1531 1689 1517
s55 1927 1530 1654 1516
s56 1868 1483 1653 1469
s57 1814 1434 1617 1420
s58 1813 1433 1579 1419
s59 1765 1379 1535 1365
s60 1724 1378 1534 1364
s61 1687 1377 1533 1318
s62 1647 1376 1532 1317
s63 1606 1375 1531 1317
s64 1566 1374 1484 1316
s65 1522 1373 1435 1316
s66 1475 1372 1381 1315
s67 1426 1371 1380 1314
s68 1372 1370 1379 1275
s69 1323 1369 1378 1241
s70 1280 1368 1377 1211
s71 1246 1367 1376 1179
s72 1216 1366 1375 1143
s73 1183 1365 1374 1107
s74 1147 1364 1373 1071
s75 1111 1318 1372 1032
s76 1078 1317 1371 986
s77 1077 1316 1370 985
s78 1043 1315 1369 984
s79 1042 1314 1368 984
s80 1041 1275 1367 984
s81 1041 1241 1366 984
s82 1041 1211 1365 984
s83 1041 1179 1364 984
s84 1041 1143 1363 984
s85 1041 1142 1362 984
s86 1041 1142 1361 984
s87 1041 1142 1360 984
s88 1041 1142 1359 984
s89 1041 1142 1358 984
s90 1041 1142 1357 984
s91 1041 1142 1356 984
s92 1041 1142 1355 984
s93 1041 1142 1410 984
s94 1041 1142 1462 984
t 1.8301741140003287 s