s0 2169 1717 1320 1988
s1 2108 1680 1321 1927
s2 2047 1640 1322 1868
s3 1986 1599 1323 1814
s4 1925 1559 1324 1813
s5 1926 1515 1325 1765
s6 1927 1516 1326 1724
s7 1928 1517 1327 1687
s8 1929 1518 1328 1647
s9 1930 1519 1329 1606
s10 1869 1520 1330 1566
s11 1870 1521 1331 1522
s12 1871 1522 1380 1475
s13 1872 1523 1381 1426
s14 1873 1524 1435 1372
s15 1874 1525 1484 1323
s16 1815 1526 1531 1280
s17 1816 1527 1575 1246
s18 1817 1528 1576 1216
s19 1818 1529 1577 1183
s20 1819 1530 1578 1184
s21 1820 1531 1579 1185
s22 1766 1532 1617 1186
s23 1767 1533 1653 1187
s24 1768 1534 1654 1188
s25 1769 1485 1689 1152
s26 1770 1486 1725 1153
s27 1771 1487 1766 1154
s28 1772 1488 1767 1155
s29 1773 1489 1768 1155
s30 1774 1436 1769 1119
s31 1726 1382 1770 1086
s32 1727 1382 1771 1086
s33 1728 1382 1772 1086
s34 1729 1382 1773 1086
s35 1730 1382 1774 1086
s36 1731 1382 1775 1086
s37 1690 1382 1775 1086
s38 1691 1382 1775 1086
s39 1692 1382 1775 1086
s40 1655 1382 1775 1086
s41 1618 1382 1775 1086
s42 1619 1382 1775 1086
s43 1620 1382 1775 1086
s44 1621 1382 1775 1086
s45 1621 1383 1776 1087
s46 1621 1384 1777 1120
s47 1621 1385 1778 1121
s48 1621 1386 1779 1122
s49 1621 1387 1780 1123
s50 1621 1388 1781 1124
s51 1621 1389 1782 1125
s52 1621 1390 1783 1126
s53 1621 1335 1784 1127
s54 1621 1336 1838 1128
s55 1621 1337 1897 1088
s56 1621 1338 1958 1089
s57 1621 1339 2019 1090
s58 1621 1293 2080 1049
s59 1621 1294 2080 1050
s60 1621 1295 2080 1051
s61 1621 1294 2080 1005
s62 1621 1295 2080 1006
s63 1621 1296 2080 1007
s64 1621 1297 2080 1008
s65 1621 1260 2080 961
s66 1621 1230 2080 914
s67 1621 1200 2080 867
s68 1621 1200 2080 868
s69 1621 1200 2080 818
s70 1621 1200 2080 819
s71 1621 1200 2080 820
s72 1621 1200 2080 766
s73 1621 1200 2080 767
s74 1621 1200 2080 768
s75 1621 1200 2080 718
s76 1621 1200 2080 719
s77 1621 1200 2080 720
s78 1621 1200 2080 721
s79 1621 1200 2080 722
t 0.3160027670001 s