s0 1541 2019 1584 2193
s1 1497 1958 1544 2132
s2 1448 1897 1500 2071
s3 1396 1896 1451 2010
s4 1395 1837 1399 1949
s5 1394 1836 1398 1948
s6 1393 1782 1397 1887
s7 1392 1781 1396 1886
s8 1391 1733 1395 1827
s9 1390 1692 1394 1826
s10 1389 1655 1393 1825
s11 1388 1618 1392 1824
s12 1388 1580 1391 1823
s13 1387 1540 1390 1822
s14 1386 1496 1389 1821
s15 1385 1447 1388 1767
s16 1384 1395 1387 1766
s17 1334 1394 1386 1725
s18 1291 1393 1385 1689
s19 1257 1392 1384 1654
s20 1228 1391 1383 1653
s21 1198 1390 1382 1617
s22 1165 1389 1436 1579
s23 1129 1388 1489 1578
s24 1128 1387 1488 1577
s25 1127 1386 1487 1576
s26 1126 1385 1486 1575
s27 1125 1384 1485 1531
s28 1124 1383 1534 1530
s29 1123 1333 1533 1483
s30 1122 1290 1532 1434
s31 1121 1256 1531 1433
s32 1120 1227 1484 1432
s33 1087 1197 1435 1378
s34 1086 1164 1381 1377
s35 1085 1128 1380 1376
s36 1084 1127 1379 1375
s37 1083 1126 1378 1374
s38 1082 1125 1377 1373
s39 1081 1124 1376 1372
s40 1080 1123 1375 1371
s41 1079 1122 1374 1370
s42 1078 1121 1373 1369
s43 1077 1120 1372 1369
s44 1043 1087 1371 1368
s45 997 1086 1370 1367
s46 996 1085 1369 1366
s47 995 1084 1368 1365
s48 994 1083 1367 1364
s49 993 1082 1366 1318
s50 992 1081 1365 1317
s51 991 1081 1364 1316
s52 990 1080 1363 1315
s53 989 1079 1362 1314
s54 988 1078 1361 1313
s55 987 1077 1360 1312
s56 986 1043 1359 1311
s57 985 1042 1358 1310
s58 984 1041 1357 1273
s59 983 1040 1356 1272
s60 982 1039 1411 1271
s61 982 993 1411 1270
s62 982 946 1411 1269
s63 982 899 1411 1239
s64 982 849 1411 1209
s65 982 848 1411 1177
s66 982 848 1411 1141
s67 982 848 1411 1101
s68 982 848 1411 1100
s69 982 848 1411 1099
s70 982 848 1411 1098
s71 982 848 1411 1097
t 0.23306124500049918 s