s0 353 720 612 1200
s1 352 721 611 1200
s2 351 771 610 1230
s3 393 825 659 1260
s4 435 875 707 1297
s5 477 922 757 1296
s6 519 969 811 1295
s7 567 1015 861 1294
s8 617 1054 908 1293
s9 666 1092 955 1339
s10 714 1132 1002 1338
s11 713 1168 1048 1337
s12 712 1200 1089 1336
s13 711 1230 1129 1335
s14 710 1260 1165 1390
s15 709 1297 1198 1389
s16 708 1296 1198 1388
s17 707 1295 1198 1387
s18 757 1294 1228 1386
s19 811 1340 1257 1385
s20 861 1395 1291 1384
s21 908 1447 1334 1383
s22 955 1496 1384 1382
s23 1002 1540 1385 1436
s24 1048 1580 1386 1489
s25 1089 1618 1387 1488
s26 1129 1655 1388 1537
s27 1165 1692 1389 1537
s28 1198 1691 1390 1537
s29 1228 1690 1391 1537
s30 1257 1731 1392 1537
s31 1291 1730 1393 1537
s32 1334 1729 1394 1537
s33 1384 1728 1395 1537
s34 1385 1727 1447 1537
s35 1386 1726 1496 1537
s36 1387 1774 1540 1537
s37 1388 1773 1580 1537
s38 1389 1772 1618 1537
s39 1390 1771 1655 1537
s40 1391 1770 1692 1537
s41 1392 1769 1691 1537
s42 1393 1768 1690 1537
s43 1394 1822 1731 1537
s44 1395 1881 1730 1537
s45 1447 1942 1729 1537
s46 1496 2003 1728 1537
s47 1540 2064 1728 1537
s48 1580 2125 1728 1537
s49 1618 2186 1728 1537
s50 1655 2186 1728 1537
s51 1692 2186 1728 1537
s52 1691 2186 1728 1537
s53 1690 2186 1728 1537
s54 1731 2186 1728 1537
s55 1730 2186 1728 1537
s56 1729 2186 1728 1537
s57 1728 2186 1728 1537
s58 1776 2186 1728 1537
s59 1830 2186 1728 1537
s60 1889 2186 1728 1537
t 0.2739405230004195 s