s0 131 122 497 581
s1 132 123 498 582
s2 133 124 499 583
s3 134 125 500 584
s4 135 126 501 585
s5 136 127 502 586
s6 137 128 503 587
s7 138 129 504 588
s8 139 130 505 589
s9 140 131 506 590
s10 141 132 507 591
s11 142 133 549 592
s12 143 134 598 593
s13 144 135 647 594
s14 145 136 696 644
s15 146 137 746 693
s16 147 138 800 693
s17 148 139 854 693
s18 209 200 904 741
s19 270 261 951 742
s20 331 322 950 743
s21 381 372 997 793
s22 423 414 1043 794
s23 465 456 1077 795
s24 507 498 1078 796
s25 549 544 1079 797
s26 598 594 1080 798
s27 647 644 1081 799
s28 696 693 1082 853
s29 746 741 1083 903
s30 800 742 1084 950
s31 854 743 1085 997
s32 904 793 1086 1043
s33 951 794 1087 1077
s34 950 795 1120 1078
s35 997 796 1121 1079
s36 1043 797 1122 1080
s37 1077 798 1123 1081
s38 1078 799 1124 1082
s39 1079 853 1125 1083
s40 1080 903 1126 1084
s41 1081 950 1127 1085
s42 1082 997 1128 1086
s43 1083 1043 1129 1119
s44 1084 1077 1165 1155
s45 1085 1078 1198 1191
s46 1086 1079 1228 1224
s47 1087 1080 1257 1254
s48 1120 1081 1291 1288
s49 1121 1082 1334 1331
s50 1122 1083 1384 1380
s51 1123 1084 1385 1381
s52 1124 1085 1386 1435
s53 1125 1086 1387 1484
s54 1126 1119 1388 1531
s55 1127 1155 1389 1532
s56 1128 1191 1390 1533
s57 1129 1224 1391 1534
s58 1165 1254 1392 1535
s59 1198 1288 1393 1579
s60 1228 1331 1394 1617
s61 1257 1380 1395 1653
s62 1291 1381 1447 1654
s63 1334 1435 1496 1689
s64 1384 1484 1540 1725
s65 1385 1531 1580 1766
s66 1386 1532 1618 1767
s67 1387 1533 1655 1768
s68 1388 1534 1692 1769
s69 1389 1535 1733 1770
s70 1390 1579 1781 1771
s71 1391 1617 1835 1825
s72 1392 1653 1894 1884
s73 1393 1654 1894 1945
s74 1394 1689 1894 2006
s75 1395 1725 1894 2067
s76 1447 1766 1955 2128
s77 1496 1767 1955 2128
s78 1540 1768 1955 2128
s79 1580 1769 1955 2128
s80 1618 1770 1955 2128
s81 1655 1771 1955 2128
s82 1692 1825 1955 2128
s83 1733 1884 1955 2128
s84 1781 1945 1955 2128
s85 1835 1945 1955 2128
s86 1894 1945 1955 2128
s87 1955 1945 1955 2128
s88 2016 1945 1955 2128
t 0.5813567450004484 s