s0 808 386 765 358
s1 807 428 764 357
s2 806 470 763 356
s3 805 512 762 355
s4 804 560 761 354
s5 803 559 760 353
s6 802 558 759 352
s7 801 557 758 351
s8 855 556 757 350
s9 905 555 756 349
s10 953 554 755 348
s11 952 553 754 347
s12 999 552 753 346
s13 1044 551 752 345
s14 1085 601 751 344
s15 1084 600 750 343
s16 1083 649 749 342
s17 1082 697 748 341
s18 1081 747 747 341
s19 1081 801 747 341
s20 1080 855 747 341
s21 1079 905 747 341
s22 1078 953 747 341
s23 1077 952 747 341
s24 1043 999 747 341
s25 997 1044 747 341
s26 950 1085 747 341
s27 903 1084 747 341
s28 853 1083 747 341
s29 852 1082 747 341
s30 851 1081 747 341
s31 850 1080 747 341
s32 849 1079 747 341
s33 848 1078 747 341
s34 848 1077 747 341
s35 848 1043 747 341
s36 848 1043 697 285
s37 848 1043 697 284
s38 848 1043 747 283
s39 848 1043 747 282
s40 848 1042 801 281
s41 848 1042 801 280
s42 848 1042 801 279
s43 848 1042 801 278
s44 848 1042 801 277
s45 848 1042 801 276
s46 848 1042 801 275
s47 848 1042 855 334
s48 794 1042 855 334
s49 848 996 855 334
s50 848 995 855 334
s51 794 995 855 334
s52 848 948 855 334
s53 848 995 855 335
s54 847 995 855 334
s55 793 995 855 334
s56 794 948 855 334
s57 848 948 801 275
s58 794 948 801 275
s59 848 901 801 275
s60 848 901 855 334
s61 848 948 801 334
s62 848 948 855 335
s63 848 995 855 336
s64 794 995 855 335
s65 848 996 855 335
s66 848 1042 855 335
s67 847 1042 855 334
s68 848 1042 801 334
s69 848 1043 855 334
s70 849 1042 855 334
s71 848 1076 855 334
s72 898 1042 855 334
s73 898 1042 801 275
s74 848 996 801 275
s75 794 1042 801 275
s76 848 1043 801 275
s77 847 1042 801 275
s78 793 1042 801 275
s79 793 1042 855 334
s80 794 996 855 334
s81 794 1042 801 334
s82 794 1042 855 335
s83 848 1042 801 335
s84 848 1042 855 336
s85 847 1042 855 335
s86 848 1043 855 335
s87 849 1042 855 335
s88 848 1076 855 335
s89 898 1042 855 335
s90 897 1042 855 334
s91 847 996 855 334
s92 847 995 855 335
s93 846 995 855 334
s94 847 948 855 334
s95 848 949 855 334
s96 848 996 801 334
s97 847 1042 801 334
s98 848 1043 801 334
s99 849 1042 801 275
s100 795 1042 801 275
s101 794 996 801 275
s102 848 996 747 274
s103 848 996 747 273
s104 794 996 747 273
s105 848 949 747 273
s106 847 996 747 273
s107 848 997 747 273
s108 848 1043 747 273
s109 848 1043 697 272
s110 848 1043 747 333
s111 848 1043 747 332
s112 848 1042 801 382
s113 848 1041 855 424
s114 848 1040 855 424
s115 848 1039 855 424
s116 848 1038 855 424
s117 848 1037 855 424
s118 848 1036 855 424
s119 848 1035 855 424
s120 848 1034 855 424
s121 848 1033 855 424
s122 848 1032 855 424
s123 848 1031 855 424
s124 848 1030 855 424
s125 848 1069 855 424
s126 848 1069 905 466
s127 848 1069 953 508
s128 848 1069 952 508
s129 848 1069 999 550
s130 848 1069 1044 599
s131 848 1069 1085 648
s132 848 1069 1084 599
s133 848 1069 1083 599
s134 848 1069 1082 550
s135 848 1069 1081 508
s136 848 1069 1080 466
s137 848 1069 1079 424
s138 848 1069 1078 424
s139 848 1069 1077 424
s140 848 1069 1043 424
s141 848 1069 1042 424
s142 848 1069 1041 424
s143 848 1069 1040 424
s144 848 1069 1039 424
s145 848 1069 1038 424
s146 848 1069 1037 424
s147 848 1069 1036 424
s148 848 1069 1035 424
s149 848 1069 1034 424
s150 848 1069 1033 424
s151 848 1069 1032 424
s152 848 1069 1031 424
s153 848 1069 1030 424
s154 848 1069 1029 424
s155 848 1069 1028 424
s156 848 1069 1027 424
s157 848 1069 1026 424
s158 848 1069 1025 424
s159 848 1069 1024 424
s160 848 1069 1023 424
s161 848 1069 1022 424
s162 848 1069 1021 424
s163 848 1069 1020 424
s164 848 1069 1059 424
s165 848 1069 1097 424
s166 848 1069 1137 424
s167 848 1069 1173 424
s168 848 1069 1205 424
s169 848 1069 1235 424
t 3.30660699299915 s