s0 2137 2004 1772 1622
s1 2076 1943 1773 1584
s2 2015 1882 1773 1544
s3 1954 1823 1774 1500
s4 1893 1769 1726 1451
s5 1834 1768 1727 1399
s6 1780 1767 1728 1344
s7 1732 1766 1729 1298
s8 1691 1725 1729 1261
s9 1692 1689 1729 1260
s10 1693 1654 1729 1230
s11 1694 1654 1729 1230
s12 1657 1654 1729 1200
s13 1657 1653 1728 1200
s14 1657 1617 1728 1200
s15 1657 1579 1727 1200
s16 1657 1535 1727 1200
s17 1657 1536 1728 1200
s18 1657 1537 1729 1200
s19 1657 1538 1730 1200
s20 1657 1489 1729 1200
s21 1657 1490 1730 1200
s22 1657 1491 1731 1200
s23 1657 1438 1690 1200
s24 1657 1384 1690 1200
s25 1657 1385 1691 1200
s26 1657 1386 1692 1200
s27 1657 1386 1655 1200
s28 1657 1385 1618 1168
s29 1657 1385 1580 1132
s30 1657 1384 1540 1092
s31 1657 1334 1496 1054
s32 1657 1291 1447 1015
s33 1657 1257 1395 969
s34 1657 1228 1340 922
s35 1657 1198 1294 875
s36 1657 1199 1295 874
s37 1657 1199 1295 873
s38 1657 1199 1295 872
s39 1657 1166 1296 871
s40 1657 1130 1296 871
s41 1657 1090 1296 871
s42 1657 1049 1296 871
s43 1657 1003 1296 871
s44 1657 956 1296 871
s45 1657 909 1296 871
s46 1657 862 1296 871
s47 1657 863 1296 871
s48 1657 864 1296 871
s49 1657 865 1296 871
s50 1657 866 1296 871
s51 1657 867 1296 871
s52 1657 868 1296 871
s53 1657 869 1296 871
s54 1657 870 1296 871
s55 1657 871 1296 821
s56 1657 871 1296 767
s57 1657 871 1296 717
s58 1657 871 1296 669
s59 1657 871 1296 620
s60 1657 871 1296 570
s61 1657 871 1296 522
s62 1657 871 1296 521
s63 1657 871 1296 520
s64 1657 871 1296 519
s65 1657 871 1296 518
s66 1657 871 1296 517
s67 1657 871 1296 516
s68 1657 871 1296 515
s69 1657 871 1296 514
s70 1657 871 1296 513
s71 1620 871 1296 513
s72 1582 871 1296 513
s73 1542 871 1296 513
s74 1498 871 1296 513
s75 1449 871 1296 513
s76 1397 871 1296 513
s77 1342 871 1296 513
s78 1296 871 1297 513
s79 1297 871 1260 513
s80 1260 871 1230 513
s81 1230 871 1200 513
s82 1200 871 1168 513
s83 1168 871 1132 513
s84 1132 871 1092 513
s85 1092 871 1054 513
s86 1054 871 1015 513
s87 1015 871 969 513
s88 969 871 922 513
s89 922 871 875 513
s90 875 871 825 513
s91 825 871 771 513
s92 771 871 721 513
s93 721 871 673 513
s94 673 871 624 513
s95 624 871 574 513
s96 574 871 526 513
s97 526 871 484 513
s98 484 871 442 513
s99 442 871 400 513
s100 441 871 399 513
s101 440 871 399 513
s102 439 871 399 513
s103 438 871 399 513
s104 437 871 399 513
s105 436 871 399 513
s106 435 871 399 513
s107 434 871 399 513
s108 433 871 399 513
t 0.35145913699852827 s