s0 587 944 1244 1557
s1 537 897 1214 1513
s2 491 847 1181 1466
s3 449 793 1145 1417
s4 450 794 1109 1363
s5 451 795 1076 1317
s6 452 796 1077 1316
s7 453 797 1077 1316
s8 454 798 1077 1316
s9 412 744 1077 1316
s10 370 694 1077 1316
s11 320 645 1077 1316
s12 259 596 1077 1316
s13 198 547 1077 1316
s14 199 548 1077 1316
s15 200 549 1077 1316
s16 201 550 1077 1316
s17 202 550 1077 1316
s18 141 550 1077 1316
s19 80 549 1077 1316
s20 80 549 1078 1317
s21 80 549 1079 1318
s22 81 550 1079 1318
s23 81 550 1078 1317
s24 81 550 1077 1316
s25 81 550 1076 1315
s26 80 549 1076 1315
s27 141 550 1076 1315
s28 141 549 1076 1315
s29 80 549 1075 1314
s30 80 549 1075 1275
s31 80 549 1076 1241
s32 80 549 1076 1211
s33 80 549 1077 1179
s34 80 549 1077 1143
s35 80 549 1077 1107
s36 80 549 1077 1071
s37 80 549 1078 1072
s38 80 549 1078 1033
s39 80 549 1079 1034
s40 80 549 1080 1035
s41 80 549 1080 989
s42 80 549 1080 942
s43 80 549 1081 895
s44 80 549 1081 845
s45 80 549 1081 791
s46 80 549 1081 741
s47 80 549 1081 693
s48 80 550 1082 644
s49 19 550 1082 594
s50 19 550 1082 544
s51 19 550 1082 498
s52 19 550 1082 456
s53 19 550 1082 414
s54 19 550 1082 415
s55 19 550 1082 416
s56 19 550 1082 417
s57 19 550 1082 418
s58 19 550 1082 419
s59 19 599 1083 419
s60 19 599 1084 419
s61 19 648 1085 419
s62 19 599 1044 419
s63 19 550 999 419
s64 19 508 952 419
s65 19 508 953 419
s66 19 466 905 419
s67 19 424 855 419
s68 19 382 801 419
s69 19 332 747 419
s70 19 271 697 419
s71 19 210 649 419
s72 19 149 600 419
s73 19 150 601 419
s74 19 89 551 419
s75 19 28 509 419
s76 19 29 509 419
s77 19 30 509 419
t 0.8326876129995071 s