s0 451 832 590 461
s1 452 833 591 419
s2 453 834 592 377
s3 454 835 593 327
s4 455 836 594 266
s5 456 837 644 267
s6 457 838 693 268
s7 458 888 741 269
s8 459 889 742 270
s9 460 890 743 271
s10 461 891 793 272
s11 462 892 794 273
s12 463 893 795 274
s13 464 894 796 275
s14 465 895 797 276
s15 466 896 798 277
s16 508 897 799 278
s17 550 898 800 279
s18 599 899 854 280
s19 648 900 904 339
s20 648 901 951 384
s21 647 902 950 426
s22 696 903 997 468
s23 746 950 1043 510
s24 800 997 1077 552
s25 854 1043 1078 602
s26 904 1077 1079 651
s27 951 1078 1080 699
s28 950 1079 1081 700
s29 997 1080 1082 701
s30 1043 1081 1083 702
s31 1077 1082 1084 703
s32 1078 1083 1085 704
s33 1079 1084 1086 705
s34 1080 1085 1087 706
s35 1081 1044 1120 756
s36 1082 999 1121 757
s37 1083 952 1122 758
s38 1084 953 1123 759
s39 1117 905 1124 760
s40 1153 855 1125 761
s41 1154 801 1126 762
s42 1155 802 1127 763
s43 1156 803 1128 764
s44 1157 804 1129 765
s45 1158 805 1165 819
s46 1159 806 1198 869
s47 1160 807 1228 916
s48 1161 808 1257 916
s49 1162 809 1291 916
s50 1195 810 1334 916
s51 1196 811 1384 916
s52 1197 812 1385 916
s53 1198 813 1386 916
s54 1228 814 1387 916
s55 1257 815 1388 915
s56 1257 816 1389 915
s57 1257 817 1390 915
s58 1257 818 1391 915
s59 1257 819 1392 915
s60 1257 820 1393 915
s61 1257 821 1394 915
s62 1257 871 1395 915
s63 1291 871 1447 962
s64 1334 871 1496 1009
s65 1384 871 1447 1010
s66 1385 871 1447 1010
s67 1386 871 1447 1010
s68 1387 871 1496 1010
s69 1388 871 1540 1010
s70 1389 871 1580 963
s71 1390 871 1618 963
s72 1335 871 1655 916
s73 1336 871 1692 916
s74 1337 871 1691 916
s75 1338 871 1690 916
s76 1339 871 1731 916
s77 1293 871 1730 916
s78 1294 871 1729 916
s79 1295 871 1729 916
t 0.47964099399996485 s