s0 194 142 460 257
s1 195 143 461 258
s2 196 144 462 259
s3 197 145 463 260
s4 198 146 464 261
s5 199 147 465 262
s6 200 148 466 263
s7 201 209 508 264
s8 202 270 550 265
s9 203 331 599 266
s10 204 381 598 267
s11 205 423 647 268
s12 206 465 696 269
s13 207 507 746 270
s14 208 549 800 331
s15 209 598 854 381
s16 210 647 904 423
s17 211 696 951 465
s18 212 746 950 507
s19 213 800 997 549
s20 214 854 1043 598
s21 215 904 1077 647
s22 216 951 1078 647
s23 277 950 1079 696
s24 336 997 1080 746
s25 336 1043 1081 746
s26 336 1077 1082 746
s27 336 1078 1083 746
s28 336 1079 1084 746
s29 336 1080 1085 746
s30 336 1081 1086 746
s31 336 1082 1087 746
s32 336 1083 1120 746
s33 336 1084 1121 746
s34 336 1085 1122 746
s35 336 1086 1123 746
s36 336 1087 1124 746
s37 336 1087 1125 746
s38 336 1087 1126 746
s39 336 1087 1127 746
s40 336 1087 1128 746
s41 336 1087 1129 746
s42 336 1087 1165 746
s43 336 1087 1198 746
s44 336 1087 1228 746
s45 336 1087 1257 746
s46 336 1087 1291 746
s47 336 1087 1334 746
s48 335 1087 1334 746
s49 336 1087 1333 746
s50 336 1087 1383 746
s51 335 1087 1383 746
s52 336 1087 1382 746
s53 336 1087 1436 746
s54 335 1087 1436 746
s55 334 1120 1437 800
s56 334 1120 1383 800
s57 334 1120 1384 800
s58 334 1120 1334 800
s59 334 1087 1334 800
s60 334 1120 1291 800
s61 334 1087 1291 800
s62 334 1087 1334 746
s63 334 1120 1333 800
s64 334 1087 1383 800
s65 334 1120 1382 800
s66 334 1120 1436 800
s67 334 1087 1436 800
s68 334 1120 1489 800
s69 334 1119 1436 800
s70 334 1155 1437 800
s71 334 1155 1383 800
s72 334 1119 1383 800
s73 334 1155 1333 800
s74 334 1155 1334 800
s75 334 1155 1291 800
s76 334 1119 1291 800
s77 334 1120 1257 800
s78 334 1087 1257 800
s79 335 1087 1291 746
s80 336 1046 1291 746
s81 336 1087 1290 746
s82 335 1087 1333 746
s83 336 1046 1333 746
s84 336 1087 1332 746
s85 335 1087 1382 746
s86 336 1046 1382 746
s87 337 1046 1382 696
s88 336 1046 1382 696
s89 337 1046 1332 696
s90 337 1046 1333 696
s91 336 1046 1333 696
s92 337 1046 1290 696
s93 337 1046 1291 696
s94 336 1046 1291 696
s95 337 1046 1257 696
s96 336 1046 1257 746
s97 336 1087 1256 746
s98 335 1087 1257 746
s99 336 1086 1257 746
s100 336 1119 1291 746
s101 335 1119 1291 746
s102 336 1119 1257 746
s103 335 1119 1257 746
s104 336 1119 1228 746
s105 335 1119 1228 746
s106 336 1086 1228 746
s107 337 1086 1257 696
s108 336 1086 1257 696
s109 336 1087 1258 746
s110 335 1087 1258 746
s111 336 1087 1229 746
s112 335 1087 1228 746
s113 336 1046 1228 746
s114 336 1046 1257 696
s115 337 1046 1228 696
s116 336 1046 1228 696
s117 336 1087 1227 746
s118 335 1087 1256 746
s119 335 1087 1290 746
s120 336 1086 1333 746
s121 336 1119 1383 746
s122 335 1119 1383 746
s123 336 1119 1333 746
s124 335 1119 1333 746
s125 336 1119 1290 746
s126 335 1119 1290 746
s127 336 1086 1290 746
s128 337 1086 1333 696
s129 336 1086 1333 696
s130 336 1119 1332 746
s131 336 1119 1382 746
s132 336 1119 1436 746
s133 335 1119 1436 746
s134 334 1155 1436 800
s135 334 1154 1436 800
s136 334 1155 1382 800
s137 334 1119 1382 800
s138 334 1119 1383 746
s139 335 1119 1382 746
s140 336 1086 1382 746
s141 337 1086 1382 696
s142 336 1086 1382 696
s143 337 1086 1332 696
s144 336 1086 1332 746
s145 336 1087 1289 746
s146 335 1087 1332 746
s147 336 1046 1332 746
s148 335 1046 1333 746
s149 336 1046 1290 746
s150 335 1046 1291 746
s151 334 1087 1291 746
s152 334 1120 1290 800
s153 334 1087 1333 800
s154 334 1087 1383 746
s155 334 1087 1382 800
s156 334 1087 1436 746
s157 275 1087 1436 746
s158 334 1087 1382 746
s159 334 1120 1332 800
s160 334 1119 1333 800
s161 334 1155 1290 800
s162 334 1154 1333 800
s163 334 1155 1332 800
s164 334 1154 1382 800
s165 335 1154 1436 746
s166 336 1154 1436 746
s167 336 1154 1382 746
s168 335 1154 1382 746
s169 336 1118 1382 746
s170 336 1154 1332 746
s171 336 1154 1333 746
s172 335 1154 1333 746
s173 336 1154 1290 746
s174 335 1154 1290 746
s175 336 1118 1290 746
s176 336 1119 1256 746
s177 335 1119 1256 746
s178 336 1086 1256 746
s179 337 1086 1290 696
s180 336 1086 1290 696
s181 336 1119 1289 746
s182 335 1119 1332 746
s183 336 1118 1332 746
s184 337 1118 1382 696
s185 336 1118 1382 696
s186 337 1118 1332 696
s187 336 1118 1332 696
s188 336 1154 1289 746
s189 335 1154 1332 746
s190 336 1153 1332 746
s191 335 1153 1332 746
s192 335 1154 1289 746
s193 336 1118 1289 746
s194 337 1118 1290 696
s195 336 1118 1290 696
s196 336 1154 1256 746
s197 336 1154 1257 746
s198 335 1154 1257 746
s199 336 1154 1228 746
s200 335 1154 1228 746
s201 336 1118 1228 746
s202 336 1119 1198 746
s203 335 1119 1198 746
s204 336 1086 1198 746
s205 337 1086 1228 696
s206 336 1086 1228 696
s207 336 1119 1227 746
s208 336 1118 1256 746
s209 336 1119 1255 746
s210 335 1119 1289 746
s211 336 1086 1289 746
s212 336 1086 1332 696
s213 337 1045 1332 696
s214 337 1046 1289 696
s215 336 1046 1290 696
s216 337 1045 1290 696
s217 337 1046 1256 696
s218 336 1046 1256 746
s219 336 1087 1255 746
s220 335 1087 1289 746
s221 336 1046 1289 746
s222 336 1046 1332 696
s223 277 1046 1333 696
s224 276 1046 1333 696
s225 335 1046 1333 696
s226 334 1087 1333 746
s227 335 1086 1333 746
s228 334 1119 1333 746
s229 275 1119 1383 746
s230 334 1119 1382 746
s231 334 1119 1436 746
s232 334 1155 1489 800
s233 334 1155 1488 800
s234 334 1119 1488 800
s235 334 1120 1488 800
s236 334 1120 1487 800
s237 334 1087 1487 800
s238 334 1120 1486 800
s239 334 1119 1487 800
s240 334 1155 1487 800
s241 334 1154 1488 800
s242 334 1155 1537 800
s243 334 1155 1536 800
s244 334 1154 1487 800
s245 335 1154 1488 746
s246 336 1154 1488 746
s247 336 1154 1487 746
s248 335 1154 1487 746
s249 336 1118 1487 746
s250 336 1119 1488 746
s251 335 1119 1488 746
s252 336 1119 1487 746
s253 335 1119 1487 746
s254 336 1119 1486 746
s255 335 1119 1486 746
s256 336 1086 1486 746
s257 336 1087 1487 746
s258 335 1087 1487 746
s259 336 1087 1486 746
s260 335 1087 1486 746
s261 336 1087 1485 746
s262 335 1087 1485 746
s263 336 1046 1485 746
s264 336 1087 1534 746
s265 336 1086 1485 746
s266 336 1119 1485 746
s267 336 1118 1486 746
s268 336 1154 1486 746
s269 336 1153 1487 746
s270 336 1154 1536 746
s271 335 1154 1536 746
s272 336 1154 1535 746
s273 335 1154 1486 746
s274 336 1153 1486 746
s275 336 1154 1485 746
s276 335 1154 1485 746
s277 336 1118 1485 746
s278 337 1118 1486 696
s279 337 1118 1487 696
s280 336 1118 1487 696
s281 335 1118 1487 746
s282 334 1119 1488 746
s283 275 1119 1488 746
s284 334 1119 1487 746
s285 334 1120 1536 800
s286 334 1120 1535 800
s287 334 1087 1486 800
s288 334 1087 1487 746
s289 275 1087 1487 746
s290 334 1087 1486 746
s291 334 1120 1485 800
s292 334 1119 1486 800
s293 334 1155 1486 800
s294 334 1154 1486 800
s295 334 1154 1487 746
s296 334 1154 1488 746
s297 334 1190 1489 800
s298 334 1190 1436 800
s299 334 1154 1436 746
s300 275 1154 1436 746
s301 334 1154 1382 746
s302 335 1118 1382 746
s303 334 1118 1382 800
s304 334 1119 1332 800
s305 334 1120 1289 800
s306 334 1087 1290 800
s307 334 1120 1256 800
s308 334 1119 1257 800
s309 334 1155 1257 800
s310 334 1154 1257 800
s311 334 1155 1228 800
s312 334 1119 1228 800
s313 334 1120 1228 800
s314 334 1087 1228 800
s315 334 1087 1257 746
s316 334 1120 1258 800
s317 334 1120 1292 800
s318 334 1119 1291 746
s319 334 1119 1290 800
s320 334 1155 1256 800
s321 334 1154 1290 800
s322 334 1154 1333 746
s323 334 1190 1383 800
s324 334 1190 1333 800
s325 334 1154 1332 800
s326 334 1155 1289 800
s327 334 1119 1289 800
s328 334 1119 1290 746
s329 335 1086 1290 746
s330 335 1086 1333 696
s331 334 1086 1333 746
s332 334 1086 1333 800
s333 334 1087 1332 800
s334 334 1046 1333 800
s335 334 1046 1290 800
s336 334 1046 1291 800
s337 334 1046 1257 800
s338 334 1046 1291 746
s339 334 1087 1290 746
s340 335 1046 1290 746
s341 335 1046 1291 696
s342 335 1046 1257 746
s343 334 1046 1257 746
s344 334 1087 1256 800
s345 334 1120 1227 800
s346 334 1119 1256 800
s347 334 1119 1257 746
s348 334 1155 1258 800
s349 334 1155 1229 800
s350 334 1154 1228 800
s351 334 1154 1257 746
s352 335 1154 1256 746
s353 336 1153 1256 746
s354 336 1154 1227 746
s355 335 1154 1227 746
s356 336 1118 1227 746
s357 337 1118 1228 696
s358 336 1118 1228 696
s359 336 1119 1229 746
s360 335 1119 1229 746
s361 336 1119 1199 746
s362 336 1118 1198 746
s363 336 1154 1198 746
s364 335 1154 1198 746
s365 336 1154 1165 746
s366 335 1154 1165 746
s367 336 1118 1165 746
s368 336 1119 1165 746
s369 335 1119 1165 746
s370 336 1086 1165 746
s371 337 1086 1198 696
s372 337 1045 1228 696
s373 337 1046 1198 696
s374 336 1046 1198 746
s375 336 1087 1197 746
s376 335 1087 1198 746
s377 336 1087 1199 746
s378 335 1087 1229 746
s379 336 1046 1229 746
s380 337 1046 1229 696
s381 336 1046 1229 696
s382 337 1046 1199 696
s383 336 1046 1198 696
s384 337 1045 1198 696
s385 338 1045 1228 647
s386 383 1046 1257 696
s387 425 1087 1291 746
s388 467 1120 1334 800
s389 509 1156 1384 854
s390 551 1156 1438 904
s391 601 1157 1439 951
s392 650 1158 1440 998
s393 698 1159 1441 998
s394 748 1160 1442 997
s395 802 1161 1443 1043
s396 802 1162 1444 1043
s397 802 1163 1390 1043
s398 802 1164 1391 1043
s399 802 1164 1392 1043
s400 856 1165 1393 1077
s401 857 1198 1394 1078
s402 857 1198 1394 1079
s403 857 1198 1394 1080
s404 857 1198 1394 1081
s405 857 1198 1394 1082
s406 857 1198 1394 1083
s407 857 1198 1394 1084
s408 803 1198 1394 1085
s409 804 1228 1446 1086
s410 805 1257 1495 1087
s411 806 1291 1539 1120
s412 807 1334 1539 1121
s413 808 1384 1540 1122
s414 809 1385 1580 1123
s415 810 1439 1618 1124
s416 811 1492 1655 1125
s417 812 1492 1692 1126
s418 813 1492 1691 1127
s419 814 1492 1732 1128
s420 815 1492 1780 1129
s421 816 1492 1780 1165
s422 817 1492 1780 1198
s423 818 1492 1780 1198
s424 868 1492 1780 1228
s425 915 1492 1780 1257
s426 962 1492 1780 1291
s427 963 1492 1780 1257
s428 964 1492 1780 1228
s429 965 1492 1780 1229
s430 1011 1492 1780 1258
s431 1012 1492 1780 1259
s432 1011 1492 1780 1259
s433 1012 1492 1732 1259
s434 1012 1493 1780 1259
s435 1012 1492 1779 1259
s436 1011 1492 1779 1258
s437 1011 1492 1780 1229
s438 1012 1492 1780 1199
s439 1011 1492 1780 1198
s440 1011 1492 1732 1198
s441 1011 1492 1780 1165
s442 1012 1492 1780 1129
s443 1013 1492 1780 1130
s444 1012 1492 1780 1166
s445 1011 1492 1780 1199
s446 1012 1492 1732 1199
s447 1012 1493 1780 1199
s448 1012 1492 1779 1199
s449 1011 1492 1779 1198
s450 1011 1493 1780 1198
s451 1011 1440 1780 1198
s452 1011 1439 1732 1198
s453 1011 1492 1691 1198
s454 1011 1492 1732 1165
s455 1011 1492 1780 1129
s456 1012 1492 1732 1129
s457 1012 1492 1780 1089
s458 1013 1492 1780 1090
s459 1012 1492 1780 1130
s460 1013 1492 1732 1130
s461 1013 1493 1780 1130
s462 1013 1492 1779 1130
s463 1012 1492 1779 1129
s464 1012 1493 1780 1129
s465 1011 1493 1780 1165
s466 1011 1492 1779 1165
s467 1011 1492 1780 1166
s468 1012 1492 1732 1166
s469 966 1492 1780 1166
s470 1012 1492 1779 1166
s471 1012 1493 1780 1166
s472 1011 1493 1780 1199
s473 1011 1493 1780 1229
s474 1011 1493 1780 1258
s475 1011 1492 1732 1258
s476 1011 1439 1732 1258
s477 1011 1492 1691 1258
s478 1011 1492 1732 1229
s479 1011 1492 1731 1258
s480 1011 1492 1732 1259
s481 1012 1439 1732 1259
s482 1012 1492 1691 1259
s483 1012 1493 1732 1259
s484 1012 1492 1731 1259
s485 1011 1492 1779 1259
s486 1012 1439 1779 1259
s487 1012 1492 1778 1259
s488 1012 1491 1779 1259
s489 1012 1492 1833 1259
s490 1012 1493 1779 1259
s491 1011 1493 1780 1259
s492 1012 1440 1780 1259
s493 1012 1493 1781 1259
s494 1012 1494 1780 1259
s495 1012 1493 1834 1259
s496 1011 1493 1834 1258
s497 1011 1492 1833 1258
s498 1011 1492 1779 1229
s499 1011 1439 1779 1258
s500 1011 1492 1778 1258
s501 1011 1491 1779 1258
s502 1011 1491 1731 1258
s503 1011 1491 1779 1229
s504 1011 1492 1731 1229
s505 1011 1492 1732 1199
s506 1012 1439 1732 1199
s507 1012 1492 1691 1199
s508 1012 1493 1732 1199
s509 1012 1492 1731 1199
s510 1011 1492 1779 1199
s511 1012 1439 1779 1199
s512 1012 1492 1778 1199
s513 1012 1491 1779 1199
s514 1012 1492 1833 1199
s515 1012 1493 1779 1199
s516 1012 1440 1780 1199
s517 1012 1493 1781 1199
s518 1012 1494 1780 1199
s519 1012 1493 1834 1199
s520 1011 1493 1834 1198
s521 1011 1492 1833 1198
s522 1011 1439 1779 1198
s523 1011 1492 1731 1198
s524 1011 1491 1779 1198
s525 1011 1492 1778 1198
s526 1011 1493 1779 1198
s527 1011 1494 1780 1198
s528 1011 1493 1732 1198
s529 1011 1440 1732 1198
s530 1011 1439 1691 1198
s531 1011 1439 1732 1165
s532 1011 1492 1691 1165
s533 1011 1492 1732 1129
s534 1011 1492 1780 1089
s535 1012 1492 1732 1089
s536 1012 1492 1780 1048
s537 1013 1492 1780 1049
s538 1014 1492 1780 1050
s539 1053 1492 1780 1050
s540 1091 1492 1780 1050
s541 1131 1492 1780 1050
s542 1167 1492 1780 1050
s543 1168 1492 1780 1051
s544 1132 1492 1780 1051
s545 1168 1492 1732 1051
s546 1167 1492 1780 1051
s547 1168 1492 1779 1051
s548 1168 1493 1780 1051
s549 1167 1493 1780 1050
s550 1167 1492 1732 1050
s551 1131 1492 1732 1050
s552 1131 1492 1780 1051
s553 1167 1492 1779 1050
s554 1131 1492 1779 1050
s555 1132 1492 1779 1051
s556 1168 1439 1779 1051
s557 1168 1492 1731 1051
s558 1132 1492 1732 1051
s559 1168 1439 1732 1051
s560 1168 1492 1691 1051
s561 1167 1492 1732 1051
s562 1168 1493 1732 1051
s563 1132 1493 1780 1051
s564 1168 1440 1780 1051
s565 1168 1493 1779 1051
s566 1168 1492 1778 1051
s567 1167 1492 1779 1051
s568 1168 1491 1779 1051
s569 1168 1492 1833 1051
s570 1168 1493 1834 1051
s571 1167 1493 1780 1051
s572 1168 1493 1781 1051
s573 1168 1494 1780 1051
s574 1167 1494 1780 1050
s575 1167 1493 1732 1050
s576 1167 1492 1691 1050
s577 1167 1439 1732 1050
s578 1167 1492 1731 1050
s579 1167 1439 1779 1050
s580 1167 1492 1778 1050
s581 1167 1491 1779 1050
s582 1167 1492 1833 1050
s583 1167 1493 1779 1050
s584 1131 1493 1780 1050
s585 1167 1440 1780 1050
s586 1167 1493 1781 1050
s587 1131 1493 1781 1050
s588 1131 1493 1780 1051
s589 1167 1493 1834 1050
s590 1131 1493 1834 1050
s591 1131 1492 1833 1050
s592 1131 1492 1779 1051
s593 1132 1439 1779 1051
s594 1132 1492 1731 1051
s595 1168 1439 1731 1051
s596 1168 1492 1690 1051
s597 1132 1492 1691 1051
s598 1168 1439 1691 1051
s599 1168 1492 1692 1051
s600 1200 1492 1655 1050
s601 1230 1492 1692 1049
s602 1260 1492 1691 1048
s603 1297 1492 1732 1089
s604 1296 1492 1780 1129
s605 1295 1492 1780 1165
s606 1341 1492 1780 1198
s607 1341 1492 1780 1228
s608 1341 1492 1780 1257
s609 1341 1492 1780 1291
s610 1341 1492 1780 1334
s611 1341 1492 1780 1384
s612 1341 1492 1780 1385
s613 1341 1492 1780 1386
s614 1341 1492 1780 1387
s615 1341 1492 1780 1388
s616 1341 1492 1780 1389
s617 1341 1492 1780 1390
s618 1341 1492 1780 1391
s619 1341 1492 1780 1392
s620 1341 1492 1780 1393
s621 1341 1492 1780 1394
s622 1341 1492 1780 1395
s623 1341 1492 1780 1447
s624 1341 1492 1780 1496
s625 1341 1492 1780 1540
s626 1341 1492 1780 1580
s627 1341 1492 1780 1618
s628 1341 1492 1780 1655
s629 1341 1492 1780 1692
s630 1341 1492 1780 1691
s631 1341 1492 1780 1690
s632 1341 1492 1780 1731
s633 1341 1492 1780 1730
s634 1341 1492 1780 1729
s635 1341 1492 1780 1728
t 14.429965675999483 s