s0 499 15 421 311
s1 500 16 422 312
s2 501 17 464 313
s3 502 78 506 314
s4 503 139 548 315
s5 504 200 597 316
s6 505 261 646 317
s7 506 322 695 318
s8 548 372 745 319
s9 597 414 799 320
s10 646 456 853 321
s11 695 498 903 322
s12 745 544 950 323
s13 799 594 997 324
s14 853 644 1043 325
s15 903 693 1077 326
s16 950 741 1078 327
s17 997 742 1079 328
s18 1043 743 1080 329
s19 1077 793 1081 379
s20 1078 794 1082 380
s21 1079 795 1115 381
s22 1080 796 1151 423
s23 1081 797 1187 465
s24 1082 798 1220 507
s25 1083 799 1250 549
s26 1084 853 1284 598
s27 1085 903 1327 647
s28 1086 950 1376 696
s29 1119 997 1430 746
s30 1155 1043 1479 800
s31 1191 1077 1479 854
s32 1224 1078 1479 904
s33 1254 1079 1479 951
s34 1288 1080 1479 950
s35 1331 1081 1479 997
s36 1380 1082 1479 1043
s37 1381 1083 1479 1077
s38 1435 1084 1479 1078
s39 1484 1085 1479 1079
s40 1531 1086 1479 1080
s41 1532 1119 1479 1081
s42 1533 1155 1479 1082
s43 1534 1191 1479 1083
s44 1535 1224 1479 1084
s45 1579 1254 1479 1085
s46 1617 1288 1479 1086
s47 1653 1331 1479 1087
s48 1654 1380 1479 1120
s49 1689 1381 1479 1121
s50 1725 1435 1479 1122
s51 1766 1484 1479 1123
s52 1767 1531 1479 1124
s53 1768 1532 1479 1125
s54 1769 1533 1479 1126
s55 1770 1534 1479 1127
s56 1770 1535 1479 1128
s57 1770 1579 1479 1164
s58 1770 1617 1479 1197
s59 1770 1653 1479 1227
s60 1770 1654 1479 1228
s61 1770 1689 1479 1257
s62 1770 1689 1479 1291
s63 1770 1689 1479 1334
s64 1770 1689 1479 1384
s65 1770 1689 1479 1385
s66 1770 1689 1479 1386
s67 1770 1689 1479 1387
s68 1770 1689 1479 1388
s69 1770 1689 1479 1389
s70 1770 1689 1479 1390
s71 1770 1689 1479 1391
s72 1770 1725 1480 1391
s73 1770 1766 1480 1391
s74 1770 1820 1481 1391
s75 1770 1819 1480 1391
s76 1770 1818 1479 1391
s77 1770 1817 1479 1391
s78 1770 1816 1479 1391
s79 1770 1815 1479 1391
s80 1771 1815 1479 1392
s81 1772 1815 1479 1393
s82 1772 1815 1430 1393
s83 1771 1815 1430 1392
s84 1770 1815 1430 1391
s85 1770 1815 1479 1390
s86 1770 1815 1478 1391
s87 1770 1815 1479 1445
s88 1770 1815 1480 1391
s89 1770 1874 1479 1391
s90 1770 1815 1526 1391
s91 1771 1815 1479 1391
s92 1771 1815 1478 1392
s93 1771 1816 1479 1392
s94 1771 1815 1480 1392
s95 1771 1874 1479 1392
s96 1771 1815 1526 1392
s97 1772 1815 1479 1392
s98 1772 1815 1478 1393
s99 1772 1816 1479 1393
s100 1772 1815 1480 1393
s101 1772 1874 1479 1393
s102 1772 1815 1526 1393
s103 1772 1815 1525 1393
s104 1771 1815 1525 1392
s105 1770 1815 1525 1391
s106 1770 1815 1478 1390
s107 1770 1815 1479 1389
s108 1769 1815 1479 1390
s109 1770 1815 1430 1390
s110 1770 1815 1479 1444
s111 1769 1815 1479 1445
s112 1770 1815 1430 1445
s113 1770 1816 1479 1445
s114 1770 1815 1478 1445
s115 1770 1874 1479 1445
s116 1770 1815 1480 1445
s117 1771 1815 1479 1445
s118 1770 1815 1526 1445
s119 1824 1815 1479 1445
s120 1824 1815 1430 1445
s121 1770 1815 1376 1391
s122 1770 1816 1430 1391
s123 1770 1815 1429 1391
s124 1770 1816 1478 1391
s125 1770 1815 1477 1391
s126 1770 1874 1478 1391
s127 1770 1874 1479 1390
s128 1770 1815 1480 1390
s129 1770 1816 1479 1390
s130 1770 1815 1526 1390
s131 1771 1815 1479 1390
s132 1771 1815 1430 1391
s133 1770 1815 1431 1391
s134 1770 1816 1480 1391
s135 1770 1815 1481 1391
s136 1770 1874 1480 1391
s137 1770 1815 1527 1391
s138 1770 1816 1526 1391
s139 1770 1815 1570 1391
s140 1770 1874 1526 1391
s141 1771 1815 1526 1391
s142 1771 1816 1479 1391
s143 1770 1875 1479 1391
s144 1770 1874 1430 1391
s145 1770 1873 1479 1391
s146 1771 1874 1479 1391
s147 1770 1935 1479 1391
s148 1771 1935 1479 1392
s149 1771 1874 1430 1392
s150 1771 1815 1376 1392
s151 1771 1816 1430 1392
s152 1771 1815 1429 1392
s153 1771 1815 1478 1391
s154 1772 1815 1479 1391
s155 1771 1815 1480 1391
s156 1771 1815 1431 1392
s157 1771 1816 1480 1392
s158 1771 1815 1481 1392
s159 1771 1874 1480 1392
s160 1771 1815 1527 1392
s161 1771 1816 1526 1392
s162 1771 1815 1570 1392
s163 1771 1874 1526 1392
s164 1772 1815 1526 1392
s165 1772 1816 1479 1392
s166 1771 1816 1478 1392
s167 1771 1815 1477 1392
s168 1771 1874 1478 1392
s169 1772 1815 1478 1392
s170 1772 1874 1479 1392
s171 1771 1873 1479 1392
s172 1771 1873 1430 1392
s173 1770 1873 1430 1391
s174 1770 1873 1479 1390
s175 1770 1874 1430 1390
s176 1770 1815 1376 1390
s177 1770 1815 1430 1389
s178 1770 1815 1479 1443
s179 1769 1815 1479 1389
s180 1770 1815 1478 1389
s181 1770 1816 1479 1389
s182 1770 1815 1480 1389
s183 1770 1874 1479 1389
s184 1770 1815 1526 1389
s185 1771 1815 1479 1389
s186 1771 1815 1430 1390
s187 1770 1815 1429 1390
s188 1770 1815 1430 1444
s189 1769 1815 1479 1444
s190 1770 1815 1478 1444
s191 1770 1816 1479 1444
s192 1770 1815 1480 1444
s193 1770 1874 1479 1444
s194 1770 1815 1526 1444
s195 1771 1815 1479 1444
s196 1771 1815 1430 1445
s197 1770 1815 1376 1445
s198 1769 1815 1430 1445
s199 1770 1815 1429 1445
s200 1769 1815 1478 1445
s201 1770 1815 1477 1445
s202 1770 1816 1478 1445
s203 1770 1815 1525 1445
s204 1769 1815 1526 1445
s205 1770 1815 1527 1445
s206 1769 1815 1480 1445
s207 1770 1815 1431 1445
s208 1770 1816 1430 1445
s209 1769 1816 1479 1445
s210 1770 1816 1480 1445
s211 1770 1815 1481 1445
s212 1770 1874 1480 1445
s213 1771 1815 1480 1445
s214 1771 1816 1479 1445
s215 1770 1816 1526 1445
s216 1770 1815 1570 1445
s217 1770 1874 1526 1445
s218 1771 1815 1526 1445
s219 1771 1874 1479 1445
s220 1770 1873 1479 1445
s221 1770 1874 1430 1445
s222 1769 1874 1479 1445
s223 1770 1874 1478 1445
s224 1771 1815 1478 1445
s225 1772 1815 1479 1445
s226 1772 1815 1430 1391
s227 1772 1815 1430 1392
s228 1772 1815 1376 1393
s229 1772 1816 1430 1393
s230 1772 1815 1429 1393
s231 1772 1816 1478 1393
s232 1772 1815 1477 1393
s233 1772 1874 1478 1393
s234 1772 1875 1479 1393
s235 1771 1875 1479 1392
s236 1771 1875 1478 1392
s237 1770 1875 1478 1391
s238 1770 1816 1429 1391
s239 1770 1815 1428 1391
s240 1770 1815 1477 1390
s241 1769 1815 1478 1390
s242 1770 1815 1525 1390
s243 1769 1815 1526 1390
s244 1770 1815 1527 1390
s245 1769 1815 1480 1390
s246 1770 1815 1431 1390
s247 1769 1815 1430 1390
s248 1770 1816 1430 1390
s249 1769 1816 1479 1390
s250 1770 1816 1478 1390
s251 1771 1815 1478 1390
s252 1770 1874 1478 1390
s253 1769 1874 1479 1390
s254 1770 1874 1480 1390
s255 1770 1815 1481 1390
s256 1770 1816 1480 1390
s257 1771 1815 1480 1390
s258 1771 1815 1479 1335
s259 1771 1815 1526 1390
s260 1770 1815 1570 1390
s261 1770 1816 1526 1390
s262 1770 1817 1479 1390
s263 1771 1816 1479 1390
s264 1770 1875 1479 1390
s265 1770 1874 1526 1390
s266 1770 1935 1479 1390
s267 1771 1874 1479 1390
s268 1772 1815 1479 1390
s269 1772 1815 1478 1391
s270 1771 1815 1429 1391
s271 1771 1816 1430 1391
s272 1770 1816 1431 1391
s273 1770 1815 1377 1391
s274 1770 1874 1431 1391
s275 1770 1815 1432 1391
s276 1770 1816 1481 1391
s277 1770 1815 1482 1391
s278 1770 1874 1481 1391
s279 1770 1815 1528 1391
s280 1770 1816 1527 1391
s281 1770 1815 1571 1391
s282 1770 1816 1570 1391
s283 1770 1815 1569 1391
s284 1770 1816 1525 1391
s285 1770 1815 1524 1391
s286 1770 1816 1477 1391
s287 1770 1815 1476 1391
s288 1770 1874 1477 1391
s289 1771 1815 1477 1391
s290 1771 1816 1478 1391
s291 1770 1817 1478 1391
s292 1770 1817 1479 1445
s293 1824 1816 1479 1445
s294 1770 1875 1479 1445
s295 1824 1874 1479 1445
s296 1770 1935 1479 1445
s297 1770 1934 1479 1391
s298 1770 1873 1478 1391
s299 1770 1874 1525 1391
s300 1771 1815 1525 1391
s301 1771 1816 1526 1391
s302 1770 1817 1526 1391
s303 1770 1876 1479 1391
s304 1770 1817 1430 1391
s305 1771 1817 1479 1392
s306 1772 1817 1479 1393
s307 1772 1816 1480 1393
s308 1772 1815 1431 1393
s309 1772 1815 1480 1392
s310 1772 1815 1481 1393
s311 1772 1874 1480 1393
s312 1772 1815 1527 1393
s313 1772 1816 1526 1393
s314 1772 1815 1570 1393
s315 1772 1874 1526 1393
s316 1772 1935 1479 1393
s317 1772 1874 1430 1393
s318 1772 1874 1430 1392
s319 1771 1874 1430 1391
s320 1771 1815 1376 1391
s321 1771 1815 1377 1392
s322 1771 1815 1431 1391
s323 1771 1816 1480 1391
s324 1770 1817 1480 1391
s325 1771 1817 1479 1391
s326 1772 1816 1479 1391
s327 1771 1875 1479 1391
s328 1770 1875 1480 1391
s329 1770 1874 1527 1391
s330 1771 1815 1527 1391
s331 1771 1874 1480 1391
s332 1770 1873 1480 1391
s333 1770 1872 1479 1391
s334 1770 1873 1526 1391
s335 1770 1874 1570 1391
s336 1770 1815 1610 1391
s337 1771 1815 1570 1391
s338 1771 1874 1526 1391
s339 1770 1875 1526 1391
s340 1771 1875 1526 1392
s341 1771 1816 1525 1392
s342 1771 1815 1524 1392
s343 1771 1816 1477 1392
s344 1771 1815 1428 1392
s345 1771 1816 1429 1392
s346 1772 1815 1429 1392
s347 1772 1816 1430 1392
s348 1771 1816 1431 1392
s349 1771 1815 1432 1392
s350 1771 1815 1481 1391
s351 1772 1815 1480 1391
s352 1772 1815 1479 1336
s353 1772 1815 1526 1391
s354 1772 1874 1479 1391
s355 1771 1873 1479 1391
s356 1771 1874 1478 1391
s357 1771 1935 1479 1391
s358 1770 1935 1480 1391
s359 1771 1935 1480 1392
s360 1771 1874 1431 1392
s361 1772 1815 1431 1392
s362 1772 1816 1480 1392
s363 1771 1816 1481 1392
s364 1771 1815 1482 1392
s365 1771 1874 1481 1392
s366 1771 1815 1528 1392
s367 1771 1816 1527 1392
s368 1771 1815 1571 1392
s369 1771 1816 1570 1392
s370 1771 1815 1569 1392
s371 1771 1874 1525 1392
s372 1772 1815 1525 1392
s373 1772 1816 1478 1392
s374 1771 1817 1478 1392
s375 1771 1818 1479 1392
s376 1771 1817 1430 1392
s377 1771 1876 1479 1392
s378 1771 1817 1480 1392
s379 1772 1817 1479 1392
s380 1771 1817 1526 1392
s381 1772 1816 1526 1392
s382 1772 1815 1527 1392
s383 1771 1874 1527 1392
s384 1771 1873 1480 1392
s385 1772 1874 1480 1392
s386 1771 1875 1480 1392
s387 1772 1875 1479 1392
s388 1772 1874 1478 1392
s389 1771 1873 1478 1392
s390 1771 1874 1477 1392
s391 1771 1815 1476 1392
s392 1772 1815 1477 1392
s393 1772 1815 1428 1393
s394 1772 1816 1429 1393
s395 1772 1817 1430 1393
s396 1772 1816 1431 1393
s397 1772 1815 1377 1393
s398 1772 1815 1376 1392
s399 1772 1815 1376 1391
s400 1771 1815 1376 1390
s401 1770 1815 1376 1389
s402 1770 1815 1430 1443
s403 1770 1815 1479 1442
s404 1769 1815 1479 1443
s405 1770 1815 1478 1443
s406 1770 1816 1479 1443
s407 1770 1815 1480 1443
s408 1770 1874 1479 1443
s409 1770 1815 1526 1443
s410 1771 1815 1479 1443
s411 1771 1815 1430 1389
s412 1770 1815 1429 1389
s413 1769 1815 1430 1389
s414 1770 1815 1431 1389
s415 1769 1815 1480 1389
s416 1770 1815 1481 1389
s417 1770 1816 1480 1389
s418 1770 1815 1527 1389
s419 1769 1815 1526 1389
s420 1770 1815 1525 1389
s421 1769 1815 1478 1389
s422 1770 1815 1477 1389
s423 1770 1816 1478 1389
s424 1771 1815 1478 1389
s425 1770 1874 1478 1389
s426 1824 1815 1479 1389
s427 1825 1815 1479 1390
s428 1824 1815 1479 1444
s429 1824 1815 1478 1445
s430 1825 1815 1479 1445
s431 1824 1815 1480 1445
s432 1824 1815 1431 1445
s433 1770 1815 1377 1445
s434 1770 1815 1376 1444
s435 1769 1815 1430 1444
s436 1770 1815 1429 1444
s437 1769 1815 1478 1444
s438 1770 1815 1477 1444
s439 1770 1816 1478 1444
s440 1770 1815 1525 1444
s441 1769 1815 1526 1444
s442 1770 1815 1527 1444
s443 1769 1815 1480 1444
s444 1770 1815 1431 1444
s445 1770 1816 1430 1444
s446 1771 1815 1430 1444
s447 1770 1874 1430 1444
s448 1824 1815 1430 1444
s449 1824 1815 1479 1443
s450 1823 1815 1479 1444
s451 1824 1815 1526 1445
s452 1824 1815 1525 1445
s453 1770 1815 1524 1445
s454 1769 1815 1477 1445
s455 1770 1815 1428 1445
s456 1769 1815 1429 1445
s457 1770 1816 1429 1445
s458 1771 1815 1429 1445
s459 1771 1815 1478 1444
s460 1770 1874 1478 1444
s461 1824 1815 1478 1444
s462 1824 1816 1479 1444
s463 1770 1816 1480 1444
s464 1770 1815 1481 1444
s465 1770 1874 1480 1444
s466 1771 1815 1480 1444
s467 1771 1816 1479 1444
s468 1770 1816 1526 1444
s469 1770 1815 1570 1444
s470 1770 1874 1526 1444
s471 1771 1815 1526 1444
s472 1771 1874 1479 1444
s473 1770 1873 1479 1444
s474 1769 1874 1479 1444
s475 1770 1875 1479 1444
s476 1769 1816 1479 1444
s477 1770 1817 1479 1444
s478 1769 1817 1479 1390
s479 1769 1816 1430 1390
s480 1769 1815 1376 1390
s481 1770 1815 1377 1390
s482 1769 1815 1431 1390
s483 1770 1815 1432 1390
s484 1769 1815 1481 1390
s485 1770 1815 1482 1390
s486 1770 1816 1481 1390
s487 1770 1815 1528 1390
s488 1769 1815 1527 1390
s489 1770 1815 1571 1390
s490 1770 1815 1570 1389
s491 1770 1816 1526 1389
s492 1771 1815 1526 1389
s493 1770 1874 1526 1389
s494 1824 1815 1526 1389
s495 1824 1816 1479 1389
s496 1770 1816 1430 1389
s497 1824 1815 1430 1389
s498 1770 1874 1430 1389
s499 1769 1874 1479 1389
s500 1770 1873 1479 1389
s501 1770 1874 1480 1389
s502 1771 1815 1480 1389
s503 1771 1816 1479 1389
s504 1770 1817 1479 1389
s505 1769 1816 1479 1389
s506 1770 1875 1479 1389
s507 1771 1874 1479 1389
s508 1770 1935 1479 1389
s509 1824 1874 1479 1389
s510 1824 1815 1478 1389
s511 1825 1815 1479 1389
s512 1824 1815 1480 1389
s513 1825 1815 1480 1390
s514 1771 1815 1431 1390
s515 1770 1816 1431 1390
s516 1769 1816 1480 1390
s517 1770 1816 1527 1390
s518 1771 1815 1527 1390
s519 1770 1874 1527 1390
s520 1769 1874 1480 1390
s521 1770 1873 1480 1390
s522 1770 1874 1431 1390
s523 1769 1874 1430 1390
s524 1769 1815 1429 1390
s525 1770 1815 1428 1390
s526 1769 1815 1477 1390
s527 1770 1815 1476 1390
s528 1770 1816 1477 1390
s529 1770 1815 1524 1390
s530 1769 1815 1525 1390
s531 1770 1815 1569 1390
s532 1769 1815 1570 1390
s533 1770 1815 1610 1390
s534 1770 1816 1570 1390
s535 1771 1815 1570 1390
s536 1770 1874 1570 1390
s537 1769 1874 1526 1390
s538 1770 1935 1526 1391
s539 1771 1935 1526 1392
s540 1771 1874 1570 1392
s541 1771 1815 1610 1392
s542 1772 1815 1570 1392
s543 1772 1874 1526 1392
s544 1771 1873 1526 1392
s545 1771 1934 1479 1392
s546 1772 1935 1479 1392
s547 1772 1935 1480 1393
s548 1772 1874 1431 1393
s549 1772 1815 1432 1393
s550 1772 1815 1481 1392
s551 1772 1815 1482 1393
s552 1772 1816 1481 1393
s553 1772 1815 1528 1393
s554 1772 1816 1527 1393
s555 1772 1815 1571 1393
s556 1772 1816 1570 1393
s557 1772 1815 1569 1393
s558 1772 1816 1525 1393
s559 1772 1815 1524 1393
s560 1772 1816 1477 1393
s561 1772 1815 1476 1393
s562 1772 1874 1477 1393
s563 1772 1875 1478 1393
s564 1772 1874 1525 1393
s565 1772 1875 1526 1393
s566 1772 1874 1527 1393
s567 1772 1875 1480 1393
s568 1772 1874 1481 1393
s569 1772 1874 1432 1393
s570 1771 1874 1432 1392
s571 1770 1874 1432 1391
s572 1770 1815 1378 1391
s573 1770 1815 1432 1445
s574 1769 1815 1431 1445
s575 1770 1816 1431 1445
s576 1771 1815 1431 1445
s577 1770 1874 1431 1445
s578 1769 1874 1430 1445
s579 1769 1815 1376 1445
s580 1769 1816 1430 1445
s581 1770 1817 1430 1445
s582 1771 1816 1430 1445
s583 1771 1815 1376 1445
s584 1771 1874 1430 1445
s585 1770 1873 1430 1445
s586 1824 1874 1430 1445
s587 1824 1815 1376 1445
s588 1824 1816 1430 1445
s589 1824 1815 1429 1445
s590 1824 1816 1478 1445
s591 1770 1816 1477 1445
s592 1770 1815 1476 1445
s593 1770 1874 1477 1445
s594 1771 1815 1477 1445
s595 1771 1816 1478 1445
s596 1770 1816 1525 1445
s597 1770 1815 1569 1445
s598 1769 1815 1525 1445
s599 1770 1874 1525 1445
s600 1771 1815 1525 1445
s601 1771 1816 1526 1445
s602 1770 1816 1527 1445
s603 1770 1815 1528 1445
s604 1769 1815 1481 1445
s605 1770 1815 1482 1445
s606 1770 1816 1481 1445
s607 1771 1815 1481 1445
s608 1770 1874 1481 1445
s609 1824 1815 1481 1445
s610 1824 1815 1480 1444
s611 1824 1874 1479 1444
s612 1770 1935 1479 1444
s613 1769 1935 1479 1390
s614 1769 1874 1478 1390
s615 1770 1873 1478 1390
s616 1770 1874 1477 1390
s617 1771 1815 1477 1390
s618 1771 1815 1478 1335
s619 1771 1816 1479 1335
s620 1771 1815 1430 1335
s621 1771 1874 1479 1335
s622 1771 1815 1480 1335
s623 1772 1815 1479 1335
s624 1771 1815 1526 1335
s625 1771 1815 1525 1390
s626 1770 1816 1525 1390
s627 1769 1816 1478 1390
s628 1770 1816 1429 1390
s629 1771 1815 1429 1390
s630 1771 1816 1430 1390
s631 1770 1817 1430 1390
s632 1770 1818 1479 1390
s633 1770 1817 1478 1390
s634 1771 1816 1478 1390
s635 1770 1875 1478 1390
s636 1770 1874 1525 1390
s637 1770 1873 1526 1390
s638 1771 1874 1526 1390
s639 1770 1875 1526 1390
s640 1769 1816 1526 1390
s641 1770 1817 1526 1390
s642 1771 1816 1526 1390
s643 1772 1815 1526 1390
s644 1772 1815 1479 1389
s645 1772 1815 1430 1390
s646 1771 1874 1430 1390
s647 1770 1873 1430 1390
s648 1769 1873 1479 1390
s649 1770 1872 1479 1390
s650 1771 1873 1479 1390
s651 1770 1934 1479 1390
s652 1770 1935 1480 1390
s653 1770 1874 1481 1390
s654 1771 1815 1481 1390
s655 1771 1816 1480 1390
s656 1770 1817 1480 1390
s657 1770 1876 1479 1390
s658 1770 1875 1480 1390
s659 1771 1874 1480 1390
s660 1772 1815 1480 1390
s661 1772 1815 1479 1444
s662 1772 1815 1430 1445
s663 1772 1816 1479 1445
s664 1771 1816 1480 1445
s665 1770 1817 1480 1445
s666 1769 1816 1480 1445
s667 1769 1815 1527 1445
s668 1770 1815 1571 1445
s669 1769 1815 1570 1445
s670 1770 1815 1610 1445
s671 1770 1816 1570 1445
s672 1771 1815 1570 1445
s673 1770 1874 1570 1445
s674 1824 1815 1570 1445
s675 1824 1815 1526 1444
s676 1825 1815 1479 1444
s677 1825 1815 1430 1390
s678 1825 1816 1479 1390
s679 1771 1817 1479 1390
s680 1772 1816 1479 1390
s681 1771 1875 1479 1390
s682 1771 1874 1478 1390
s683 1772 1815 1478 1390
s684 1772 1874 1479 1390
s685 1771 1935 1479 1390
s686 1770 1935 1526 1390
s687 1770 1934 1526 1391
s688 1770 1873 1525 1391
s689 1770 1873 1478 1445
s690 1769 1874 1478 1445
s691 1770 1875 1478 1445
s692 1769 1816 1478 1445
s693 1770 1817 1478 1445
s694 1769 1817 1479 1445
s695 1769 1816 1526 1445
s696 1770 1817 1526 1445
s697 1824 1816 1526 1445
s698 1770 1875 1526 1445
s699 1770 1874 1527 1445
s700 1771 1815 1527 1445
s701 1771 1874 1480 1445
s702 1770 1873 1480 1445
s703 1769 1874 1480 1445
s704 1770 1875 1480 1445
s705 1824 1816 1480 1445
s706 1824 1815 1527 1445
s707 1824 1874 1480 1445
s708 1770 1935 1480 1445
s709 1769 1935 1479 1445
s710 1769 1874 1526 1445
s711 1770 1873 1526 1445
s712 1771 1874 1526 1445
s713 1770 1935 1526 1445
s714 1824 1874 1526 1445
s715 1825 1815 1526 1445
s716 1825 1816 1479 1445
s717 1771 1817 1479 1445
s718 1770 1818 1479 1445
s719 1824 1817 1479 1445
s720 1770 1876 1479 1445
s721 1769 1875 1479 1445
s722 1769 1875 1478 1445
s723 1770 1875 1525 1391
s724 1770 1816 1524 1391
s725 1770 1815 1523 1391
s726 1770 1874 1524 1391
s727 1770 1815 1568 1391
s728 1770 1816 1569 1391
s729 1770 1815 1609 1391
s730 1770 1816 1610 1391
s731 1770 1815 1611 1391
s732 1770 1816 1571 1391
s733 1770 1815 1572 1391
s734 1770 1816 1528 1391
s735 1770 1815 1529 1391
s736 1770 1816 1482 1391
s737 1770 1815 1433 1391
s738 1770 1816 1432 1391
s739 1771 1815 1432 1391
s740 1771 1816 1431 1391
s741 1770 1816 1377 1391
s742 1771 1815 1377 1391
s743 1771 1874 1431 1391
s744 1770 1873 1431 1391
s745 1770 1872 1430 1391
s746 1770 1872 1479 1445
s747 1769 1873 1479 1445
s748 1770 1934 1479 1445
s749 1771 1873 1479 1445
s750 1771 1874 1478 1445
s751 1772 1815 1478 1445
s752 1772 1874 1479 1445
s753 1771 1875 1479 1445
s754 1825 1874 1479 1445
s755 1771 1935 1479 1445
s756 1771 1934 1479 1391
s757 1770 1933 1479 1391
s758 1770 1872 1478 1391
s759 1770 1873 1429 1391
s760 1770 1934 1478 1391
s761 1770 1873 1477 1391
s762 1771 1874 1477 1391
s763 1771 1815 1428 1391
s764 1771 1816 1429 1391
s765 1772 1815 1429 1391
s766 1772 1815 1430 1336
s767 1772 1816 1479 1336
s768 1772 1815 1478 1336
s769 1772 1874 1479 1336
s770 1772 1815 1480 1336
s771 1826 1815 1479 1391
s772 1826 1815 1430 1391
s773 1772 1815 1431 1391
s774 1772 1815 1480 1445
s775 1826 1815 1479 1445
s776 1772 1815 1526 1445
s777 1772 1815 1525 1391
s778 1771 1815 1524 1391
s779 1771 1816 1477 1391
s780 1771 1815 1476 1391
s781 1772 1815 1477 1391
s782 1772 1816 1478 1391
s783 1771 1816 1525 1391
s784 1770 1817 1525 1391
s785 1770 1818 1526 1391
s786 1770 1817 1527 1391
s787 1771 1816 1527 1391
s788 1770 1875 1527 1391
s789 1770 1874 1528 1391
s790 1771 1815 1528 1391
s791 1771 1816 1481 1391
s792 1770 1817 1481 1391
s793 1770 1818 1480 1391
s794 1770 1817 1431 1391
s795 1770 1876 1480 1391
s796 1770 1875 1431 1391
s797 1770 1936 1480 1391
s798 1770 1875 1481 1391
s799 1770 1874 1482 1391
s800 1770 1815 1483 1391
s801 1771 1815 1482 1391
s802 1771 1874 1481 1391
s803 1770 1873 1481 1391
s804 1770 1872 1480 1391
s805 1770 1873 1527 1391
s806 1770 1874 1571 1391
s807 1771 1815 1571 1391
s808 1771 1816 1570 1391
s809 1770 1817 1570 1391
s810 1770 1876 1526 1391
s811 1770 1875 1570 1391
s812 1770 1874 1569 1391
s813 1771 1815 1569 1391
s814 1771 1874 1525 1391
s815 1770 1935 1525 1391
s816 1770 1936 1526 1391
s817 1770 1935 1527 1391
s818 1771 1874 1527 1391
s819 1772 1815 1527 1391
s820 1772 1815 1526 1336
s821 1772 1815 1570 1391
s822 1771 1815 1610 1391
s823 1770 1815 1651 1391
s824 1770 1874 1610 1391
s825 1770 1873 1570 1391
s826 1771 1874 1570 1391
s827 1770 1935 1570 1391
s828 1770 1996 1526 1391
s829 1771 1935 1526 1391
s830 1772 1874 1526 1391
s831 1771 1873 1526 1391
s832 1770 1872 1526 1391
s833 1770 1872 1525 1391
s834 1770 1872 1478 1390
s835 1770 1872 1479 1389
s836 1770 1873 1430 1389
s837 1770 1873 1479 1443
s838 1770 1874 1430 1443
s839 1770 1815 1376 1443
s840 1770 1815 1430 1442
s841 1770 1815 1479 1388
s842 1769 1815 1479 1442
s843 1770 1815 1478 1442
s844 1770 1815 1479 1441
s845 1770 1815 1480 1442
s846 1770 1816 1479 1442
s847 1770 1815 1526 1442
s848 1770 1874 1479 1442
s849 1771 1815 1479 1442
s850 1771 1815 1430 1443
s851 1770 1815 1429 1443
s852 1769 1815 1430 1443
s853 1770 1815 1431 1443
s854 1769 1815 1480 1443
s855 1770 1815 1481 1443
s856 1770 1816 1480 1443
s857 1770 1815 1527 1443
s858 1769 1815 1526 1443
s859 1770 1815 1525 1443
s860 1769 1815 1478 1443
s861 1770 1815 1477 1443
s862 1770 1816 1478 1443
s863 1771 1815 1478 1443
s864 1770 1874 1478 1443
s865 1824 1815 1478 1443
s866 1824 1815 1479 1442
s867 1823 1815 1479 1443
s868 1769 1816 1479 1443
s869 1770 1816 1430 1443
s870 1824 1815 1430 1443
s871 1824 1816 1479 1443
s872 1770 1816 1526 1443
s873 1770 1815 1570 1443
s874 1770 1874 1526 1443
s875 1771 1815 1526 1443
s876 1771 1816 1479 1443
s877 1770 1817 1479 1443
s878 1769 1817 1479 1389
s879 1769 1816 1430 1389
s880 1769 1815 1376 1389
s881 1770 1815 1377 1389
s882 1769 1815 1431 1389
s883 1770 1815 1432 1389
s884 1769 1815 1481 1389
s885 1770 1815 1482 1389
s886 1770 1816 1481 1389
s887 1770 1815 1528 1389
s888 1769 1815 1527 1389
s889 1770 1815 1571 1389
s890 1769 1815 1570 1389
s891 1770 1815 1569 1389
s892 1769 1815 1525 1389
s893 1770 1815 1524 1389
s894 1769 1815 1477 1389
s895 1770 1815 1428 1389
s896 1769 1815 1429 1389
s897 1770 1816 1429 1389
s898 1771 1815 1429 1389
s899 1771 1816 1430 1389
s900 1770 1816 1431 1389
s901 1771 1815 1431 1389
s902 1770 1874 1431 1389
s903 1770 1874 1480 1443
s904 1771 1815 1480 1443
s905 1771 1874 1479 1443
s906 1770 1875 1479 1443
s907 1769 1874 1479 1443
s908 1770 1935 1479 1443
s909 1824 1874 1479 1443
s910 1824 1815 1480 1443
s911 1825 1815 1479 1443
s912 1824 1815 1526 1443
s913 1883 1815 1479 1443
s914 1884 1815 1479 1444
s915 1825 1815 1430 1445
s916 1825 1815 1376 1445
s917 1771 1815 1376 1444
s918 1770 1815 1377 1444
s919 1769 1815 1376 1444
s920 1768 1815 1430 1444
s921 1768 1815 1479 1444
s922 1768 1815 1478 1444
s923 1768 1815 1479 1443
s924 1768 1815 1479 1389
s925 1768 1815 1430 1389
s926 1769 1874 1430 1389
s927 1768 1874 1479 1389
s928 1769 1875 1479 1390
s929 1769 1875 1478 1390
s930 1769 1816 1429 1390
s931 1769 1815 1428 1390
s932 1769 1815 1429 1444
s933 1770 1815 1428 1444
s934 1769 1815 1477 1444
s935 1770 1815 1476 1444
s936 1770 1816 1477 1444
s937 1770 1815 1524 1444
s938 1769 1815 1525 1444
s939 1770 1815 1569 1444
s940 1769 1815 1570 1444
s941 1770 1815 1571 1444
s942 1769 1815 1527 1444
s943 1770 1815 1528 1444
s944 1769 1815 1481 1444
s945 1770 1815 1432 1444
s946 1769 1815 1431 1444
s947 1770 1816 1431 1444
s948 1771 1815 1431 1444
s949 1770 1874 1431 1444
s950 1824 1815 1431 1444
s951 1823 1815 1430 1444
s952 1769 1816 1430 1444
s953 1770 1816 1429 1444
s954 1771 1815 1429 1444
s955 1771 1816 1430 1444
s956 1770 1817 1430 1444
s957 1824 1816 1430 1444
s958 1824 1815 1376 1444
s959 1824 1874 1430 1444
s960 1770 1873 1430 1444
s961 1769 1874 1430 1444
s962 1768 1874 1479 1444
s963 1768 1815 1480 1444
s964 1769 1816 1480 1444
s965 1770 1816 1481 1444
s966 1770 1815 1482 1444
s967 1770 1874 1481 1444
s968 1771 1815 1481 1444
s969 1771 1816 1480 1444
s970 1770 1816 1527 1444
s971 1771 1815 1527 1444
s972 1770 1874 1527 1444
s973 1824 1815 1527 1444
s974 1823 1815 1480 1444
s975 1769 1874 1480 1444
s976 1770 1873 1480 1444
s977 1771 1874 1480 1444
s978 1770 1875 1480 1444
s979 1824 1816 1480 1444
s980 1770 1817 1480 1444
s981 1769 1817 1479 1444
s982 1769 1816 1478 1444
s983 1770 1816 1525 1444
s984 1771 1815 1525 1444
s985 1770 1874 1525 1444
s986 1824 1815 1525 1444
s987 1823 1815 1478 1444
s988 1824 1815 1477 1445
s989 1824 1874 1478 1445
s990 1825 1815 1478 1445
s991 1826 1815 1478 1391
s992 1772 1874 1478 1391
s993 1771 1873 1478 1391
s994 1771 1873 1429 1392
s995 1771 1873 1430 1391
s996 1772 1874 1430 1391
s997 1772 1875 1479 1391
s998 1771 1875 1478 1391
s999 1771 1876 1479 1391
s1000 1771 1817 1430 1391
s1001 1772 1816 1430 1391
s1002 1772 1817 1479 1391
s1003 1771 1817 1478 1391
s1004 1771 1818 1479 1391
s1005 1771 1817 1480 1391
s1006 1772 1816 1480 1391
s1007 1771 1875 1480 1391
s1008 1772 1874 1480 1391
s1009 1771 1873 1480 1391
s1010 1770 1934 1480 1391
s1011 1770 1935 1481 1391
s1012 1771 1935 1480 1391
s1013 1772 1935 1479 1391
s1014 1826 1874 1479 1391
s1015 1825 1874 1479 1390
s1016 1825 1815 1478 1390
s1017 1826 1815 1479 1390
s1018 1825 1815 1526 1390
s1019 1826 1815 1526 1391
s1020 1772 1816 1526 1391
s1021 1771 1817 1526 1391
s1022 1771 1817 1525 1392
s1023 1771 1816 1524 1392
s1024 1771 1815 1523 1392
s1025 1771 1874 1524 1392
s1026 1771 1815 1568 1392
s1027 1771 1816 1569 1392
s1028 1771 1815 1609 1392
s1029 1771 1816 1610 1392
s1030 1771 1815 1611 1392
s1031 1771 1816 1571 1392
s1032 1771 1815 1572 1392
s1033 1771 1816 1528 1392
s1034 1771 1815 1529 1392
s1035 1771 1816 1482 1392
s1036 1771 1815 1433 1392
s1037 1771 1816 1432 1392
s1038 1771 1815 1378 1392
s1039 1771 1816 1377 1392
s1040 1772 1815 1377 1392
s1041 1772 1816 1431 1392
s1042 1771 1817 1431 1392
s1043 1771 1818 1480 1392
s1044 1771 1817 1481 1392
s1045 1772 1816 1481 1392
s1046 1771 1875 1481 1392
s1047 1771 1874 1482 1392
s1048 1771 1815 1483 1392
s1049 1772 1815 1482 1392
s1050 1772 1815 1481 1391
s1051 1826 1815 1480 1391
s1052 1825 1815 1480 1445
s1053 1825 1815 1431 1445
s1054 1771 1815 1377 1445
s1055 1770 1815 1378 1445
s1056 1769 1815 1377 1445
s1057 1770 1816 1377 1445
s1058 1824 1815 1377 1445
s1059 1824 1816 1431 1445
s1060 1770 1816 1432 1445
s1061 1770 1815 1433 1445
s1062 1769 1815 1432 1445
s1063 1770 1874 1432 1445
s1064 1771 1815 1432 1445
s1065 1771 1816 1431 1445
s1066 1770 1817 1431 1445
s1067 1769 1816 1431 1445
s1068 1770 1875 1431 1445
s1069 1769 1874 1431 1445
s1070 1770 1873 1431 1445
s1071 1771 1874 1431 1445
s1072 1771 1874 1430 1444
s1073 1772 1815 1430 1444
s1074 1772 1815 1479 1443
s1075 1772 1815 1430 1389
s1076 1771 1815 1376 1389
s1077 1771 1874 1430 1389
s1078 1825 1815 1430 1389
s1079 1824 1815 1376 1389
s1080 1824 1816 1430 1389
s1081 1770 1817 1430 1389
s1082 1770 1818 1479 1389
s1083 1770 1817 1478 1389
s1084 1770 1816 1477 1389
s1085 1770 1815 1476 1389
s1086 1770 1874 1477 1389
s1087 1771 1815 1477 1389
s1088 1771 1816 1478 1389
s1089 1770 1816 1525 1389
s1090 1771 1815 1525 1389
s1091 1770 1874 1525 1389
s1092 1824 1815 1525 1389
s1093 1824 1816 1478 1389
s1094 1770 1875 1478 1389
s1095 1769 1816 1478 1389
s1096 1768 1815 1478 1389
s1097 1769 1874 1478 1389
s1098 1770 1873 1478 1389
s1099 1771 1874 1478 1389
s1100 1772 1815 1478 1389
s1101 1772 1816 1479 1389
s1102 1771 1816 1480 1389
s1103 1770 1816 1527 1389
s1104 1771 1815 1527 1389
s1105 1770 1874 1527 1389
s1106 1824 1815 1527 1389
s1107 1824 1816 1480 1389
s1108 1770 1817 1480 1389
s1109 1769 1816 1480 1389
s1110 1770 1875 1480 1389
s1111 1770 1874 1481 1389
s1112 1771 1815 1481 1389
s1113 1771 1874 1480 1389
s1114 1770 1873 1480 1389
s1115 1769 1874 1480 1389
s1116 1770 1935 1480 1389
s1117 1824 1874 1480 1389
s1118 1824 1815 1431 1389
s1119 1824 1874 1430 1389
s1120 1824 1815 1429 1389
s1121 1824 1874 1478 1389
s1122 1824 1815 1477 1389
s1123 1825 1815 1478 1389
s1124 1825 1816 1479 1389
s1125 1771 1816 1526 1389
s1126 1770 1816 1570 1389
s1127 1770 1815 1610 1389
s1128 1770 1874 1570 1389
s1129 1771 1815 1570 1389
s1130 1771 1874 1526 1389
s1131 1770 1873 1526 1389
s1132 1769 1874 1526 1389
s1133 1770 1875 1526 1389
s1134 1769 1816 1526 1389
s1135 1770 1817 1526 1389
s1136 1824 1816 1526 1389
s1137 1824 1815 1570 1389
s1138 1824 1874 1526 1389
s1139 1770 1935 1526 1389
s1140 1769 1935 1479 1389
s1141 1770 1934 1479 1389
s1142 1769 1873 1479 1389
s1143 1769 1872 1479 1390
s1144 1769 1873 1430 1390
s1145 1769 1873 1479 1444
s1146 1769 1874 1478 1444
s1147 1770 1873 1478 1444
s1148 1770 1874 1477 1444
s1149 1771 1815 1477 1444
s1150 1771 1816 1478 1444
s1151 1770 1817 1478 1444
s1152 1824 1816 1478 1444
s1153 1770 1875 1478 1444
s1154 1771 1874 1478 1444
s1155 1772 1815 1478 1444
s1156 1772 1816 1479 1444
s1157 1771 1816 1526 1444
s1158 1770 1816 1570 1444
s1159 1770 1815 1610 1444
s1160 1770 1874 1570 1444
s1161 1771 1815 1570 1444
s1162 1771 1874 1526 1444
s1163 1770 1873 1526 1444
s1164 1769 1874 1526 1444
s1165 1770 1875 1526 1444
s1166 1769 1816 1526 1444
s1167 1770 1817 1526 1444
s1168 1824 1816 1526 1444
s1169 1824 1815 1570 1444
s1170 1823 1815 1526 1444
s1171 1824 1874 1526 1444
s1172 1770 1935 1526 1444
s1173 1769 1935 1479 1444
s1174 1770 1934 1479 1444
s1175 1770 1935 1480 1444
s1176 1824 1874 1480 1444
s1177 1824 1815 1481 1444
s1178 1825 1815 1480 1444
s1179 1825 1816 1479 1444
s1180 1824 1875 1479 1445
s1181 1824 1875 1478 1445
s1182 1770 1875 1525 1445
s1183 1770 1816 1524 1445
s1184 1770 1815 1523 1445
s1185 1769 1815 1476 1445
s1186 1769 1816 1477 1445
s1187 1769 1815 1428 1445
s1188 1769 1816 1429 1445
s1189 1769 1817 1430 1445
s1190 1769 1818 1479 1445
s1191 1769 1817 1478 1445
s1192 1769 1816 1525 1445
s1193 1769 1815 1524 1445
s1194 1770 1815 1568 1445
s1195 1769 1815 1569 1445
s1196 1770 1815 1609 1445
s1197 1769 1815 1610 1445
s1198 1770 1815 1611 1445
s1199 1769 1815 1571 1445
s1200 1770 1815 1572 1445
s1201 1769 1815 1528 1445
s1202 1770 1815 1529 1445
s1203 1769 1815 1482 1445
s1204 1770 1815 1483 1445
s1205 1770 1816 1482 1445
s1206 1771 1815 1482 1445
s1207 1770 1874 1482 1445
s1208 1824 1815 1482 1445
s1209 1824 1816 1481 1445
s1210 1770 1816 1528 1445
s1211 1771 1815 1528 1445
s1212 1770 1874 1528 1445
s1213 1824 1815 1528 1445
s1214 1824 1816 1527 1445
s1215 1770 1816 1571 1445
s1216 1771 1815 1571 1445
s1217 1770 1874 1571 1445
s1218 1824 1815 1571 1445
s1219 1824 1816 1570 1445
s1220 1770 1816 1569 1445
s1221 1771 1815 1569 1445
s1222 1770 1874 1569 1445
s1223 1824 1815 1569 1445
s1224 1824 1816 1525 1445
s1225 1770 1817 1525 1445
s1226 1771 1816 1525 1445
s1227 1771 1815 1524 1445
s1228 1770 1874 1524 1445
s1229 1824 1815 1524 1445
s1230 1824 1815 1477 1444
s1231 1824 1874 1478 1444
s1232 1824 1815 1429 1444
s1233 1825 1815 1430 1444
s1234 1825 1874 1479 1444
s1235 1824 1873 1479 1445
s1236 1824 1872 1479 1445
s1237 1770 1872 1430 1445
s1238 1770 1872 1479 1444
s1239 1771 1873 1479 1444
s1240 1772 1874 1479 1444
s1241 1771 1875 1479 1444
s1242 1770 1876 1479 1444
s1243 1769 1875 1479 1444
s1244 1768 1816 1479 1444
s1245 1768 1815 1526 1444
s1246 1768 1815 1525 1444
s1247 1769 1815 1524 1390
s1248 1770 1815 1523 1390
s1249 1769 1815 1476 1390
s1250 1769 1816 1477 1390
s1251 1770 1816 1524 1390
s1252 1770 1815 1568 1390
s1253 1769 1815 1569 1390
s1254 1770 1815 1609 1390
s1255 1769 1815 1610 1390
s1256 1770 1815 1611 1390
s1257 1769 1815 1571 1390
s1258 1770 1815 1572 1390
s1259 1769 1815 1528 1390
s1260 1770 1815 1529 1390
s1261 1769 1815 1482 1390
s1262 1770 1815 1433 1390
s1263 1769 1815 1432 1390
s1264 1770 1815 1378 1390
s1265 1769 1815 1377 1390
s1266 1770 1816 1377 1390
s1267 1771 1815 1377 1390
s1268 1771 1815 1376 1335
s1269 1771 1816 1430 1335
s1270 1771 1815 1429 1335
s1271 1771 1816 1478 1335
s1272 1771 1815 1477 1335
s1273 1771 1874 1478 1335
s1274 1771 1815 1525 1335
s1275 1771 1816 1526 1335
s1276 1771 1815 1527 1335
s1277 1771 1816 1480 1335
s1278 1771 1815 1431 1335
s1279 1771 1874 1430 1335
s1280 1772 1815 1430 1335
s1281 1772 1816 1479 1335
s1282 1771 1817 1479 1335
s1283 1771 1817 1430 1390
s1284 1770 1817 1431 1390
s1285 1770 1816 1432 1390
s1286 1771 1815 1432 1390
s1287 1770 1874 1432 1390
s1288 1769 1874 1431 1390
s1289 1770 1873 1431 1390
s1290 1771 1874 1431 1390
s1291 1770 1875 1431 1390
s1292 1769 1816 1431 1390
s1293 1769 1817 1430 1390
s1294 1769 1818 1479 1390
s1295 1769 1817 1478 1390
s1296 1769 1816 1525 1390
s1297 1770 1816 1569 1390
s1298 1771 1815 1569 1390
s1299 1770 1874 1569 1390
s1300 1769 1874 1525 1390
s1301 1770 1873 1525 1390
s1302 1770 1874 1524 1390
s1303 1771 1815 1524 1390
s1304 1771 1816 1477 1390
s1305 1771 1815 1428 1390
s1306 1771 1816 1429 1390
s1307 1772 1815 1429 1390
s1308 1772 1815 1478 1335
s1309 1772 1874 1479 1335
s1310 1771 1873 1479 1335
s1311 1771 1874 1480 1335
s1312 1771 1815 1481 1335
s1313 1772 1815 1480 1335
s1314 1772 1815 1431 1336
s1315 1772 1816 1430 1336
s1316 1772 1815 1376 1336
s1317 1772 1874 1430 1336
s1318 1772 1815 1429 1336
s1319 1772 1816 1478 1336
s1320 1772 1815 1477 1336
s1321 1772 1874 1478 1336
s1322 1772 1815 1525 1336
s1323 1772 1815 1526 1335
s1324 1771 1815 1570 1335
s1325 1771 1874 1526 1335
s1326 1771 1875 1479 1335
s1327 1771 1875 1478 1390
s1328 1770 1875 1525 1390
s1329 1771 1816 1525 1390
s1330 1770 1817 1525 1390
s1331 1769 1817 1526 1390
s1332 1769 1816 1527 1390
s1333 1770 1816 1528 1390
s1334 1771 1815 1528 1390
s1335 1770 1874 1528 1390
s1336 1769 1874 1481 1390
s1337 1770 1873 1481 1390
s1338 1770 1874 1482 1390
s1339 1770 1815 1483 1390
s1340 1770 1816 1482 1390
s1341 1771 1815 1482 1390
s1342 1771 1816 1481 1390
s1343 1770 1817 1481 1390
s1344 1769 1816 1481 1390
s1345 1770 1875 1481 1390
s1346 1771 1874 1481 1390
s1347 1770 1935 1481 1390
s1348 1769 1935 1480 1390
s1349 1769 1874 1527 1390
s1350 1770 1873 1527 1390
s1351 1770 1874 1571 1390
s1352 1771 1815 1571 1390
s1353 1770 1816 1571 1390
s1354 1769 1816 1570 1390
s1355 1770 1816 1610 1390
s1356 1770 1815 1651 1390
s1357 1770 1874 1610 1390
s1358 1771 1815 1610 1390
s1359 1771 1816 1570 1390
s1360 1770 1817 1570 1390
s1361 1770 1818 1526 1390
s1362 1770 1817 1527 1390
s1363 1771 1816 1527 1390
s1364 1770 1875 1527 1390
s1365 1771 1874 1527 1390
s1366 1770 1935 1527 1390
s1367 1769 1935 1526 1390
s1368 1769 1874 1570 1390
s1369 1770 1873 1570 1390
s1370 1771 1874 1570 1390
s1371 1770 1875 1570 1390
s1372 1769 1875 1526 1390
s1373 1769 1875 1479 1389
s1374 1770 1876 1479 1389
s1375 1771 1817 1479 1389
s1376 1771 1817 1478 1390
s1377 1771 1817 1479 1444
s1378 1770 1818 1479 1444
s1379 1824 1817 1479 1444
s1380 1823 1816 1479 1444
s1381 1824 1875 1479 1444
s1382 1823 1874 1479 1444
s1383 1824 1935 1479 1445
s1384 1824 1934 1479 1445
s1385 1770 1933 1479 1445
s1386 1770 1872 1478 1445
s1387 1770 1873 1429 1445
s1388 1769 1873 1430 1445
s1389 1769 1872 1479 1445
s1390 1769 1873 1478 1445
s1391 1769 1874 1477 1445
s1392 1770 1873 1477 1445
s1393 1771 1874 1477 1445
s1394 1771 1815 1428 1445
s1395 1771 1816 1429 1445
s1396 1772 1815 1429 1445
s1397 1772 1816 1430 1445
s1398 1771 1817 1430 1445
s1399 1825 1816 1430 1445
s1400 1824 1816 1429 1445
s1401 1824 1815 1428 1445
s1402 1824 1816 1477 1445
s1403 1824 1815 1476 1445
s1404 1824 1874 1477 1445
s1405 1825 1815 1477 1445
s1406 1771 1815 1476 1445
s1407 1771 1816 1477 1445
s1408 1772 1815 1477 1445
s1409 1772 1816 1478 1445
s1410 1771 1817 1478 1445
s1411 1825 1816 1478 1445
s1412 1771 1875 1478 1445
s1413 1771 1874 1525 1445
s1414 1770 1873 1525 1445
s1415 1769 1874 1525 1445
s1416 1770 1935 1525 1445
s1417 1824 1874 1525 1445
s1418 1825 1815 1525 1445
s1419 1825 1815 1478 1444
s1420 1826 1815 1479 1444
s1421 1772 1815 1480 1444
s1422 1772 1815 1431 1390
s1423 1771 1816 1431 1390
s1424 1825 1815 1431 1390
s1425 1825 1815 1480 1389
s1426 1824 1815 1481 1389
s1427 1825 1815 1481 1390
s1428 1825 1816 1480 1390
s1429 1771 1817 1480 1390
s1430 1770 1818 1480 1390
s1431 1769 1817 1480 1390
s1432 1770 1876 1480 1390
s1433 1769 1875 1480 1390
s1434 1770 1936 1480 1390
s1435 1771 1875 1480 1390
s1436 1771 1875 1479 1389
s1437 1772 1874 1479 1389
s1438 1771 1873 1479 1389
s1439 1825 1874 1479 1389
s1440 1771 1935 1479 1389
s1441 1771 1934 1479 1390
s1442 1770 1933 1479 1390
s1443 1770 1872 1430 1390
s1444 1770 1873 1429 1390
s1445 1769 1873 1478 1390
s1446 1769 1874 1477 1390
s1447 1770 1873 1477 1390
s1448 1771 1874 1477 1390
s1449 1771 1815 1476 1390
s1450 1772 1815 1477 1390
s1451 1772 1816 1478 1390
s1452 1772 1815 1525 1390
s1453 1771 1874 1525 1390
s1454 1770 1935 1525 1390
s1455 1770 1934 1478 1390
s1456 1771 1873 1478 1390
s1457 1772 1874 1478 1390
s1458 1826 1815 1478 1390
s1459 1825 1815 1429 1390
s1460 1825 1816 1430 1390
s1461 1825 1815 1376 1390
s1462 1825 1874 1430 1390
s1463 1771 1873 1430 1390
s1464 1772 1874 1430 1390
s1465 1772 1815 1376 1390
s1466 1772 1816 1430 1390
s1467 1826 1815 1430 1390
s1468 1826 1815 1479 1389
s1469 1772 1815 1480 1389
s1470 1772 1815 1481 1390
s1471 1772 1816 1480 1390
s1472 1772 1815 1527 1390
s1473 1772 1815 1526 1389
s1474 1772 1815 1570 1390
s1475 1772 1815 1526 1444
s1476 1772 1815 1525 1445
s1477 1772 1816 1526 1445
s1478 1771 1875 1526 1391
s1479 1771 1875 1525 1392
s1480 1771 1874 1569 1392
s1481 1772 1815 1569 1392
s1482 1772 1816 1525 1392
s1483 1772 1815 1524 1392
s1484 1772 1816 1477 1392
s1485 1772 1815 1428 1392
s1486 1772 1816 1429 1392
s1487 1772 1817 1478 1393
s1488 1773 1816 1479 1394
s1489 1772 1815 1479 1446
s1490 1771 1815 1479 1495
s1491 1771 1815 1479 1539
s1492 1772 1815 1479 1540
s1493 1771 1815 1479 1580
s1494 1771 1815 1479 1618
s1495 1770 1815 1479 1655
s1496 1770 1815 1479 1692
s1497 1770 1815 1479 1691
s1498 1770 1815 1479 1690
s1499 1770 1815 1479 1731
s1500 1770 1815 1479 1779
s1501 1770 1815 1479 1833
s1502 1770 1815 1479 1892
t 52.15478274399902 s