s0 1033 852 587 1071
s1 1034 853 588 1032
s2 1035 854 589 1033
s3 1036 904 590 1034
s4 1037 951 591 1035
s5 1038 950 592 1036
s6 1039 997 593 1037
s7 1040 1043 594 1038
s8 1041 1077 644 1039
s9 1042 1078 693 1040
s10 1043 1079 741 1041
s11 1077 1080 742 1042
s12 1078 1081 743 1043
s13 1079 1082 793 1077
s14 1080 1083 847 1078
s15 1081 1084 848 1079
s16 1082 1085 849 1080
s17 1083 1086 850 1081
s18 1084 1087 851 1082
s19 1085 1120 852 1083
s20 1086 1121 853 1084
s21 1087 1122 903 1085
s22 1120 1123 950 1044
s23 1121 1124 997 999
s24 1122 1125 1043 952
s25 1123 1126 1077 953
s26 1124 1127 1078 905
s27 1125 1128 1079 855
s28 1126 1129 1080 801
s29 1127 1130 1081 747
s30 1128 1166 1082 748
s31 1129 1199 1083 749
s32 1165 1229 1084 750
s33 1198 1258 1085 700
s34 1228 1257 1086 652
s35 1257 1291 1087 603
s36 1291 1334 1120 604
s37 1334 1384 1121 605
s38 1384 1385 1122 606
s39 1385 1386 1123 607
s40 1386 1387 1124 608
s41 1387 1388 1125 609
s42 1388 1389 1126 610
s43 1389 1390 1127 611
s44 1390 1335 1128 612
s45 1391 1335 1088 613
s46 1392 1335 1047 614
s47 1393 1335 1001 615
s48 1394 1335 1002 616
s49 1395 1335 1003 617
s50 1447 1335 956 618
s51 1496 1335 957 619
s52 1540 1335 958 620
s53 1580 1335 959 621
s54 1618 1335 960 622
s55 1655 1335 961 623
s56 1692 1335 962 624
s57 1733 1335 963 625
s58 1733 1335 964 625
s59 1733 1335 965 625
s60 1733 1335 966 625
s61 1733 1335 1012 625
s62 1733 1335 1013 625
s63 1733 1335 1014 625
s64 1733 1335 1053 625
s65 1733 1335 1054 625
s66 1733 1335 1092 625
s67 1733 1335 1132 625
t 0.2540445989998261 s