s0 1751 1810 1809 1675
s1 1710 1762 1761 1676
s2 1673 1721 1720 1677
s3 1674 1684 1683 1637
s4 1675 1644 1643 1596
s5 1676 1603 1602 1597
s6 1677 1563 1562 1557
s7 1637 1519 1518 1513
s8 1596 1472 1471 1514
s9 1597 1423 1422 1515
s10 1557 1369 1368 1516
s11 1513 1320 1319 1517
s12 1514 1277 1276 1518
s13 1515 1243 1242 1471
s14 1516 1213 1212 1471
s15 1517 1180 1213 1471
s16 1518 1144 1180 1471
s17 1519 1108 1144 1471
s18 1520 1075 1108 1471
s19 1521 1076 1075 1471
s20 1522 1077 1076 1471
s21 1523 1078 1077 1471
s22 1524 1079 1078 1471
s23 1525 1080 1079 1471
s24 1526 1081 1080 1471
s25 1527 1082 1081 1471
s26 1528 1083 1082 1471
s27 1529 1084 1083 1471
s28 1529 1085 1084 1471
s29 1529 1044 1085 1471
s30 1529 999 1086 1471
s31 1529 952 1086 1471
s32 1529 953 1086 1471
s33 1529 905 1086 1471
s34 1529 855 1086 1471
s35 1529 801 1086 1471
s36 1529 747 1086 1471
s37 1529 697 1086 1471
s38 1529 698 1086 1471
s39 1529 699 1086 1471
s40 1529 700 1086 1471
s41 1529 701 1086 1471
s42 1529 702 1086 1471
s43 1529 703 1086 1471
s44 1529 704 1086 1471
s45 1529 705 1086 1471
s46 1529 706 1087 1471
s47 1530 706 1087 1472
s48 1531 706 1087 1473
s49 1532 706 1087 1474
s50 1533 706 1087 1475
s51 1534 706 1087 1476
s52 1485 707 1046 1477
s53 1485 707 1046 1524
s54 1485 707 1046 1523
s55 1485 707 1046 1476
s56 1485 706 1046 1477
s57 1485 707 1046 1478
s58 1485 707 1046 1479
s59 1485 707 1046 1480
s60 1486 707 1046 1481
s61 1487 707 1046 1482
s62 1488 707 1046 1483
s63 1489 707 1046 1484
s64 1436 707 1046 1484
s65 1382 707 1046 1531
s66 1382 707 1046 1532
s67 1382 707 1046 1533
s68 1382 707 1046 1534
s69 1383 707 1046 1485
s70 1384 707 1046 1485
s71 1385 707 1046 1485
s72 1386 707 1046 1485
s73 1387 707 1046 1485
s74 1388 707 1046 1485
s75 1389 707 1046 1485
s76 1389 706 1046 1485
s77 1390 706 1087 1486
s78 1335 706 1087 1487
s79 1336 706 1087 1487
s80 1336 705 1087 1487
s81 1337 705 1120 1488
s82 1338 705 1120 1489
s83 1338 706 1087 1436
s84 1338 707 1046 1382
s85 1337 707 1046 1382
s86 1338 706 1046 1382
s87 1339 706 1087 1383
s88 1293 706 1087 1383
s89 1293 707 1046 1333
s90 1293 706 1046 1333
s91 1294 706 1087 1334
s92 1294 707 1046 1291
s93 1293 707 1046 1291
s94 1294 706 1046 1291
s95 1294 707 1046 1257
s96 1294 707 1046 1228
s97 1294 708 1045 1198
s98 1294 709 1000 1198
s99 1294 710 1000 1198
s100 1293 711 953 1165
s101 1293 712 905 1129
s102 1294 713 906 1130
s103 1294 714 906 1130
s104 1294 715 906 1130
s105 1293 716 856 1090
s106 1293 717 802 1049
s107 1294 717 803 1050
s108 1295 717 804 1051
s109 1295 717 805 1051
s110 1295 717 751 1051
s111 1295 717 701 1051
s112 1295 717 702 1051
s113 1295 717 654 1051
s114 1295 717 655 1051
s115 1295 717 606 1051
s116 1295 717 607 1051
s117 1295 717 608 1051
s118 1295 717 609 1051
s119 1295 717 610 1051
s120 1295 717 611 1051
s121 1295 717 612 1051
s122 1295 717 613 1051
s123 1295 717 614 1051
s124 1295 717 615 1051
s125 1295 717 616 1051
s126 1295 717 617 1051
s127 1295 717 618 1051
s128 1295 717 619 1051
s129 1295 717 620 1051
s130 1295 717 621 1051
s131 1295 717 622 1051
s132 1294 717 622 1005
s133 1295 717 622 1006
s134 1296 717 622 1007
s135 1297 717 622 1008
s136 1260 717 622 961
s137 1230 717 622 962
s138 1200 717 622 963
s139 1168 717 622 964
s140 1132 717 622 965
s141 1132 717 622 966
s142 1132 717 622 967
s143 1132 717 622 968
s144 1132 717 622 969
s145 1132 717 622 970
s146 1132 717 622 1016
s147 1132 717 622 1055
s148 1132 717 622 1093
t 1.1392107190004026 s