s0 211 600 694 39
s1 210 649 744 38
s2 209 697 744 37
s3 208 747 744 36
s4 207 801 744 35
s5 268 855 798 96
s6 329 905 797 157
s7 379 953 851 218
s8 421 952 850 279
s9 463 999 900 338
s10 505 1044 947 383
s11 547 1085 994 425
s12 596 1084 993 467
s13 645 1083 992 509
s14 694 1082 991 551
s15 744 1081 990 601
s16 798 1080 989 600
s17 797 1079 988 649
s18 851 1078 987 697
s19 901 1077 986 747
s20 948 1076 985 801
s21 995 1075 1031 855
s22 1041 1074 1070 905
s23 1075 1040 1106 953
s24 1108 1039 1142 952
s25 1144 1038 1178 999
s26 1180 1037 1210 1044
s27 1213 1036 1240 1085
s28 1212 1035 1274 1084
s29 1242 1034 1313 1083
s30 1276 1033 1312 1082
s31 1319 1032 1311 1081
s32 1368 1031 1357 1080
s33 1367 1070 1356 1079
s34 1366 1106 1355 1078
s35 1365 1142 1354 1077
s36 1364 1178 1353 1076
s37 1363 1210 1408 1075
s38 1417 1240 1460 1108
s39 1466 1274 1509 1144
s40 1513 1313 1553 1180
s41 1557 1312 1593 1213
s42 1597 1311 1631 1212
s43 1596 1310 1668 1242
s44 1637 1309 1668 1276
s45 1677 1308 1668 1319
s46 1676 1307 1668 1368
s47 1675 1306 1668 1367
s48 1674 1305 1668 1366
s49 1673 1304 1668 1365
s50 1710 1303 1668 1364
s51 1751 1302 1668 1363
s52 1799 1348 1668 1417
s53 1853 1403 1668 1466
s54 1912 1455 1668 1513
s55 1912 1504 1668 1557
s56 1912 1548 1668 1597
s57 1912 1588 1668 1638
s58 1912 1626 1668 1638
s59 1912 1663 1668 1638
s60 1912 1700 1668 1638
s61 1912 1741 1668 1638
s62 1912 1789 1668 1638
s63 1912 1843 1668 1638
s64 1912 1902 1668 1638
s65 1912 1963 1668 1638
s66 1912 2024 1668 1638
s67 1912 2085 1668 1638
t 0.2900434260000111 s