s0 417 788 193 583
s1 416 787 194 584
s2 415 841 195 585
s3 414 891 196 586
s4 413 938 257 587
s5 412 985 318 588
s6 411 1031 368 589
s7 410 1070 410 590
s8 452 1106 452 591
s9 494 1142 494 641
s10 540 1178 540 690
s11 590 1210 590 738
s12 640 1240 640 788
s13 689 1274 689 842
s14 737 1313 737 892
s15 787 1312 787 939
s16 841 1311 841 986
s17 891 1310 891 1032
s18 938 1309 938 1071
s19 985 1308 985 1107
s20 1031 1307 1031 1143
s21 1070 1306 1070 1179
s22 1106 1305 1106 1211
s23 1142 1304 1142 1241
s24 1178 1303 1178 1275
s25 1210 1302 1210 1314
s26 1240 1348 1240 1315
s27 1274 1403 1274 1316
s28 1313 1455 1313 1317
s29 1312 1504 1312 1318
s30 1311 1548 1311 1364
s31 1310 1588 1310 1418
s32 1309 1626 1356 1467
s33 1355 1663 1411 1514
s34 1410 1700 1463 1558
s35 1462 1741 1512 1598
s36 1511 1741 1512 1639
s37 1555 1741 1512 1679
s38 1595 1741 1512 1716
s39 1633 1741 1512 1757
s40 1634 1741 1512 1757
s41 1671 1741 1512 1757
s42 1708 1741 1512 1757
s43 1749 1741 1512 1757
s44 1797 1741 1512 1757
s45 1851 1741 1512 1757
s46 1910 1741 1512 1757
s47 1971 1741 1512 1757
t 0.18162425300033647 s