s0 1602 2039 1794 1674
s1 1562 1978 1746 1675
s2 1518 1917 1705 1676
s3 1471 1858 1668 1677
s4 1422 1804 1631 1637
s5 1368 1756 1632 1596
s6 1319 1715 1594 1597
s7 1276 1678 1595 1557
s8 1242 1638 1555 1513
s9 1212 1597 1556 1466
s10 1213 1557 1512 1417
s11 1180 1513 1512 1363
s12 1144 1466 1512 1364
s13 1108 1417 1512 1365
s14 1075 1363 1512 1366
s15 1076 1364 1512 1367
s16 1077 1365 1512 1368
s17 1078 1366 1512 1319
s18 1079 1367 1512 1276
s19 1080 1367 1512 1242
s20 1081 1367 1512 1212
s21 1082 1367 1512 1213
s22 1083 1367 1512 1180
s23 1084 1367 1512 1144
s24 1085 1367 1512 1108
s25 1044 1367 1512 1075
s26 999 1367 1512 1076
s27 952 1367 1512 1077
s28 953 1367 1512 1078
s29 905 1367 1512 1079
s30 855 1367 1512 1080
s31 801 1367 1512 1081
s32 747 1367 1512 1081
s33 748 1367 1512 1081
s34 749 1367 1512 1081
s35 750 1367 1512 1081
s36 700 1367 1512 1081
s37 750 1367 1463 1081
s38 750 1367 1411 1081
s39 750 1368 1412 1082
s40 750 1319 1357 1083
s41 750 1276 1311 1083
s42 750 1242 1312 1084
s43 750 1212 1313 1084
s44 750 1213 1274 1085
s45 750 1180 1240 1044
s46 750 1181 1210 999
s47 750 1182 1211 952
s48 750 1182 1179 953
s49 750 1182 1143 905
s50 750 1182 1107 905
s51 750 1182 1071 905
s52 750 1183 1072 855
s53 750 1147 1033 801
s54 750 1148 1034 801
s55 750 1149 1035 801
s56 750 1150 1036 801
s57 750 1151 1037 801
s58 750 1152 1038 801
s59 750 1153 1039 801
s60 750 1154 1040 801
s61 750 1155 1041 801
s62 750 1156 1042 801
s63 750 1157 1043 801
s64 750 1158 1077 801
s65 750 1194 1078 801
s66 750 1194 1079 801
s67 750 1194 1080 801
s68 750 1194 1081 801
s69 750 1194 1082 801
s70 750 1194 1083 801
s71 750 1194 1084 801
s72 750 1194 1085 801
s73 750 1194 1044 801
s74 750 1194 999 801
s75 750 1194 952 801
s76 750 1194 953 801
s77 750 1194 905 801
s78 750 1194 855 801
s79 750 1194 801 801
s80 750 1194 747 801
s81 750 1194 748 801
s82 750 1194 749 801
s83 750 1194 750 801
s84 750 1194 751 801
s85 750 1194 752 801
t 0.2722280870002578 s