s0 1472 1985 1994 1984
s1 1423 1924 1993 1923
s2 1369 1865 1932 1864
s3 1320 1811 1932 1810
s4 1277 1763 1932 1762
s5 1243 1722 1932 1721
s6 1213 1685 1932 1684
s7 1180 1645 1932 1644
s8 1144 1604 1932 1603
s9 1108 1564 1932 1563
s10 1075 1564 1932 1519
s11 1041 1564 1932 1472
s12 995 1564 1932 1423
s13 948 1564 1932 1369
s14 947 1564 1932 1320
s15 946 1564 1932 1277
s16 945 1564 1932 1243
s17 944 1564 1932 1213
s18 943 1564 1932 1180
s19 942 1564 1932 1144
s20 941 1564 1932 1108
s21 940 1564 1932 1108
s22 939 1564 1932 1108
s23 938 1564 1932 1108
s24 937 1520 1931 1075
s25 936 1519 1930 1074
s26 935 1472 1869 1073
s27 935 1472 1869 1039
s28 934 1472 1869 1038
s29 887 1472 1869 1038
s30 888 1472 1869 1038
s31 935 1472 1869 1038
s32 936 1472 1869 1038
s33 889 1472 1869 1038
s34 888 1472 1869 1039
s35 935 1473 1869 1039
s36 936 1472 1869 1039
s37 937 1472 1869 1038
s38 890 1472 1869 1038
s39 889 1472 1869 1039
s40 888 1473 1869 1039
s41 935 1473 1869 1073
s42 936 1472 1869 1073
s43 935 1519 1930 1073
s44 935 1518 1929 1073
s45 935 1517 1928 1073
s46 935 1516 1927 1073
s47 935 1469 1868 1039
s48 934 1420 1814 1038
s49 933 1419 1813 1037
s50 932 1365 1765 1036
s51 931 1364 1724 1035
s52 930 1318 1687 1034
s53 929 1317 1647 1033
s54 928 1316 1646 1032
s55 927 1315 1645 1031
s56 927 1314 1644 985
s57 927 1275 1603 938
s58 927 1241 1563 891
s59 927 1211 1519 841
s60 927 1179 1472 787
s61 927 1143 1423 786
s62 927 1107 1369 736
s63 927 1071 1368 688
s64 927 1032 1367 687
s65 927 1031 1366 638
s66 927 1030 1365 588
s67 927 1029 1364 538
s68 927 983 1318 492
s69 927 982 1317 450
s70 927 982 1316 449
s71 927 935 1315 407
s72 927 935 1314 407
s73 927 888 1313 365
s74 927 888 1312 365
s75 927 888 1311 365
s76 927 888 1310 365
s77 927 838 1273 315
s78 927 784 1272 254
s79 927 734 1271 193
s80 927 686 1271 132
s81 927 637 1271 71
s82 927 587 1271 10
s83 927 587 1271 9
t 1.5234459629991761 s