s0 853 953 857 1218
s1 799 1000 803 1185
s2 798 999 749 1149
s3 797 1044 699 1113
s4 796 1085 651 1080
s5 795 1084 602 1079
s6 794 1083 601 1078
s7 793 1082 601 1077
s8 743 1082 601 1076
s9 742 1082 601 1042
s10 741 1082 601 996
s11 693 1082 601 949
s12 644 1082 601 902
s13 594 1082 601 852
s14 593 1082 601 798
s15 592 1082 601 797
s16 591 1082 601 796
s17 590 1082 601 795
s18 589 1082 601 795
s19 588 1082 601 795
s20 587 1081 600 794
s21 586 1080 649 793
s22 585 1079 649 743
s23 584 1079 649 742
s24 583 1078 697 741
s25 582 1077 747 740
s26 582 1043 697 692
s27 582 997 649 643
s28 582 950 600 593
s29 582 903 600 593
s30 581 853 600 592
s31 580 852 600 591
s32 580 798 600 591
s33 580 744 600 590
s34 580 694 600 590
s35 580 645 600 590
s36 580 596 600 590
s37 580 547 600 590
s38 580 546 600 589
s39 580 504 600 589
s40 580 462 600 589
s41 532 462 600 589
s42 580 462 600 539
s43 579 462 600 589
s44 580 462 600 590
s45 581 462 600 589
s46 533 462 600 589
s47 532 462 600 539
s48 580 462 600 493
s49 579 462 600 539
s50 580 462 600 540
s51 532 462 600 590
s52 580 462 600 591
s53 579 462 600 590
s54 580 462 600 640
s55 580 463 600 590
s56 580 421 600 540
s57 580 379 600 494
s58 532 379 600 494
s59 580 379 600 452
s60 579 379 600 494
s61 580 379 600 495
s62 580 379 600 541
s63 580 379 600 591
s64 532 379 600 591
s65 580 421 600 591
s66 581 379 600 591
s67 533 379 600 591
s68 532 379 600 541
s69 580 421 600 541
s70 581 379 600 541
s71 581 421 600 540
s72 580 421 600 494
s73 581 379 600 494
s74 533 379 600 494
s75 532 421 600 540
s76 580 463 600 540
s77 580 462 600 494
s78 532 462 600 493
s79 580 504 600 539
s80 581 462 600 539
s81 581 504 600 589
s82 580 504 600 590
s83 581 462 600 590
s84 582 462 600 589
s85 534 462 600 589
s86 533 462 600 539
s87 532 504 600 589
s88 580 504 600 639
s89 630 462 600 589
s90 629 462 600 589
s91 579 504 600 589
s92 531 462 600 589
s93 489 462 600 589
s94 490 462 600 589
s95 448 462 600 589
s96 490 462 600 539
s97 532 462 600 540
s98 580 462 600 541
s99 532 462 600 591
s100 580 462 600 641
s101 532 462 600 640
s102 580 462 600 689
s103 579 462 600 640
s104 580 504 600 640
s105 581 462 600 640
s106 533 462 600 590
s107 532 463 600 590
s108 532 421 600 591
s109 580 421 600 641
s110 630 379 600 591
s111 630 379 600 541
s112 630 421 600 540
s113 630 379 600 494
s114 629 379 600 494
s115 579 421 600 540
s116 579 463 600 590
s117 579 462 600 540
s118 580 504 600 540
s119 581 462 600 540
s120 581 463 600 590
s121 580 463 600 591
s122 581 421 600 591
s123 581 379 600 592
s124 582 379 600 591
s125 534 379 600 591
s126 533 379 600 541
s127 532 379 600 495
s128 580 379 600 453
s129 532 379 600 452
s130 580 379 600 410
s131 579 379 600 452
s132 580 421 600 452
s133 581 379 600 452
s134 581 421 600 494
s135 580 421 600 495
s136 581 379 600 495
s137 580 380 600 495
s138 580 330 600 453
s139 532 330 600 453
s140 532 269 600 411
s141 490 269 600 411
s142 532 330 600 411
s143 580 380 600 453
s144 532 379 600 453
s145 580 421 600 453
s146 581 379 600 453
s147 533 379 600 452
s148 532 421 600 494
s149 580 463 600 494
s150 580 462 600 452
s151 580 462 600 451
s152 579 462 600 493
s153 580 504 600 493
s154 581 462 600 493
s155 581 504 600 539
s156 580 546 600 539
s157 532 504 600 539
s158 531 462 600 539
s159 579 504 600 539
s160 578 462 600 589
s161 530 462 600 589
s162 531 462 600 590
s163 532 504 600 590
s164 580 504 600 591
s165 581 462 600 591
s166 581 504 600 590
s167 580 505 600 590
s168 580 463 601 590
s169 580 463 551 590
s170 580 463 509 590
s171 580 463 467 590
s172 580 421 425 540
s173 580 421 383 540
s174 580 421 338 540
s175 580 420 337 539
s176 580 419 336 538
s177 580 419 277 538
s178 580 418 276 537
s179 580 376 215 491
s180 580 375 214 537
s181 580 325 153 537
s182 580 324 152 536
s183 580 323 151 586
s184 580 262 150 586
s185 580 261 149 585
s186 580 260 148 584
s187 580 259 147 583
s188 580 198 146 535
s189 580 197 145 534
s190 580 196 144 533
s191 580 195 143 532
s192 580 134 142 490
s193 580 133 141 489
s194 580 132 140 488
s195 580 131 139 487
s196 580 130 138 487
s197 580 69 137 487
s198 580 69 136 487
s199 580 69 135 487
s200 580 69 134 487
s201 580 69 133 487
s202 580 69 132 487
t 5.533406774000468 s