s0 176 664 653 574
s1 175 615 604 526
s2 174 565 554 484
s3 173 564 553 442
s4 172 516 511 400
s5 171 474 469 358
s6 170 432 427 302
s7 169 390 385 241
s8 168 348 340 240
s9 167 292 281 239
s10 166 231 280 238
s11 165 170 279 237
s12 164 109 278 236
s13 163 108 277 235
s14 162 107 276 234
s15 161 106 275 233
s16 160 105 274 232
s17 159 104 273 231
s18 220 103 272 230
s19 281 102 271 229
s20 340 101 270 228
s21 385 100 331 227
s22 427 99 381 226
s23 469 98 423 225
s24 511 97 465 224
s25 553 96 507 223
s26 554 95 507 222
s27 554 94 506 221
s28 554 93 506 220
s29 554 93 506 219
s30 554 93 506 218
s31 554 93 506 217
t 0.07947207100005471 s