s0 1639 1279 1482 1275
s1 1598 1280 1483 1314
s2 1558 1281 1484 1315
s3 1559 1282 1531 1316
s4 1560 1283 1532 1317
s5 1561 1284 1533 1318
s6 1562 1285 1534 1364
s7 1563 1286 1535 1365
s8 1564 1287 1579 1366
s9 1565 1288 1617 1367
s10 1566 1331 1653 1368
s11 1567 1380 1654 1369
s12 1568 1381 1689 1370
s13 1569 1435 1725 1371
s14 1570 1484 1766 1372
s15 1571 1531 1767 1373
s16 1572 1532 1768 1374
s17 1573 1533 1769 1375
s18 1574 1534 1770 1376
s19 1575 1485 1824 1377
s20 1576 1486 1824 1378
s21 1577 1487 1824 1379
s22 1578 1488 1824 1380
s23 1579 1489 1824 1381
s24 1617 1436 1824 1435
s25 1653 1382 1824 1484
s26 1654 1383 1824 1531
s27 1689 1384 1824 1532
s28 1725 1385 1824 1533
s29 1766 1386 1824 1534
s30 1767 1387 1824 1485
s31 1768 1388 1824 1486
s32 1769 1389 1824 1487
s33 1770 1390 1824 1488
s34 1771 1391 1824 1489
s35 1772 1392 1824 1436
s36 1773 1393 1824 1382
s37 1774 1394 1824 1383
s38 1775 1395 1824 1384
s39 1776 1396 1824 1385
s40 1777 1397 1824 1386
s41 1778 1398 1824 1387
s42 1779 1399 1824 1388
s43 1780 1451 1824 1389
s44 1834 1500 1824 1390
s45 1893 1500 1824 1391
s46 1954 1500 1824 1392
s47 1954 1500 1824 1393
s48 1954 1500 1824 1394
s49 1954 1500 1824 1395
s50 1954 1500 1824 1396
s51 1954 1500 1824 1397
s52 1954 1500 1824 1398
s53 1954 1500 1824 1450
s54 1954 1500 1824 1499
s55 1954 1500 1824 1543
s56 1954 1500 1824 1583
t 0.17981335500007845 s