s0 1235 830 1632 1209
s1 1205 776 1594 1177
s2 1173 726 1554 1141
s3 1137 678 1510 1101
s4 1097 629 1461 1063
s5 1059 579 1409 1024
s6 1020 531 1354 1025
s7 974 489 1308 1026
s8 927 447 1309 1027
s9 880 405 1310 1028
s10 830 363 1311 1029
s11 776 307 1312 1030
s12 777 246 1313 1031
s13 778 247 1274 1032
s14 779 248 1240 1033
s15 780 249 1210 1034
s16 781 250 1178 1035
s17 731 189 1142 1036
s18 683 128 1106 1037
s19 634 67 1070 1038
s20 584 6 1031 1039
s21 585 7 985 1040
s22 586 8 938 1041
s23 536 9 891 1042
s24 537 10 892 1043
s25 491 11 893 1077
s26 449 12 894 1078
s27 407 13 844 1078
s28 408 14 845 1079
s29 409 15 846 1080
s30 410 16 847 1081
s31 411 17 848 1082
s32 412 18 849 1083
s33 413 19 849 1083
s34 371 20 849 1083
s35 372 21 849 1083
s36 373 22 849 1083
s37 323 23 849 1083
s38 324 24 849 1083
s39 325 25 849 1083
s40 326 26 849 1083
s41 327 27 849 1083
s42 328 28 849 1083
s43 329 29 849 1083
s44 329 30 849 1083
s45 329 31 849 1083
s46 329 32 849 1083
s47 329 33 849 1083
s48 329 34 849 1083
s49 330 35 795 1082
s50 331 36 796 1083
s51 332 37 797 1084
s52 333 38 798 1085
s53 272 38 744 1044
s54 273 39 694 999
s55 274 40 645 952
s56 275 41 646 953
s57 276 42 597 905
s58 277 43 548 855
s59 278 44 506 801
s60 279 45 464 747
s61 280 46 422 697
s62 281 47 380 649
s63 282 48 330 600
s64 283 49 331 601
s65 284 50 332 602
s66 285 51 333 603
s67 286 51 272 603
s68 286 51 273 604
s69 286 51 274 605
s70 286 51 275 606
s71 286 51 214 607
s72 286 51 153 608
s73 286 51 92 609
s74 286 51 93 610
s75 286 51 32 611
s76 286 51 33 612
s77 286 51 33 613
s78 286 51 33 614
s79 286 51 33 615
t 0.4382247949997691 s