s0 1645 1855 2167 1250
s1 1604 1801 2106 1220
s2 1564 1753 2045 1187
s3 1520 1712 1984 1151
s4 1473 1675 1923 1115
s5 1424 1676 1864 1082
s6 1370 1677 1810 1081
s7 1321 1637 1762 1080
s8 1278 1596 1721 1079
s9 1244 1597 1684 1078
s10 1214 1557 1644 1077
s11 1181 1513 1603 1043
s12 1145 1466 1563 997
s13 1109 1417 1519 950
s14 1076 1363 1472 903
s15 1042 1317 1423 853
s16 996 1316 1369 799
s17 949 1315 1368 798
s18 948 1314 1367 797
s19 947 1275 1366 796
s20 946 1241 1365 795
s21 899 1211 1364 794
s22 849 1179 1318 793
s23 795 1143 1317 743
s24 794 1107 1316 742
s25 793 1071 1315 741
s26 743 1032 1314 693
s27 742 986 1275 644
s28 741 939 1241 594
s29 693 892 1211 593
s30 644 842 1179 592
s31 643 788 1143 591
s32 642 738 1107 590
s33 641 690 1071 589
s34 640 641 1032 588
s35 639 591 986 587
s36 639 541 939 586
s37 639 495 892 585
s38 639 453 842 584
s39 639 411 788 583
s40 639 369 738 582
s41 639 319 690 581
s42 639 320 641 580
s43 639 321 591 579
s44 639 322 541 579
s45 639 323 495 579
s46 639 323 453 579
s47 639 323 411 579
s48 639 323 369 579
s49 639 323 319 579
s50 639 323 258 579
s51 639 323 257 579
s52 639 323 256 579
s53 639 323 255 579
s54 639 323 254 579
s55 639 323 253 579
t 0.1726072319997911 s