s0 121 624 392 810
s1 120 623 391 809
s2 119 622 390 808
s3 118 621 389 807
s4 117 620 388 806
s5 116 619 387 805
s6 115 618 386 804
s7 114 617 428 803
s8 113 616 470 802
s9 112 615 512 856
s10 111 614 560 906
s11 110 613 559 905
s12 109 612 558 953
s13 108 611 557 952
s14 107 610 556 999
s15 106 609 606 1044
s16 105 608 655 1085
s17 104 607 654 1084
s18 103 606 653 1083
s19 102 605 652 1082
s20 101 604 651 1081
s21 100 603 650 1081
s22 99 602 649 1080
s23 98 601 697 1079
s24 97 600 747 1078
s25 96 649 801 1077
s26 157 697 855 1043
s27 218 747 905 997
s28 279 801 953 950
s29 278 801 952 903
s30 277 801 999 902
s31 276 801 1044 901
s32 275 801 1085 901
s33 275 801 1084 900
s34 275 801 1083 899
s35 275 801 1082 898
s36 275 801 1081 897
s37 275 801 1080 896
s38 275 801 1079 895
s39 275 801 1078 895
s40 275 801 1077 895
s41 275 801 1043 895
s42 275 801 1042 895
s43 334 855 1042 895
s44 334 801 1042 895
s45 275 801 996 895
s46 274 747 996 895
s47 273 747 996 895
s48 273 747 949 895
s49 272 697 949 895
s50 333 747 996 895
s51 332 747 996 895
s52 382 801 1042 895
s53 424 855 1042 895
s54 466 905 1042 895
s55 508 953 1042 895
s56 507 952 1042 895
s57 506 952 1042 895
s58 505 952 1042 895
s59 504 952 1042 895
s60 503 952 1042 895
s61 502 952 1042 895
s62 501 952 1042 895
s63 500 952 1042 895
s64 499 952 1042 895
s65 498 952 1042 895
s66 544 952 1042 895
s67 594 952 1042 895
s68 644 952 1042 895
s69 693 952 1042 895
s70 741 952 1042 895
s71 740 952 1042 895
s72 741 952 996 895
s73 741 952 1042 845
s74 741 952 1041 895
s75 741 952 1042 894
s76 741 952 1043 895
s77 741 952 1042 896
s78 741 952 1076 895
s79 741 952 1042 942
s80 741 953 1042 895
s81 742 952 1042 895
s82 741 999 1042 895
s83 741 1044 1042 895
s84 741 1085 1042 895
s85 741 1084 1042 895
s86 741 1083 1042 895
s87 741 1082 1042 895
s88 741 1081 1042 895
s89 741 1080 1042 895
s90 741 1079 1042 895
s91 741 1078 1042 895
s92 741 1077 1042 895
s93 741 1043 1042 895
s94 741 997 1042 895
s95 741 950 1042 895
s96 741 903 1042 895
s97 741 853 1042 895
s98 741 799 1042 895
s99 741 798 1042 895
s100 741 797 1042 895
s101 741 796 1042 895
s102 741 795 1042 895
s103 741 794 1042 895
s104 741 793 1042 895
s105 741 743 1042 895
s106 741 742 1042 895
s107 741 741 1042 895
s108 741 740 1042 895
s109 741 739 1042 895
s110 741 738 1042 895
s111 741 737 1042 895
s112 741 736 1042 895
s113 741 735 1042 895
s114 741 734 1042 895
s115 741 733 1042 895
s116 741 732 1042 895
s117 741 731 1042 895
s118 741 730 1042 895
t 0.5711017710000306 s