s0 398 868 348 612
s1 397 867 390 611
s2 396 866 389 610
s3 395 865 388 609
s4 394 864 387 608
s5 393 863 386 607
s6 392 862 428 606
s7 391 861 470 605
s8 390 860 512 604
s9 389 907 560 603
s10 388 954 559 602
s11 387 1001 558 601
s12 386 1047 557 600
s13 428 1088 556 649
s14 470 1128 606 697
s15 512 1127 605 747
s16 560 1126 604 801
s17 559 1125 603 855
s18 558 1124 602 905
s19 557 1123 601 953
s20 556 1122 600 952
s21 555 1121 649 999
s22 554 1120 697 1044
s23 553 1119 747 1085
s24 552 1118 801 1084
s25 551 1117 855 1083
s26 601 1116 905 1082
s27 600 1115 953 1081
s28 649 1114 952 1080
s29 697 1113 999 1079
s30 747 1112 1044 1078
s31 801 1111 1085 1111
s32 855 1110 1084 1147
s33 905 1109 1083 1183
s34 953 1108 1082 1216
s35 952 1144 1081 1246
s36 999 1180 1080 1280
s37 1044 1213 1079 1323
s38 1085 1212 1078 1372
s39 1084 1242 1077 1426
s40 1083 1276 1076 1475
s41 1082 1319 1075 1522
s42 1081 1368 1108 1566
s43 1080 1367 1144 1606
s44 1079 1366 1180 1647
s45 1078 1365 1213 1687
s46 1077 1364 1212 1724
s47 1076 1418 1242 1765
s48 1075 1467 1276 1813
s49 1108 1514 1319 1814
s50 1144 1558 1368 1868
s51 1180 1598 1367 1927
s52 1213 1639 1366 1988
s53 1212 1679 1365 2049
s54 1242 1716 1364 2110
s55 1276 1757 1363 2110
s56 1319 1805 1362 2111
s57 1368 1805 1361 2111
s58 1367 1805 1360 2111
s59 1366 1805 1359 2111
s60 1365 1805 1358 2111
s61 1364 1805 1357 2111
s62 1363 1805 1356 2111
s63 1417 1805 1355 2111
s64 1466 1805 1354 2111
s65 1513 1805 1409 2111
s66 1557 1805 1461 2111
s67 1597 1805 1510 2111
s68 1596 1805 1554 2111
s69 1637 1805 1594 2111
s70 1677 1805 1594 2111
s71 1676 1805 1594 2111
s72 1675 1805 1594 2111
s73 1674 1805 1594 2111
s74 1673 1805 1594 2111
s75 1672 1805 1594 2111
s76 1671 1805 1594 2111
s77 1670 1805 1594 2111
s78 1669 1805 1594 2111
s79 1668 1805 1594 2111
s80 1705 1805 1594 2111
s81 1746 1805 1594 2111
s82 1794 1805 1594 2111
s83 1848 1805 1594 2111
s84 1907 1805 1594 2111
t 0.4239878280004632 s