s0 1754 1905 1407 1420
s1 1713 1846 1408 1366
s2 1676 1792 1353 1367
s3 1677 1744 1307 1368
s4 1637 1703 1308 1319
s5 1596 1666 1309 1276
s6 1597 1667 1310 1242
s7 1557 1668 1311 1212
s8 1513 1669 1312 1213
s9 1466 1670 1313 1180
s10 1417 1671 1274 1144
s11 1363 1672 1240 1108
s12 1364 1673 1210 1075
s13 1365 1674 1178 1076
s14 1366 1675 1142 1077
s15 1367 1676 1106 1078
s16 1368 1677 1107 1079
s17 1319 1637 1071 1080
s18 1276 1596 1032 1081
s19 1242 1597 1033 1082
s20 1212 1557 1034 1083
s21 1213 1513 1035 1084
s22 1180 1514 1036 1085
s23 1181 1515 1037 1044
s24 1182 1516 1038 999
s25 1183 1517 1039 952
s26 1184 1518 1040 953
s27 1185 1519 1041 905
s28 1186 1520 1042 855
s29 1187 1521 1043 801
s30 1188 1522 1077 802
s31 1189 1523 1078 803
s32 1190 1524 1079 804
s33 1191 1525 1080 805
s34 1192 1526 1081 805
s35 1193 1527 1082 805
s36 1193 1528 1083 805
s37 1193 1529 1084 805
s38 1193 1530 1085 805
s39 1193 1531 1044 805
s40 1193 1532 999 805
s41 1193 1533 952 805
s42 1193 1534 953 805
s43 1193 1485 905 805
s44 1193 1486 855 805
s45 1193 1487 801 805
s46 1193 1488 802 805
s47 1193 1489 803 805
s48 1193 1490 804 805
s49 1193 1491 805 805
s50 1193 1492 806 805
t 0.10733757600064564 s