s0 925 981 1027 1413
s1 926 982 1028 1359
s2 927 983 1029 1313
s3 928 984 1030 1274
s4 929 985 1031 1240
s5 930 986 1032 1210
s6 931 1032 1071 1178
s7 932 1071 1107 1142
s8 933 1107 1143 1106
s9 934 1143 1179 1070
s10 935 1179 1211 1031
s11 936 1211 1241 985
s12 937 1241 1275 938
s13 938 1275 1314 891
s14 939 1314 1315 892
s15 940 1315 1316 893
s16 941 1316 1317 894
s17 942 1317 1363 895
s18 943 1318 1417 896
s19 944 1364 1466 897
s20 945 1365 1513 898
s21 946 1366 1557 899
s22 993 1420 1597 900
s23 1039 1469 1596 901
s24 1073 1516 1637 902
s25 1074 1516 1677 903
s26 1075 1516 1676 904
s27 1108 1560 1675 904
s28 1144 1560 1674 904
s29 1145 1560 1711 904
s30 1146 1560 1752 904
s31 1182 1560 1800 904
s32 1183 1560 1800 904
s33 1184 1560 1800 904
s34 1217 1560 1800 904
s35 1218 1560 1800 904
s36 1248 1560 1800 904
s37 1249 1560 1800 904
s38 1283 1560 1800 904
s39 1326 1560 1800 904
t 0.13204543499978172 s