s0 1882 1440 1532 1833
s1 1823 1439 1531 1834
s2 1769 1385 1484 1780
s3 1769 1384 1435 1732
s4 1769 1334 1381 1691
s5 1769 1333 1380 1691
s6 1769 1290 1331 1691
s7 1769 1289 1288 1691
s8 1769 1289 1254 1691
s9 1769 1289 1253 1691
s10 1769 1289 1223 1691
s11 1769 1289 1222 1691
s12 1769 1289 1189 1691
s13 1769 1289 1188 1691
s14 1768 1289 1188 1690
s15 1768 1289 1188 1731
s16 1767 1289 1188 1730
s17 1766 1289 1188 1729
s18 1725 1255 1152 1729
s19 1689 1226 1152 1729
s20 1654 1225 1151 1729
s21 1654 1195 1115 1729
s22 1653 1195 1115 1728
s23 1617 1162 1115 1728
s24 1617 1161 1114 1728
s25 1617 1160 1113 1728
s26 1617 1159 1112 1728
s27 1617 1158 1111 1728
s28 1617 1157 1110 1728
s29 1579 1156 1109 1727
s30 1535 1120 1076 1726
s31 1534 1087 1042 1726
s32 1534 1087 996 1726
s33 1534 1087 949 1726
s34 1534 1087 950 1726
s35 1534 1087 903 1726
s36 1534 1087 853 1726
s37 1534 1087 854 1726
s38 1534 1087 800 1726
s39 1534 1087 746 1726
s40 1578 1120 800 1774
s41 1577 1119 746 1773
s42 1576 1118 696 1772
s43 1575 1117 695 1771
s44 1574 1116 694 1770
s45 1530 1083 645 1769
s46 1483 1082 645 1768
s47 1434 1081 596 1767
s48 1433 1081 596 1766
s49 1379 1080 596 1725
s50 1330 1079 547 1689
s51 1287 1078 546 1654
s52 1253 1077 546 1653
s53 1252 1043 504 1617
s54 1222 997 503 1579
s55 1221 950 502 1535
s56 1188 903 501 1535
s57 1188 853 500 1535
s58 1188 799 499 1535
s59 1188 798 545 1535
s60 1187 797 545 1534
s61 1151 796 545 1533
s62 1150 795 545 1532
s63 1149 794 545 1531
s64 1113 793 545 1484
s65 1112 743 545 1483
s66 1111 742 545 1434
s67 1110 741 545 1433
s68 1109 693 545 1379
s69 1076 644 545 1330
s70 1042 594 545 1287
s71 996 544 545 1253
s72 949 498 545 1252
s73 902 456 545 1222
s74 852 414 545 1221
s75 798 372 545 1188
s76 798 322 545 1187
s77 744 261 545 1151
s78 694 200 545 1150
s79 645 139 545 1114
s80 645 78 545 1113
s81 596 77 545 1112
s82 596 76 545 1111
s83 596 76 545 1110
s84 596 76 545 1109
s85 547 76 545 1076
s86 505 76 545 1042
s87 463 76 545 996
s88 462 76 545 949
s89 462 76 545 902
s90 462 76 545 852
s91 462 76 545 798
s92 462 76 545 744
s93 462 76 545 694
s94 462 76 545 645
s95 462 76 545 596
s96 462 76 545 547
s97 462 76 545 505
s98 462 76 545 463
s99 462 76 545 421
s100 462 76 545 379
s101 462 76 545 329
s102 462 76 545 268
s103 462 76 545 267
s104 462 76 545 266
s105 462 76 545 265
s106 462 76 545 264
s107 462 76 545 263
s108 462 76 545 262
s109 462 76 545 261
s110 462 76 545 260
s111 462 76 545 259
s112 462 76 545 258
s113 462 76 545 257
s114 462 76 545 256
s115 462 76 545 255
s116 462 76 545 254
s117 462 76 545 253
s118 462 76 545 252
s119 462 76 545 251
s120 462 76 545 250
s121 462 76 545 249
t 0.9209586159995524 s