s0 1087 746 509 860
s1 1086 745 551 907
s2 1119 799 551 954
s3 1155 853 551 954
s4 1191 903 551 954
s5 1224 950 551 954
s6 1224 997 551 954
s7 1224 1043 551 954
s8 1224 1077 551 954
s9 1224 1078 551 954
s10 1224 1079 551 954
s11 1224 1080 551 954
s12 1224 1081 551 954
s13 1224 1082 551 954
s14 1224 1083 551 954
s15 1254 1084 551 1001
s16 1288 1085 551 1047
s17 1331 1086 551 1088
s18 1380 1086 551 1128
s19 1381 1086 551 1127
s20 1435 1086 551 1126
s21 1484 1086 551 1125
s22 1531 1086 551 1124
s23 1532 1086 551 1123
s24 1533 1086 551 1122
s25 1534 1086 551 1121
s26 1535 1086 551 1120
s27 1579 1086 551 1156
s28 1617 1086 551 1192
s29 1617 1086 551 1191
s30 1653 1086 551 1224
s31 1654 1086 551 1254
s32 1689 1086 551 1288
s33 1725 1086 551 1331
s34 1766 1086 551 1380
s35 1820 1086 551 1434
s36 1819 1086 551 1433
s37 1818 1086 551 1433
s38 1817 1086 551 1433
s39 1816 1086 551 1433
s40 1815 1086 551 1433
s41 1816 1045 551 1433
s42 1816 1086 551 1379
s43 1816 1085 551 1433
s44 1816 1086 551 1432
s45 1816 1086 552 1433
s46 1816 1119 602 1433
s47 1816 1155 651 1433
s48 1816 1191 699 1433
s49 1816 1224 749 1433
s50 1816 1254 803 1433
s51 1816 1288 857 1433
s52 1816 1288 856 1433
s53 1816 1331 906 1433
s54 1816 1331 905 1433
s55 1816 1380 953 1433
s56 1816 1381 1000 1433
s57 1816 1435 1045 1433
s58 1816 1435 1086 1433
s59 1816 1435 1119 1433
s60 1816 1435 1155 1433
s61 1816 1435 1191 1433
s62 1816 1435 1224 1433
s63 1816 1435 1254 1433
s64 1816 1435 1288 1433
s65 1816 1435 1331 1433
s66 1816 1435 1380 1433
s67 1816 1435 1381 1433
s68 1816 1435 1435 1433
s69 1816 1435 1484 1433
s70 1816 1435 1531 1433
s71 1816 1435 1532 1433
s72 1816 1435 1533 1433
s73 1816 1435 1534 1433
s74 1816 1435 1535 1433
s75 1816 1435 1579 1433
s76 1816 1435 1617 1433
s77 1816 1435 1653 1433
s78 1816 1435 1654 1433
s79 1816 1435 1689 1433
s80 1816 1435 1725 1433
s81 1816 1435 1766 1433
s82 1816 1435 1820 1433
s83 1816 1435 1819 1433
s84 1816 1435 1818 1433
s85 1816 1435 1817 1433
s86 1816 1435 1816 1433
s87 1816 1435 1815 1433
s88 1816 1435 1874 1433
s89 1816 1435 1873 1433
s90 1816 1435 1934 1433
t 0.42047164699943096 s