s0 455 938 466 996
s1 413 939 424 997
s2 414 940 382 1043
s3 415 941 332 1077
s4 416 942 271 1078
s5 417 943 272 1079
s6 418 944 273 1080
s7 419 945 274 1081
s8 420 946 275 1082
s9 421 947 276 1083
s10 422 948 277 1084
s11 423 949 278 1085
s12 424 950 279 1044
s13 424 950 280 999
s14 424 950 281 952
s15 424 950 282 953
s16 424 950 282 905
s17 424 997 282 855
s18 382 1043 282 801
s19 332 1043 282 802
s20 271 1043 282 802
s21 272 1043 282 802
s22 273 1043 282 802
s23 274 1043 282 802
s24 275 1043 282 802
s25 276 1043 283 802
s26 277 1043 284 802
s27 278 1043 285 802
s28 279 1043 286 802
s29 280 1043 287 802
s30 281 1043 288 802
s31 282 1043 289 802
s32 282 1043 290 802
s33 282 1043 291 802
s34 282 1043 292 802
s35 282 1043 293 802
s36 282 1043 349 802
s37 282 1043 391 802
s38 282 1043 433 802
s39 282 997 433 802
s40 283 997 434 748
s41 284 997 435 748
s42 285 998 436 749
s43 341 998 478 803
s44 342 998 479 749
s45 343 998 480 749
s46 343 951 480 749
s47 344 951 481 699
s48 386 998 523 749
s49 428 998 571 803
s50 470 998 621 803
s51 471 998 670 803
s52 513 998 718 803
s53 561 998 768 803
s54 562 998 822 803
s55 612 998 872 803
s56 661 998 872 803
s57 662 998 872 803
s58 710 998 872 803
s59 760 998 872 803
s60 814 998 872 803
s61 864 998 872 803
s62 911 998 872 803
s63 958 998 872 803
s64 959 951 872 804
s65 912 951 872 804
s66 959 904 872 804
s67 959 951 822 804
s68 958 951 872 804
s69 958 950 872 803
s70 958 997 872 857
s71 911 997 872 857
s72 958 950 872 857
s73 958 997 822 857
s74 957 997 872 857
s75 957 1043 872 856
s76 957 1077 872 856
s77 958 1078 872 857
s78 958 1079 872 803
s79 959 1080 872 804
s80 960 1081 872 805
s81 961 1082 872 806
s82 962 1083 872 807
s83 963 1084 872 808
s84 964 1085 872 809
s85 965 1044 872 810
s86 966 1045 872 811
s87 1012 1000 872 811
s88 1012 953 872 812
s89 1012 905 872 812
s90 1012 906 872 813
s91 1012 856 872 813
s92 1012 802 872 813
s93 1012 803 872 813
s94 1012 804 872 813
s95 1012 805 872 813
s96 1012 806 872 813
s97 1012 807 872 813
s98 1012 808 872 813
s99 1012 809 872 813
s100 1012 810 872 813
s101 1012 811 872 813
s102 1012 812 872 813
t 2.7623587739999493 s