s0 1006 564 919 823
s1 1005 563 872 873
s2 1004 562 822 872
s3 1003 561 821 871
s4 1002 560 820 870
s5 1001 559 819 869
s6 1047 558 818 868
s7 1088 557 817 867
s8 1128 556 816 866
s9 1127 555 815 865
s10 1126 554 814 864
s11 1125 553 813 863
s12 1124 552 812 813
s13 1123 551 811 812
s14 1122 601 810 811
s15 1121 600 809 810
s16 1120 649 808 809
s17 1119 697 807 808
s18 1118 747 806 807
s19 1117 801 805 806
s20 1116 855 804 805
s21 1115 905 803 804
s22 1114 953 802 803
s23 1113 952 801 802
s24 1112 999 855 801
s25 1111 1044 905 855
s26 1110 1085 953 905
s27 1109 1084 952 953
s28 1108 1083 999 952
s29 1144 1082 1044 999
s30 1180 1081 1044 1044
s31 1213 1081 1044 1085
s32 1212 1080 1044 1084
s33 1242 1079 1044 1083
s34 1276 1078 1044 1082
s35 1319 1077 1044 1081
s36 1368 1043 1044 1081
s37 1367 997 1044 1080
s38 1366 950 1044 1079
s39 1365 903 1044 1078
s40 1364 902 1044 1077
s41 1318 901 1044 1043
s42 1317 900 1044 1042
s43 1316 899 1044 1041
s44 1315 898 1044 1040
s45 1314 897 1044 1040
s46 1314 896 1044 1040
s47 1314 895 1044 994
s48 1313 894 1044 947
s49 1312 893 1044 900
s50 1311 892 1044 900
s51 1310 891 1044 900
s52 1273 890 1044 900
s53 1272 889 1044 900
s54 1271 889 1044 900
s55 1270 889 1044 900
s56 1270 889 999 850
s57 1270 889 952 796
s58 1269 889 952 796
s59 1269 889 999 850
s60 1269 889 1044 900
s61 1270 889 999 900
s62 1270 889 1044 947
s63 1270 890 1044 900
s64 1270 890 999 850
s65 1270 889 952 850
s66 1270 936 999 850
s67 1270 936 1044 900
s68 1269 936 1044 900
s69 1269 889 999 900
s70 1269 889 1044 947
s71 1270 889 999 947
s72 1270 889 1044 994
s73 1270 889 1085 947
s74 1270 888 1084 946
s75 1270 887 1083 945
s76 1270 887 1082 898
s77 1270 887 1081 848
s78 1270 887 1080 794
s79 1270 887 1079 793
s80 1270 887 1078 792
s81 1270 887 1077 791
s82 1270 887 1043 790
s83 1270 887 1042 789
s84 1270 887 1041 788
s85 1270 887 1040 787
s86 1270 887 1039 786
s87 1270 887 1038 785
s88 1270 887 1037 784
s89 1270 887 1036 783
s90 1270 887 1035 782
s91 1270 887 1034 781
s92 1270 887 1033 780
s93 1270 887 1032 779
s94 1270 887 1031 778
s95 1270 887 1030 778
s96 1270 887 1029 778
s97 1270 887 1028 778
s98 1270 887 1027 778
s99 1270 887 1026 778
s100 1270 887 1025 778
s101 1270 887 1024 778
s102 1270 887 1063 778
s103 1270 887 1101 778
s104 1270 887 1141 778
s105 1270 887 1177 778
s106 1270 887 1209 778
s107 1270 887 1239 778
t 0.9743417769986991 s