s0 276 606 557 226
s1 275 605 556 225
s2 274 604 555 224
s3 273 603 554 223
s4 272 602 553 222
s5 271 601 511 221
s6 270 600 469 220
s7 269 649 427 219
s8 268 697 385 218
s9 329 747 340 279
s10 379 801 281 338
s11 421 855 280 383
s12 463 905 279 425
s13 505 953 278 467
s14 504 952 277 509
s15 503 999 276 551
s16 502 1044 275 601
s17 501 1085 274 600
s18 500 1084 273 649
s19 499 1083 272 697
s20 498 1082 271 697
s21 544 1081 332 747
s22 594 1080 382 801
s23 644 1079 424 855
s24 693 1078 466 905
s25 741 1077 465 953
s26 740 1043 464 952
s27 739 997 463 999
s28 738 996 462 1044
s29 737 995 461 1085
s30 736 994 460 1084
s31 735 993 459 1083
s32 734 992 458 1082
s33 733 991 500 1081
s34 732 990 500 1080
s35 731 989 500 1079
s36 730 988 500 1078
s37 780 988 500 1077
s38 834 988 500 1076
s39 884 988 500 1075
s40 931 988 500 1108
s41 978 988 500 1144
s42 1024 988 500 1180
s43 1024 988 500 1213
s44 1024 988 500 1212
s45 1024 988 500 1242
t 0.16882769699986966 s