s0 2150 1627 1752 1309
s1 2089 1589 1711 1310
s2 2028 1549 1674 1311
s3 1967 1505 1675 1312
s4 1906 1456 1676 1313
s5 1847 1404 1677 1274
s6 1793 1349 1637 1240
s7 1745 1350 1596 1210
s8 1704 1351 1597 1178
s9 1667 1352 1557 1142
s10 1630 1353 1513 1106
s11 1592 1354 1466 1070
s12 1552 1355 1417 1031
s13 1508 1356 1363 1032
s14 1459 1357 1364 1033
s15 1407 1358 1365 1034
s16 1352 1359 1366 1035
s17 1306 1360 1367 1036
s18 1269 1361 1368 1037
s19 1239 1362 1319 1038
s20 1209 1362 1276 1039
s21 1177 1362 1242 1040
s22 1177 1362 1212 1041
s23 1177 1362 1213 1042
s24 1177 1362 1180 1043
s25 1177 1362 1144 1077
s26 1177 1362 1108 1078
s27 1177 1362 1109 1079
s28 1177 1362 1110 1080
s29 1177 1362 1110 1081
s30 1177 1362 1110 1082
s31 1177 1362 1110 1083
s32 1177 1362 1110 1084
s33 1177 1362 1110 1085
s34 1177 1362 1110 1044
s35 1177 1362 1110 999
s36 1177 1362 1110 952
s37 1177 1362 1110 953
s38 1177 1362 1110 905
s39 1177 1362 1110 855
s40 1177 1362 1110 801
s41 1141 1316 1110 801
s42 1141 1316 1077 747
s43 1141 1316 1077 801
s44 1141 1316 1110 855
s45 1141 1316 1077 856
s46 1141 1316 1110 906
s47 1177 1362 1110 906
s48 1177 1316 1110 906
s49 1141 1316 1077 906
s50 1141 1316 1110 905
s51 1141 1316 1077 855
s52 1177 1316 1110 801
s53 1209 1317 1111 747
s54 1239 1363 1111 747
s55 1239 1317 1111 747
s56 1209 1317 1078 697
s57 1209 1317 1078 747
s58 1209 1317 1078 748
s59 1209 1317 1111 802
s60 1239 1363 1111 802
s61 1239 1317 1111 802
s62 1209 1317 1078 802
s63 1209 1317 1111 801
s64 1239 1363 1111 801
s65 1269 1363 1111 747
s66 1270 1364 1112 697
s67 1271 1365 1113 698
s68 1272 1366 1114 699
s69 1273 1367 1115 700
s70 1310 1367 1115 700
s71 1311 1368 1116 701
s72 1312 1369 1117 702
s73 1313 1370 1118 703
s74 1274 1321 1118 703
s75 1240 1278 1119 704
s76 1210 1244 1119 704
s77 1178 1214 1120 705
s78 1142 1181 1120 705
s79 1106 1145 1120 705
s80 1070 1109 1120 705
s81 1031 1076 1120 705
s82 1032 1077 1121 706
s83 1033 1078 1122 707
s84 1034 1079 1123 708
s85 1035 1080 1124 708
s86 1036 1081 1125 660
s87 1037 1082 1126 660
s88 1038 1083 1127 611
s89 1039 1084 1128 611
s90 1040 1085 1088 561
s91 994 1044 1047 513
s92 947 999 1001 471
s93 900 952 954 429
s94 901 953 907 387
s95 851 905 908 387
s96 797 855 908 387
s97 798 801 908 387
s98 744 747 908 387
s99 694 697 908 387
s100 645 649 908 387
s101 596 650 908 387
s102 547 601 908 387
s103 505 551 908 387
s104 506 552 908 387
s105 507 553 908 387
s106 508 554 908 387
s107 466 554 908 387
s108 424 554 908 387
s109 382 553 908 387
s110 332 553 908 387
s111 333 554 908 387
s112 272 553 908 387
s113 273 554 908 387
s114 274 555 908 387
s115 275 556 908 387
s116 276 557 908 387
s117 277 558 908 387
s118 278 559 908 387
s119 217 560 908 387
s120 218 512 908 387
s121 219 470 908 387
s122 219 471 908 387
t 4.879119402000015 s