s0 1076 1470 547 1985
s1 1077 1421 548 1924
s2 1078 1367 549 1865
s3 1079 1368 550 1811
s4 1080 1319 550 1763
s5 1080 1276 550 1722
s6 1081 1242 550 1685
s7 1082 1212 550 1645
s8 1082 1213 550 1604
s9 1082 1180 550 1564
s10 1082 1144 550 1520
s11 1082 1108 550 1473
s12 1082 1075 550 1424
s13 1083 1076 550 1370
s14 1084 1077 550 1321
s15 1085 1078 550 1278
s16 1044 1079 550 1244
s17 999 1080 550 1214
s18 952 1081 508 1181
s19 953 1082 508 1145
s20 905 1083 466 1109
s21 855 1084 424 1076
s22 801 1085 382 1077
s23 801 1044 382 1078
s24 801 999 382 1079
s25 801 952 382 1080
s26 801 953 382 1081
s27 801 905 382 1082
s28 801 855 382 1083
s29 802 801 382 1084
s30 748 747 332 1085
s31 749 697 271 1044
s32 699 649 272 999
s33 700 600 273 952
s34 652 601 274 953
s35 653 602 275 905
s36 604 603 276 855
s37 605 604 277 801
s38 555 605 278 747
s39 556 606 279 697
s40 557 607 280 649
s41 558 608 281 600
s42 559 609 282 601
s43 560 610 283 551
s44 512 611 284 509
s45 470 612 285 467
s46 428 613 286 425
s47 386 614 287 383
s48 344 615 288 338
s49 288 616 289 279
s50 227 617 290 218
s51 166 618 291 219
s52 105 618 292 220
s53 106 618 293 221
s54 107 618 294 222
s55 108 618 295 223
s56 109 618 296 224
s57 110 618 297 225
s58 111 618 298 225
s59 112 618 299 225
s60 113 618 300 225
s61 114 618 301 225
s62 114 618 357 225
s63 114 618 399 225
s64 114 618 441 225
s65 114 618 483 225
s66 114 618 525 225
s67 114 618 573 225
s68 114 618 623 225
t 0.36565829000028316 s