s0 1646 1685 1645 1647 1684 1723 1605 1722 1686 1763
s1 1605 1645 1604 1606 1685 1724 1565 1723 1687 1764
s2 1565 1646 1605 1566 1686 1765 1566 1724 1724 1765
s3 1566 1647 1606 1567 1687 1813 1567 1765 1724 1813
s4 1567 1648 1607 1568 1687 1814 1568 1765 1724 1814
s5 1568 1648 1608 1569 1687 1868 1569 1765 1724 1814
s6 1569 1648 1608 1570 1687 1868 1570 1765 1724 1814
s7 1569 1648 1608 1571 1687 1868 1570 1765 1724 1814
s8 1570 1649 1609 1572 1688 1868 1571 1765 1724 1814
s9 1571 1649 1609 1572 1688 1868 1570 1765 1724 1814
s10 1572 1649 1609 1571 1688 1868 1570 1765 1724 1814
s11 1572 1649 1609 1570 1688 1868 1571 1765 1724 1814
s12 1571 1649 1609 1570 1688 1868 1572 1765 1724 1814
s13 1570 1649 1609 1571 1688 1868 1572 1765 1724 1814
s14 1570 1649 1609 1571 1688 1868 1572 1724 1765 1814
s15 1570 1649 1609 1572 1688 1868 1571 1724 1765 1814
s16 1571 1649 1609 1572 1688 1868 1570 1724 1765 1814
s17 1572 1649 1609 1571 1688 1868 1570 1724 1765 1814
s18 1572 1649 1609 1570 1688 1868 1571 1724 1765 1814
s19 1571 1649 1609 1570 1688 1868 1572 1724 1765 1814
s20 1571 1649 1609 1570 1688 1814 1572 1724 1765 1868
s21 1571 1649 1609 1570 1688 1814 1572 1765 1724 1868
s22 1572 1649 1609 1570 1688 1814 1571 1765 1724 1868
s23 1572 1649 1609 1571 1688 1814 1570 1765 1724 1868
s24 1571 1649 1609 1572 1688 1814 1570 1765 1724 1868
s25 1570 1649 1609 1572 1688 1814 1571 1765 1724 1868
t 60.02856108499964 s