s0 1967 2028 2029 1968 1966 1906 1969 2027 1847 1846
s1 1906 1967 1968 1907 1905 1847 1908 1966 1793 1792
s2 1847 1906 1907 1848 1846 1793 1849 1905 1745 1744
s3 1793 1847 1848 1794 1792 1745 1795 1846 1704 1703
s4 1745 1793 1794 1746 1744 1704 1747 1792 1667 1666
s5 1704 1745 1746 1705 1703 1667 1706 1744 1630 1629
s6 1667 1704 1705 1668 1666 1630 1669 1703 1592 1591
s7 1630 1667 1668 1631 1629 1592 1632 1666 1552 1551
s8 1592 1630 1631 1593 1591 1552 1594 1629 1508 1507
s9 1552 1592 1593 1553 1551 1508 1554 1591 1459 1458
s10 1508 1552 1553 1509 1507 1459 1510 1551 1407 1406
s11 1459 1508 1509 1460 1458 1407 1461 1507 1352 1351
s12 1407 1459 1460 1408 1406 1352 1409 1458 1306 1305
s13 1352 1407 1408 1353 1351 1306 1354 1406 1307 1268
s14 1306 1352 1353 1307 1305 1307 1308 1351 1308 1269
s15 1269 1306 1307 1308 1268 1308 1309 1305 1309 1239
s16 1239 1307 1308 1309 1269 1309 1310 1268 1310 1209
s17 1209 1307 1308 1310 1239 1309 1311 1269 1311 1177
s18 1209 1307 1308 1310 1239 1309 1312 1269 1311 1177
s19 1209 1308 1309 1311 1239 1310 1313 1270 1312 1177
s20 1209 1308 1309 1311 1239 1310 1274 1270 1312 1177
s21 1177 1308 1309 1311 1239 1310 1274 1270 1312 1209
s22 1177 1308 1309 1311 1209 1310 1274 1270 1312 1239
s23 1177 1308 1309 1312 1209 1310 1274 1270 1311 1239
s24 1177 1308 1309 1312 1209 1311 1274 1270 1310 1239
s25 1177 1308 1310 1312 1209 1311 1274 1270 1309 1239
s26 1177 1308 1311 1312 1209 1310 1274 1270 1309 1239
s27 1177 1308 1312 1311 1209 1310 1274 1270 1309 1239
s28 1177 1309 1312 1311 1209 1310 1274 1270 1308 1239
s29 1177 1310 1312 1311 1209 1309 1274 1270 1308 1239
s30 1177 1311 1312 1310 1209 1309 1274 1270 1308 1239
s31 1177 1312 1311 1310 1209 1309 1274 1270 1308 1239
s32 1177 1312 1310 1311 1209 1309 1274 1270 1308 1239
s33 1177 1311 1310 1312 1209 1309 1274 1270 1308 1239
s34 1177 1310 1311 1312 1209 1309 1274 1270 1308 1239
s35 1209 1310 1311 1312 1177 1309 1274 1270 1308 1239
s36 1209 1310 1312 1311 1177 1309 1274 1270 1308 1239
s37 1209 1311 1312 1310 1177 1309 1274 1270 1308 1239
s38 1209 1312 1311 1310 1177 1309 1274 1270 1308 1239
t 60.01085258999956 s