s0 356 299 301 237 300 238 355 357 396 241
s1 355 298 300 236 299 237 354 356 395 240
s2 354 297 299 235 298 236 353 355 394 239
s3 353 296 298 234 297 235 352 354 393 238
s4 352 295 297 233 296 234 351 353 392 237
s5 351 294 296 232 295 233 350 352 391 236
s6 350 293 295 231 294 232 349 351 390 235
s7 349 292 294 230 293 231 348 350 389 234
s8 348 291 293 229 292 230 347 349 388 233
s9 347 290 292 228 291 229 346 348 387 232
s10 346 289 291 227 290 228 345 347 386 231
s11 345 288 290 226 289 227 344 346 386 230
s12 344 287 289 225 288 226 386 345 428 229
s13 386 286 288 224 287 225 428 344 470 228
s14 428 285 344 223 287 286 470 386 512 227
s15 428 285 344 284 287 286 470 386 512 226
s16 428 284 344 283 286 285 470 386 512 287
s17 470 284 386 283 286 285 512 428 560 343
s18 470 284 386 283 286 285 512 428 559 343
s19 470 283 386 284 286 285 512 428 559 343
s20 470 283 386 284 285 286 512 428 559 343
s21 470 283 428 284 285 286 512 386 559 343
s22 512 283 428 284 285 286 470 386 559 343
s23 512 283 470 284 285 286 428 386 559 343
s24 470 283 512 284 285 286 428 386 559 343
s25 470 284 512 283 285 286 428 386 559 343
s26 512 284 470 283 285 286 428 386 559 343
s27 512 285 470 283 284 286 428 386 559 343
s28 470 285 512 283 284 286 428 386 559 343
s29 470 285 512 284 283 286 428 386 559 343
s30 470 284 512 285 283 286 428 386 559 343
s31 470 283 512 285 284 286 428 386 559 343
s32 512 283 470 285 284 286 428 386 559 343
s33 512 284 470 285 283 286 428 386 559 343
s34 512 285 470 284 283 286 428 386 559 343
s35 512 286 470 284 283 285 428 386 559 343
s36 512 286 470 283 284 285 428 386 559 343
s37 470 286 512 283 284 285 428 386 559 343
s38 470 286 512 284 283 285 428 386 559 343
s39 470 286 512 285 283 284 428 386 559 343
s40 470 285 512 286 283 284 428 386 559 343
s41 470 284 512 286 283 285 428 386 559 343
t 60.000741507000384 s