s0 1828 1773 1774 1775 1830 1777 1829 1889 1949 1772
s1 1774 1772 1773 1774 1776 1776 1829 1888 1948 1771
s2 1773 1771 1772 1773 1775 1775 1828 1887 1947 1770
s3 1772 1770 1771 1772 1774 1774 1827 1886 1946 1769
s4 1771 1769 1770 1771 1773 1773 1826 1885 1945 1768
s5 1770 1768 1769 1770 1772 1772 1825 1884 1944 1767
s6 1769 1767 1768 1769 1771 1771 1824 1883 1943 1766
s7 1768 1766 1767 1768 1770 1770 1823 1882 1942 1725
s8 1767 1725 1766 1767 1769 1769 1822 1881 1941 1689
s9 1766 1689 1725 1766 1768 1768 1821 1880 1940 1654
s10 1725 1654 1689 1725 1767 1767 1820 1879 1939 1653
s11 1689 1653 1654 1725 1766 1766 1820 1879 1939 1617
s12 1654 1617 1653 1689 1725 1766 1820 1879 1939 1579
s13 1653 1579 1617 1689 1725 1766 1820 1879 1939 1535
s14 1653 1578 1617 1689 1725 1766 1820 1879 1939 1534
s15 1653 1578 1617 1689 1725 1766 1820 1879 1939 1533
s16 1617 1534 1579 1654 1689 1725 1766 1820 1878 1533
s17 1617 1533 1578 1653 1689 1725 1766 1820 1878 1532
s18 1579 1533 1534 1617 1654 1689 1725 1766 1819 1532
s19 1578 1532 1533 1617 1653 1689 1725 1766 1820 1531
s20 1534 1532 1533 1579 1617 1654 1689 1725 1766 1484
s21 1533 1531 1532 1578 1617 1653 1654 1689 1725 1483
s22 1533 1484 1532 1534 1579 1617 1653 1654 1689 1434
s23 1532 1483 1531 1533 1578 1579 1617 1653 1654 1433
s24 1531 1434 1484 1532 1577 1578 1579 1617 1653 1379
s25 1484 1380 1435 1531 1576 1577 1578 1579 1617 1379
s26 1435 1379 1434 1484 1532 1533 1534 1535 1579 1378
s27 1434 1378 1433 1483 1531 1532 1533 1534 1535 1377
s28 1433 1377 1432 1434 1484 1531 1532 1533 1534 1376
s29 1432 1376 1431 1433 1483 1484 1531 1532 1533 1375
s30 1431 1375 1430 1432 1482 1483 1484 1531 1532 1374
s31 1430 1374 1429 1431 1481 1482 1483 1484 1531 1373
s32 1429 1373 1428 1430 1480 1481 1482 1483 1484 1372
s33 1428 1372 1427 1429 1479 1480 1481 1482 1483 1371
s34 1427 1371 1426 1428 1478 1479 1480 1481 1482 1370
s35 1426 1370 1425 1427 1477 1478 1479 1480 1481 1369
s36 1425 1369 1424 1426 1476 1477 1478 1479 1480 1368
s37 1424 1368 1423 1425 1475 1476 1477 1478 1479 1367
s38 1423 1367 1422 1424 1474 1475 1476 1477 1478 1366
s39 1422 1366 1421 1423 1473 1474 1475 1476 1477 1365
s40 1421 1365 1420 1422 1472 1473 1474 1475 1476 1364
s41 1420 1364 1419 1421 1471 1472 1473 1474 1475 1363
s42 1366 1318 1365 1367 1422 1423 1424 1425 1426 1363
s43 1365 1317 1364 1366 1421 1422 1423 1424 1425 1362
s44 1364 1316 1363 1365 1420 1421 1422 1423 1424 1361
s45 1363 1315 1362 1364 1419 1420 1421 1422 1423 1360
s46 1362 1314 1361 1363 1418 1419 1420 1421 1422 1359
s47 1361 1313 1360 1362 1417 1418 1419 1420 1421 1358
s48 1360 1312 1359 1361 1416 1417 1418 1419 1420 1357
s49 1359 1311 1358 1360 1415 1416 1417 1418 1419 1356
s50 1358 1310 1357 1359 1414 1415 1416 1417 1418 1355
s51 1357 1309 1356 1358 1413 1414 1415 1416 1417 1354
s52 1311 1309 1356 1312 1359 1360 1361 1362 1363 1354
s53 1310 1308 1355 1311 1358 1359 1360 1361 1362 1353
s54 1309 1307 1354 1310 1357 1358 1359 1360 1361 1352
s55 1308 1306 1353 1309 1356 1357 1358 1359 1360 1351
s56 1307 1305 1352 1308 1355 1356 1357 1358 1359 1351
s57 1306 1304 1351 1307 1354 1355 1356 1357 1358 1351
s58 1305 1303 1350 1306 1353 1354 1355 1356 1357 1351
s59 1304 1303 1350 1305 1352 1353 1354 1355 1356 1351
s60 1303 1303 1350 1304 1306 1352 1353 1354 1355 1351
s61 1302 1303 1350 1303 1305 1351 1352 1353 1354 1351
s62 1302 1303 1350 1302 1304 1350 1351 1352 1353 1351
s63 1302 1303 1350 1301 1267 1405 1350 1351 1352 1351
s64 1302 1303 1350 1301 1266 1405 1349 1350 1351 1351
s65 1302 1303 1350 1301 1265 1405 1348 1349 1350 1351
s66 1302 1303 1350 1301 1265 1405 1348 1349 1349 1351
s67 1302 1303 1350 1301 1265 1405 1348 1349 1348 1351
s68 1302 1303 1350 1301 1265 1405 1348 1349 1403 1351
t 18.195994530000462 s