s0 762 761 712 816 817 710 867 815 711 814
s1 761 760 711 815 816 709 866 814 710 813
s2 760 759 710 814 815 708 865 813 709 812
s3 759 758 709 813 814 707 864 812 708 811
s4 758 757 708 812 813 706 863 811 707 810
s5 757 756 707 811 812 705 862 810 706 809
s6 756 755 706 810 811 704 861 809 705 808
s7 755 754 705 809 810 703 860 808 704 807
s8 754 753 704 808 809 702 860 807 703 806
s9 753 752 754 807 809 701 860 806 702 805
s10 752 751 808 807 809 700 860 805 701 804
s11 806 750 808 807 809 699 860 804 751 803
s12 806 749 808 807 809 698 860 804 805 802
s13 806 803 808 807 809 748 860 804 805 801
s14 806 857 808 807 809 802 860 804 805 855
s15 806 857 808 807 809 856 860 804 805 905
s16 806 857 808 807 809 906 860 804 805 953
s17 805 856 807 806 808 905 859 803 804 952
s18 804 855 806 805 807 905 858 802 803 952
s19 804 905 806 805 807 953 808 856 857 999
s20 803 953 805 804 806 952 807 906 856 999
s21 802 952 804 803 805 999 806 905 855 1044
s22 856 999 803 802 804 1044 805 953 905 1085
s23 906 1044 802 856 803 1085 804 1000 953 1084
s24 905 1044 801 855 802 1084 803 999 952 1083
s25 953 1085 855 905 801 1117 802 1044 999 1116
s26 952 1084 905 953 855 1116 801 1044 999 1115
s27 999 1117 953 952 905 1152 855 1085 1044 1151
s28 1044 1116 952 999 953 1151 905 1084 1085 1150
s29 1085 1115 999 1044 952 1150 953 1083 1084 1149
s30 1084 1114 1044 1085 999 1149 952 1082 1083 1148
s31 1083 1113 1085 1084 1044 1148 999 1081 1082 1147
s32 1082 1112 1084 1083 1085 1147 1044 1080 1081 1146
s33 1081 1111 1083 1082 1084 1146 1085 1079 1080 1145
s34 1080 1110 1082 1081 1083 1145 1084 1078 1079 1144
s35 1079 1109 1081 1080 1082 1144 1083 1077 1078 1180
s36 1078 1108 1080 1079 1081 1144 1082 1076 1077 1180
s37 1077 1144 1079 1078 1080 1180 1081 1109 1076 1180
s38 1076 1180 1078 1077 1079 1213 1080 1145 1109 1180
s39 1109 1213 1077 1076 1078 1243 1079 1181 1145 1180
s40 1145 1243 1076 1109 1077 1277 1078 1214 1144 1180
s41 1181 1243 1075 1108 1076 1277 1077 1214 1144 1180
s42 1214 1243 1108 1144 1109 1277 1110 1214 1180 1180
s43 1244 1243 1144 1180 1145 1277 1146 1214 1213 1180
s44 1278 1243 1180 1213 1181 1320 1182 1214 1213 1180
s45 1278 1243 1213 1212 1214 1320 1215 1214 1213 1180
s46 1278 1243 1212 1212 1244 1320 1245 1214 1213 1180
s47 1278 1243 1242 1212 1244 1320 1245 1214 1213 1180
t 4.355103331999999 s