s0 366 315 367 314 316 408 407 252 317 255
s1 367 316 368 315 317 409 408 253 318 256
s2 368 317 369 316 318 410 409 254 319 257
s3 369 318 370 317 319 411 410 255 320 258
s4 370 319 371 318 320 412 411 256 321 259
s5 371 320 372 319 321 413 412 257 322 260
s6 372 321 373 320 322 414 413 258 323 261
s7 373 322 374 321 323 415 414 259 324 262
s8 374 323 375 322 324 416 415 260 325 263
s9 375 324 376 372 374 417 415 321 326 264
s10 376 325 377 373 375 418 416 322 327 265
s11 377 326 378 374 376 419 417 323 328 266
s12 378 327 379 375 377 420 418 324 329 267
s13 379 328 380 376 378 421 419 325 330 268
s14 380 329 422 377 379 422 420 326 380 269
s15 422 330 464 378 380 464 421 327 422 330
s16 464 330 506 379 422 506 422 328 464 380
s17 506 330 548 380 464 548 464 329 506 422
s18 548 330 597 422 506 597 506 379 548 464
s19 597 330 646 422 548 646 506 380 597 464
s20 646 330 695 422 548 695 506 380 597 464
s21 646 330 745 422 548 695 506 380 597 464
s22 695 380 799 464 597 745 548 422 646 506
s23 745 422 853 506 646 799 597 464 695 548
s24 799 464 903 548 695 853 646 506 745 597
s25 853 506 950 597 745 903 695 548 799 646
s26 903 548 997 646 799 950 745 597 853 695
s27 950 597 1043 695 853 997 799 646 903 745
s28 997 646 1077 745 903 1043 853 695 950 799
s29 997 646 1078 745 903 1043 853 695 950 799
s30 1043 695 1111 799 950 1077 903 745 997 853
s31 1077 745 1112 853 997 1078 950 799 1043 903
s32 1078 799 1113 903 1043 1079 997 853 1077 950
s33 1079 853 1114 950 1077 1080 1043 903 1078 997
s34 1080 903 1115 997 1078 1081 1077 950 1079 1043
s35 1081 903 1116 997 1079 1082 1078 950 1080 1043
s36 1114 903 1152 997 1112 1115 1078 950 1113 1043
s37 1150 903 1188 997 1112 1151 1078 950 1149 1043
s38 1186 903 1221 997 1112 1187 1078 950 1149 1043
s39 1186 903 1251 997 1112 1220 1078 950 1149 1043
s40 1219 950 1285 1043 1148 1250 1111 997 1185 1077
s41 1220 949 1286 1043 1149 1251 1112 997 1186 1078
s42 1250 996 1329 1077 1185 1285 1148 1043 1219 1111
s43 1251 1042 1330 1078 1186 1286 1149 1077 1220 1112
s44 1285 1043 1379 1111 1219 1329 1185 1078 1250 1148
s45 1328 1077 1433 1147 1249 1378 1218 1111 1284 1184
s46 1377 1110 1482 1183 1283 1432 1248 1147 1327 1217
s47 1431 1146 1529 1216 1326 1481 1282 1183 1376 1247
s48 1480 1182 1573 1246 1375 1528 1325 1216 1430 1281
s49 1527 1215 1573 1280 1429 1572 1374 1246 1479 1324
s50 1571 1245 1573 1323 1478 1572 1428 1280 1526 1373
s51 1571 1279 1573 1372 1525 1572 1477 1323 1570 1427
s52 1571 1322 1573 1426 1569 1572 1524 1372 1570 1476
s53 1571 1371 1573 1475 1569 1572 1568 1426 1570 1523
s54 1571 1425 1573 1522 1569 1572 1568 1475 1570 1567
s55 1571 1474 1573 1566 1569 1572 1568 1522 1570 1567
s56 1572 1475 1574 1566 1570 1573 1569 1523 1571 1568
s57 1572 1522 1574 1606 1570 1573 1569 1567 1571 1568
s58 1572 1523 1574 1606 1570 1573 1569 1567 1571 1568
s59 1573 1524 1575 1606 1571 1574 1570 1567 1572 1569
s60 1573 1568 1575 1606 1571 1574 1570 1567 1572 1569
s61 1574 1569 1576 1607 1572 1575 1571 1568 1573 1570
s62 1575 1570 1577 1608 1573 1576 1572 1569 1574 1571
s63 1576 1571 1578 1609 1574 1577 1573 1570 1575 1572
s64 1577 1572 1579 1610 1575 1578 1574 1571 1576 1573
s65 1578 1573 1617 1611 1576 1579 1575 1572 1577 1574
s66 1579 1574 1653 1612 1577 1617 1576 1573 1578 1575
s67 1617 1575 1654 1613 1578 1653 1577 1574 1579 1576
s68 1653 1576 1689 1614 1579 1654 1578 1575 1617 1577
s69 1654 1577 1725 1615 1617 1689 1579 1576 1653 1578
s70 1689 1578 1766 1616 1653 1725 1617 1577 1654 1579
s71 1725 1578 1767 1576 1654 1766 1653 1577 1689 1617
s72 1766 1579 1821 1577 1689 1820 1654 1578 1725 1617
s73 1820 1617 1880 1578 1725 1879 1689 1579 1766 1653
s74 1820 1653 1941 1579 1725 1879 1689 1617 1766 1654
s75 1879 1654 2002 1617 1766 1940 1725 1653 1820 1689
s76 1940 1689 2002 1653 1820 2001 1766 1654 1879 1725
s77 1940 1725 2002 1654 1820 2001 1820 1689 1878 1766
s78 1940 1766 2002 1689 1820 2001 1879 1725 1878 1767
s79 1940 1820 2002 1725 1820 2001 1940 1766 1878 1821
s80 1940 1879 2002 1766 1820 2001 2001 1820 1878 1880
s81 1940 1879 2002 1820 1820 2001 2062 1819 1878 1880
s82 1940 1879 2002 1819 1820 2001 2062 1819 1878 1880
s83 1940 1879 2002 1878 1820 2001 2062 1819 1878 1880
s84 1940 1879 2002 1939 1820 2001 2062 1819 1878 1880
s85 1940 1879 2002 2000 1820 2001 2062 1819 1878 1880
t 26.89255606400002 s