s0 1602 1643 1562 1642 1644 1518 1681 1601 1470 1561
s1 1562 1602 1518 1601 1603 1471 1641 1561 1421 1517
s2 1518 1562 1471 1561 1563 1422 1600 1517 1367 1470
s3 1471 1518 1422 1517 1519 1368 1560 1470 1368 1421
s4 1422 1471 1368 1470 1472 1319 1516 1421 1319 1367
s5 1368 1422 1319 1421 1423 1276 1469 1367 1276 1368
s6 1319 1368 1276 1367 1369 1242 1420 1368 1242 1319
s7 1276 1319 1242 1368 1320 1212 1421 1319 1212 1276
s8 1242 1276 1212 1319 1277 1213 1367 1276 1213 1242
s9 1212 1242 1213 1320 1243 1180 1368 1277 1180 1212
s10 1213 1212 1180 1277 1213 1144 1319 1243 1144 1213
s11 1180 1213 1144 1243 1180 1108 1276 1213 1108 1180
s12 1144 1180 1108 1213 1144 1075 1242 1180 1075 1144
s13 1108 1144 1075 1180 1108 1076 1212 1144 1041 1108
s14 1075 1108 1041 1181 1075 1077 1213 1145 995 1109
s15 1041 1075 995 1145 1041 1078 1180 1109 948 1110
s16 995 1076 948 1109 1042 1079 1144 1110 901 1111
s17 996 1077 949 1076 1043 1080 1108 1111 902 1112
s18 997 1078 950 1042 1043 1081 1075 1112 903 1113
s19 950 1078 903 1043 997 1081 1076 1079 853 1080
s20 951 1078 904 1043 998 1081 1042 1079 854 1080
s21 904 1078 854 997 951 1081 1043 1079 800 1080
s22 904 1078 854 998 951 1081 1043 1079 800 1080
s23 854 1078 904 998 951 1081 1043 1079 800 1080
s24 800 1078 904 998 951 1081 1043 1079 854 1080
s25 800 1078 854 998 951 1081 1043 1079 904 1080
s26 800 1078 854 951 998 1081 1043 1079 904 1080
s27 800 1078 854 904 998 1081 1043 1079 951 1080
s28 800 1078 854 904 951 1081 1043 1079 998 1080
s29 800 1078 854 904 951 1081 1043 1080 998 1079
s30 800 1079 854 904 951 1081 1043 1080 998 1078
s31 800 1080 854 904 951 1081 1043 1079 998 1078
s32 800 1081 854 904 951 1080 1043 1079 998 1078
s33 854 1081 800 904 951 1080 1043 1079 998 1078
s34 904 1081 800 854 951 1080 1043 1079 998 1078
s35 904 1081 854 800 951 1080 1043 1079 998 1078
s36 854 1081 904 800 951 1080 1043 1079 998 1078
s37 800 1081 904 854 951 1080 1043 1079 998 1078
s38 800 1081 951 854 904 1080 1043 1079 998 1078
s39 854 1081 951 800 904 1080 1043 1079 998 1078
s40 904 1081 951 800 854 1080 1043 1079 998 1078
s41 951 1081 904 800 854 1080 1043 1079 998 1078
s42 951 1081 854 800 904 1080 1043 1079 998 1078
s43 951 1081 800 854 904 1080 1043 1079 998 1078
s44 951 1081 800 904 854 1080 1043 1079 998 1078
s45 904 1081 800 951 854 1080 1043 1079 998 1078
s46 854 1081 800 951 904 1080 1043 1079 998 1078
s47 800 1081 854 951 904 1080 1043 1079 998 1078
s48 800 1081 904 951 854 1080 1043 1079 998 1078
s49 800 1081 951 904 854 1080 1043 1079 998 1078
s50 854 1081 951 904 800 1080 1043 1079 998 1078
s51 854 1081 904 951 800 1080 1043 1079 998 1078
s52 904 1081 854 951 800 1080 1043 1079 998 1078
s53 951 1081 854 904 800 1080 1043 1079 998 1078
s54 951 1081 904 854 800 1080 1043 1079 998 1078
s55 904 1081 951 854 800 1080 1043 1079 998 1078
s56 904 1080 951 854 800 1081 1043 1079 998 1078
s57 854 1080 951 904 800 1081 1043 1079 998 1078
s58 800 1080 951 904 854 1081 1043 1079 998 1078
s59 800 1080 904 951 854 1081 1043 1079 998 1078
s60 800 1080 854 951 904 1081 1043 1079 998 1078
s61 854 1080 800 951 904 1081 1043 1079 998 1078
s62 854 1080 800 904 951 1081 1043 1079 998 1078
s63 904 1080 800 854 951 1081 1043 1079 998 1078
s64 904 1080 854 800 951 1081 1043 1079 998 1078
s65 854 1080 904 800 951 1081 1043 1079 998 1078
s66 800 1080 904 854 951 1081 1043 1079 998 1078
s67 800 1080 951 854 904 1081 1043 1079 998 1078
s68 854 1080 951 800 904 1081 1043 1079 998 1078
s69 904 1080 951 800 854 1081 1043 1079 998 1078
s70 951 1080 904 800 854 1081 1043 1079 998 1078
s71 951 1080 854 800 904 1081 1043 1079 998 1078
s72 951 1080 800 854 904 1081 1043 1079 998 1078
s73 951 1080 800 904 854 1081 1043 1079 998 1078
t 60.00114928899984 s