s0 1718 1717 1716 1719 1720 1760 1682 1808 1807 1761
s1 1719 1718 1717 1720 1721 1761 1683 1809 1808 1762
s2 1720 1719 1718 1721 1722 1762 1684 1810 1809 1763
s3 1721 1720 1719 1722 1723 1763 1685 1811 1810 1764
s4 1722 1721 1720 1723 1724 1764 1686 1812 1811 1765
s5 1723 1722 1721 1724 1765 1765 1687 1813 1812 1813
s6 1724 1723 1722 1765 1813 1813 1688 1814 1813 1814
s7 1765 1724 1723 1813 1814 1814 1688 1868 1814 1868
s8 1813 1765 1724 1814 1868 1868 1688 1927 1868 1927
s9 1814 1765 1724 1868 1927 1927 1688 1928 1927 1928
s10 1814 1765 1724 1868 1928 1928 1688 1929 1928 1929
s11 1814 1765 1724 1868 1929 1929 1688 1930 1928 1930
s12 1814 1765 1724 1868 1930 1929 1688 1869 1928 1869
s13 1814 1765 1724 1868 1869 1929 1688 1870 1928 1870
s14 1814 1765 1724 1868 1869 1929 1688 1871 1928 1870
s15 1814 1765 1724 1868 1870 1929 1688 1871 1928 1869
s16 1814 1765 1724 1868 1871 1929 1688 1870 1928 1869
s17 1868 1765 1724 1814 1871 1929 1688 1870 1928 1869
s18 1868 1724 1765 1814 1871 1929 1688 1870 1928 1869
s19 1814 1724 1765 1868 1871 1929 1688 1870 1928 1869
s20 1814 1724 1765 1868 1870 1929 1688 1871 1928 1869
s21 1868 1724 1765 1814 1870 1929 1688 1871 1928 1869
s22 1868 1765 1724 1814 1870 1929 1688 1871 1928 1869
s23 1868 1765 1724 1814 1870 1928 1688 1871 1929 1869
s24 1868 1765 1724 1814 1871 1928 1688 1870 1929 1869
s25 1868 1724 1765 1814 1871 1928 1688 1870 1929 1869
s26 1814 1724 1765 1868 1871 1928 1688 1870 1929 1869
s27 1814 1765 1724 1868 1871 1928 1688 1870 1929 1869
s28 1814 1765 1724 1868 1870 1928 1688 1871 1929 1869
s29 1814 1724 1765 1868 1870 1928 1688 1871 1929 1869
s30 1868 1724 1765 1814 1870 1928 1688 1871 1929 1869
s31 1868 1724 1765 1814 1869 1928 1688 1871 1929 1870
s32 1868 1724 1765 1814 1869 1929 1688 1871 1928 1870
s33 1868 1765 1724 1814 1869 1929 1688 1871 1928 1870
s34 1868 1765 1724 1814 1869 1928 1688 1871 1929 1870
s35 1814 1765 1724 1868 1869 1928 1688 1871 1929 1870
s36 1814 1724 1765 1868 1869 1928 1688 1871 1929 1870
s37 1814 1724 1765 1868 1869 1929 1688 1871 1928 1870
s38 1814 1724 1765 1868 1869 1929 1688 1870 1928 1871
s39 1814 1724 1765 1868 1870 1929 1688 1869 1928 1871
s40 1814 1724 1765 1868 1871 1929 1688 1869 1928 1870
s41 1814 1765 1724 1868 1871 1929 1688 1869 1928 1870
s42 1868 1765 1724 1814 1871 1929 1688 1869 1928 1870
s43 1868 1724 1765 1814 1871 1929 1688 1869 1928 1870
s44 1868 1724 1765 1814 1871 1928 1688 1869 1929 1870
s45 1868 1765 1724 1814 1871 1928 1688 1869 1929 1870
s46 1814 1765 1724 1868 1871 1928 1688 1869 1929 1870
s47 1814 1724 1765 1868 1871 1928 1688 1869 1929 1870
s48 1814 1724 1765 1868 1870 1928 1688 1869 1929 1871
s49 1814 1765 1724 1868 1870 1928 1688 1869 1929 1871
s50 1814 1765 1724 1868 1870 1929 1688 1869 1928 1871
s51 1868 1765 1724 1814 1870 1929 1688 1869 1928 1871
s52 1868 1724 1765 1814 1870 1929 1688 1869 1928 1871
s53 1868 1724 1765 1814 1869 1929 1688 1870 1928 1871
s54 1868 1765 1724 1814 1869 1929 1688 1870 1928 1871
s55 1814 1765 1724 1868 1869 1929 1688 1870 1928 1871
s56 1814 1765 1724 1868 1869 1928 1688 1870 1929 1871
s57 1868 1765 1724 1814 1869 1928 1688 1870 1929 1871
s58 1868 1765 1724 1814 1870 1928 1688 1869 1929 1871
s59 1868 1724 1765 1814 1870 1928 1688 1869 1929 1871
s60 1868 1724 1765 1814 1869 1928 1688 1870 1929 1871
s61 1814 1724 1765 1868 1869 1928 1688 1870 1929 1871
s62 1813 1724 1765 1868 1869 1928 1688 1870 1929 1871
s63 1813 1724 1765 1868 1869 1928 1688 1871 1929 1870
s64 1813 1724 1765 1868 1869 1929 1688 1871 1928 1870
s65 1813 1724 1765 1868 1870 1929 1688 1871 1928 1869
t 60.001956375999725 s