s0 532 533 490 447 489 530 531 529 448 405
s1 490 581 448 405 447 488 532 487 406 363
s2 448 581 406 363 405 489 532 488 364 307
s3 406 581 364 307 363 447 532 489 308 308
s4 406 582 308 308 364 448 533 490 309 309
s5 406 582 309 309 364 448 533 490 310 310
s6 406 582 310 309 364 448 533 490 311 311
s7 406 582 310 309 364 448 533 490 312 311
s8 364 582 310 309 406 448 533 490 312 311
s9 364 582 311 309 406 448 533 490 312 310
s10 364 582 311 310 406 448 533 490 312 309
s11 364 582 312 310 406 448 533 490 311 309
s12 364 582 312 311 406 448 533 490 310 309
s13 364 582 311 312 406 448 533 490 310 309
s14 406 582 311 312 364 448 533 490 310 309
s15 406 582 312 311 364 448 533 490 310 309
s16 448 582 312 311 364 406 533 490 310 309
s17 448 582 311 312 364 406 533 490 310 309
s18 448 582 311 312 406 364 533 490 310 309
s19 406 582 311 312 448 364 533 490 310 309
s20 364 582 311 312 448 406 533 490 310 309
s21 364 582 312 311 448 406 533 490 310 309
s22 406 582 312 311 448 364 533 490 310 309
s23 448 582 312 311 406 364 533 490 310 309
s24 490 582 312 311 406 364 533 448 310 309
s25 490 582 312 311 364 406 533 448 310 309
s26 490 582 311 312 364 406 533 448 310 309
s27 490 582 311 312 406 364 533 448 310 309
s28 490 582 311 312 448 364 533 406 310 309
s29 448 582 311 312 490 364 533 406 310 309
s30 406 582 311 312 490 364 533 448 310 309
s31 364 582 311 312 490 406 533 448 310 309
s32 364 582 312 311 490 406 533 448 310 309
s33 406 582 312 311 490 364 533 448 310 309
s34 448 582 312 311 490 364 533 406 310 309
s35 490 582 312 311 448 364 533 406 310 309
s36 490 582 312 311 448 406 533 364 310 309
s37 448 582 312 311 490 406 533 364 310 309
t 60.00260274199991 s