s0 638 639 689 641 640 690 738 691 589 736
s1 639 640 690 642 641 691 739 692 590 737
s2 640 641 691 643 642 692 740 693 591 738
s3 641 642 692 644 643 693 741 741 592 739
s4 642 643 693 693 644 741 742 742 593 740
s5 643 644 741 741 693 742 743 743 594 741
s6 644 693 742 742 741 743 793 793 644 742
s7 693 741 743 743 742 793 794 794 693 743
s8 741 742 793 793 743 794 795 795 741 793
s9 742 743 794 794 793 795 796 796 742 794
s10 743 793 795 795 794 796 797 797 743 795
s11 793 794 796 796 795 797 798 798 793 796
s12 794 795 797 797 796 798 799 799 794 797
s13 795 796 798 798 797 799 853 853 795 798
s14 796 797 799 799 798 853 903 903 796 799
s15 797 798 853 853 799 903 950 950 797 853
s16 798 799 903 903 853 950 997 997 798 903
s17 799 853 950 950 903 997 1043 1043 799 950
s18 853 903 997 997 950 1043 1077 1077 853 997
s19 903 950 1043 1043 997 1077 1078 1078 903 1043
s20 950 997 1077 1077 1043 1078 1079 1079 950 1077
s21 997 1043 1078 1078 1077 1079 1080 1080 997 1078
s22 1043 1077 1079 1079 1078 1080 1081 1081 1043 1079
s23 1077 1078 1080 1080 1079 1081 1082 1082 1077 1080
s24 1078 1079 1081 1081 1080 1082 1083 1083 1078 1081
s25 1079 1080 1082 1082 1081 1083 1084 1084 1079 1082
s26 1080 1081 1083 1083 1082 1084 1085 1085 1080 1083
s27 1081 1082 1084 1084 1083 1085 1044 1086 1081 1084
s28 1082 1083 1085 1085 1084 1086 1045 1087 1082 1085
s29 1083 1084 1086 1044 1085 1087 1000 1120 1083 1086
s30 1084 1085 1087 999 1044 1120 953 1121 1084 1119
s31 1085 1044 1120 952 999 1121 905 1122 1085 1119
s32 1086 999 1121 953 952 1122 906 1123 1044 1120
s33 1087 1000 1122 905 953 1123 856 1124 1045 1121
s34 1087 1000 1122 906 953 1123 857 1124 1045 1121
s35 1087 953 1122 906 1000 1123 857 1124 1045 1121
s36 1087 953 1122 906 1000 1124 857 1123 1045 1121
s37 1087 953 1123 906 1000 1124 857 1122 1045 1121
s38 1087 953 1124 906 1000 1123 857 1122 1045 1121
s39 1087 1000 1124 906 953 1123 857 1122 1045 1121
s40 1087 1000 1123 906 953 1124 857 1122 1045 1121
s41 1087 1000 1122 906 953 1124 857 1123 1045 1121
s42 1087 1045 1122 906 953 1124 857 1123 1000 1121
s43 1087 1045 1123 906 953 1124 857 1122 1000 1121
s44 1087 1045 1124 906 953 1123 857 1122 1000 1121
s45 1087 1045 1124 906 953 1122 857 1123 1000 1121
s46 1087 1000 1124 906 953 1122 857 1123 1045 1121
s47 1087 953 1124 906 1000 1122 857 1123 1045 1121
s48 1087 953 1123 906 1000 1122 857 1124 1045 1121
s49 1087 1000 1123 906 953 1122 857 1124 1045 1121
s50 1087 1045 1123 906 953 1122 857 1124 1000 1121
s51 1087 1045 1122 906 953 1123 857 1124 1000 1121
s52 1087 1045 1122 906 1000 1123 857 1124 953 1121
s53 1087 1000 1122 906 1045 1123 857 1124 953 1121
s54 1087 953 1122 906 1045 1123 857 1124 1000 1121
s55 1087 953 1122 906 1045 1124 857 1123 1000 1121
s56 1087 953 1123 906 1045 1124 857 1122 1000 1121
s57 1087 953 1124 906 1045 1123 857 1122 1000 1121
s58 1087 953 1124 906 1045 1122 857 1123 1000 1121
s59 1087 953 1123 906 1045 1122 857 1124 1000 1121
s60 1087 1000 1123 906 1045 1122 857 1124 953 1121
s61 1087 1000 1124 906 1045 1122 857 1123 953 1121
s62 1087 1000 1124 906 1045 1123 857 1122 953 1121
s63 1087 1045 1124 906 1000 1123 857 1122 953 1121
s64 1087 1045 1123 906 1000 1124 857 1122 953 1121
s65 1087 1000 1123 906 1045 1124 857 1122 953 1121
s66 1087 1000 1122 906 1045 1124 857 1123 953 1121
s67 1087 1045 1122 906 1000 1124 857 1123 953 1121
s68 1087 1045 1121 906 1000 1124 857 1123 953 1122
s69 1087 1000 1121 906 1045 1124 857 1123 953 1122
s70 1087 953 1121 906 1045 1124 857 1123 1000 1122
s71 1087 953 1121 906 1000 1124 857 1123 1045 1122
s72 1087 1000 1121 906 953 1124 857 1123 1045 1122
s73 1087 1000 1121 906 953 1123 857 1124 1045 1122
s74 1087 953 1121 906 1000 1123 857 1124 1045 1122
s75 1087 953 1121 906 1045 1123 857 1124 1000 1122
s76 1087 1000 1121 906 1045 1123 857 1124 953 1122
s77 1087 1045 1121 906 1000 1123 857 1124 953 1122
s78 1087 1045 1121 906 953 1123 857 1124 1000 1122
s79 1087 1045 1121 906 953 1124 857 1123 1000 1122
s80 1087 1045 1121 906 953 1124 857 1122 1000 1123
s81 1087 1000 1121 906 953 1124 857 1122 1045 1123
s82 1087 953 1121 906 1000 1124 857 1122 1045 1123
s83 1087 953 1122 906 1000 1124 857 1121 1045 1123
t 60.00701782499982 s