s0 744 695 694 645 799 797 746 800 696 597
s1 694 646 645 596 798 797 745 746 647 548
s2 645 597 596 547 744 797 695 696 598 506
s3 596 548 547 505 744 797 646 695 549 464
s4 596 506 505 463 744 797 645 694 548 422
s5 596 464 504 462 744 797 645 694 547 421
s6 596 422 503 462 744 797 645 694 546 421
s7 596 421 503 461 744 797 645 694 546 420
s8 596 420 503 460 744 797 645 694 546 419
s9 596 419 503 460 744 797 645 694 546 377
s10 596 418 503 460 744 797 645 694 546 376
s11 596 417 503 460 744 797 645 694 546 375
s12 596 417 503 460 744 797 645 694 546 374
s13 596 417 503 460 694 797 645 744 546 374
s14 596 417 503 460 645 797 694 744 546 374
s15 645 417 503 460 596 797 694 744 546 374
s16 694 417 503 460 596 797 645 744 546 374
s17 694 417 503 460 645 797 596 744 546 374
s18 645 417 503 460 694 797 596 744 546 374
s19 645 417 503 460 744 797 596 694 546 374
s20 694 417 503 460 744 797 596 645 546 374
s21 744 417 503 460 694 797 596 645 546 374
t 60.03022295700066 s