s0 2176 2114 2054 1992 2177 2175 2115 2053 2113 2052
s1 2115 2053 1993 1931 2116 2114 2054 1992 2052 1991
s2 2054 1992 1932 1870 2055 2053 1993 1931 1991 1930
s3 1993 1931 1871 1871 1994 1992 1932 1870 1930 1869
s4 1932 1870 1872 1872 1933 1931 1871 1871 1869 1870
s5 1871 1871 1873 1873 1872 1870 1872 1872 1870 1871
s6 1872 1872 1874 1874 1873 1871 1873 1873 1871 1872
s7 1873 1873 1815 1815 1874 1872 1874 1874 1872 1873
s8 1874 1874 1816 1816 1815 1873 1815 1815 1873 1874
s9 1815 1815 1817 1817 1816 1874 1816 1816 1874 1815
s10 1816 1816 1818 1818 1817 1815 1817 1817 1815 1816
s11 1817 1817 1819 1819 1818 1816 1818 1818 1816 1817
s12 1818 1818 1820 1820 1819 1817 1819 1819 1817 1818
s13 1819 1819 1766 1766 1820 1818 1820 1820 1818 1819
s14 1820 1820 1725 1767 1766 1819 1766 1766 1819 1820
s15 1766 1766 1689 1768 1725 1820 1725 1725 1820 1821
s16 1725 1725 1654 1768 1689 1766 1689 1689 1766 1767
s17 1689 1689 1653 1768 1654 1725 1654 1654 1725 1767
s18 1654 1654 1617 1768 1653 1689 1653 1653 1725 1767
s19 1653 1653 1579 1768 1617 1689 1617 1617 1725 1767
s20 1617 1653 1535 1768 1579 1689 1579 1579 1725 1767
s21 1617 1653 1486 1768 1535 1689 1535 1579 1725 1767
s22 1617 1653 1487 1768 1486 1689 1536 1579 1725 1767
s23 1617 1653 1488 1768 1487 1689 1536 1579 1725 1767
s24 1617 1653 1489 1768 1488 1689 1536 1579 1725 1767
s25 1617 1653 1436 1768 1488 1689 1536 1579 1725 1767
s26 1579 1653 1436 1768 1488 1689 1536 1617 1725 1767
s27 1579 1617 1436 1768 1488 1689 1536 1653 1725 1767
s28 1617 1579 1436 1768 1488 1689 1536 1653 1725 1767
s29 1653 1579 1436 1768 1488 1689 1536 1617 1725 1767
s30 1653 1617 1436 1768 1488 1689 1536 1579 1725 1767
s31 1653 1617 1436 1768 1488 1725 1536 1579 1689 1767
s32 1617 1653 1436 1768 1488 1725 1536 1579 1689 1767
s33 1579 1653 1436 1768 1488 1725 1536 1617 1689 1767
s34 1579 1617 1436 1768 1488 1725 1536 1653 1689 1767
s35 1617 1579 1436 1768 1488 1725 1536 1653 1689 1767
s36 1653 1579 1436 1768 1488 1725 1536 1617 1689 1767
s37 1653 1579 1436 1767 1488 1725 1536 1617 1689 1768
s38 1617 1579 1436 1767 1488 1725 1536 1653 1689 1768
s39 1579 1617 1436 1767 1488 1725 1536 1653 1689 1768
s40 1579 1617 1436 1767 1488 1689 1536 1653 1725 1768
s41 1617 1579 1436 1767 1488 1689 1536 1653 1725 1768
s42 1653 1579 1436 1767 1488 1689 1536 1617 1725 1768
s43 1653 1617 1436 1767 1488 1689 1536 1579 1725 1768
s44 1617 1653 1436 1767 1488 1689 1536 1579 1725 1768
s45 1579 1653 1436 1767 1488 1689 1536 1617 1725 1768
s46 1579 1653 1436 1767 1488 1725 1536 1617 1689 1768
s47 1617 1653 1436 1767 1488 1725 1536 1579 1689 1768
s48 1653 1617 1436 1767 1488 1725 1536 1579 1689 1768
s49 1653 1617 1436 1767 1488 1725 1536 1579 1689 1767
s50 1617 1653 1436 1767 1488 1725 1536 1579 1689 1767
s51 1579 1653 1436 1767 1488 1725 1536 1617 1689 1767
s52 1579 1617 1436 1767 1488 1725 1536 1653 1689 1767
s53 1579 1617 1436 1767 1488 1689 1536 1653 1725 1767
s54 1579 1617 1436 1768 1488 1689 1536 1654 1725 1767
s55 1579 1617 1436 1768 1488 1654 1536 1689 1725 1767
s56 1579 1617 1436 1768 1488 1653 1536 1689 1725 1767
s57 1617 1579 1436 1768 1488 1653 1536 1689 1725 1767
s58 1653 1579 1436 1768 1488 1617 1536 1689 1725 1767
t 60.002874423999856 s