s0 867 915 816 868 916 762 914 763 817 764
s1 817 914 815 867 915 761 913 762 816 763
s2 816 913 814 866 914 760 912 761 815 762
s3 815 912 813 865 913 759 911 760 814 761
s4 814 911 812 864 912 758 910 759 813 760
s5 813 910 811 863 911 757 909 758 812 759
s6 812 909 810 862 910 756 908 757 811 758
s7 811 908 809 861 909 755 907 756 810 757
s8 810 907 808 860 908 754 954 755 809 756
s9 809 954 807 859 907 753 1001 754 808 755
s10 808 954 806 859 907 752 1001 753 807 754
s11 807 954 805 859 907 751 1001 752 806 808
s12 807 954 804 859 907 750 1001 806 805 808
s13 807 954 803 859 907 804 1001 806 805 808
s14 807 954 857 859 907 804 1001 806 805 808
s15 806 954 857 859 907 804 1001 807 805 808
s16 805 954 857 859 907 804 1001 807 806 808
s17 804 954 857 859 907 805 1001 807 806 808
s18 804 954 857 859 907 805 1001 806 807 808
s19 804 1001 857 859 907 805 954 806 807 808
s20 804 1001 857 859 954 805 907 806 807 808
s21 804 954 857 859 1001 805 907 806 807 808
s22 805 954 857 859 1001 804 907 806 807 808
s23 805 1001 857 859 954 804 907 806 807 808
s24 805 1001 857 859 907 804 954 806 807 808
s25 805 954 857 859 907 804 1001 806 807 808
s26 805 907 857 859 954 804 1001 806 807 808
s27 804 907 857 859 954 805 1001 806 807 808
s28 804 907 857 859 1001 805 954 806 807 808
s29 805 907 857 859 1001 804 954 806 807 808
s30 806 907 857 859 1001 804 954 805 807 808
s31 806 954 857 859 1001 804 907 805 807 808
s32 806 1001 857 859 954 804 907 805 807 808
s33 806 1001 857 859 907 804 954 805 807 808
s34 806 954 857 859 907 804 1001 805 807 808
s35 806 907 857 859 954 804 1001 805 807 808
s36 806 907 857 859 954 805 1001 804 807 808
s37 805 907 857 859 954 806 1001 804 807 808
s38 804 907 857 859 954 806 1001 805 807 808
s39 804 907 857 859 1001 806 954 805 807 808
s40 804 954 857 859 1001 806 907 805 807 808
s41 804 1001 857 859 954 806 907 805 807 808
t 60.010714391000874 s